Analysis & Synthesis report for DE1_SoC
Mon Nov 27 12:22:15 2017
Quartus Prime Version 17.0.0 Build 595 04/25/2017 SJ Standard Edition


---------------------
; Table of Contents ;
---------------------
  1. Legal Notice
  2. Analysis & Synthesis Summary
  3. Analysis & Synthesis Settings
  4. Parallel Compilation
  5. Analysis & Synthesis Source Files Read
  6. Analysis & Synthesis Resource Usage Summary
  7. Analysis & Synthesis Resource Utilization by Entity
  8. Analysis & Synthesis IP Cores Summary
  9. General Register Statistics
 10. Multiplexer Restructuring Statistics (Restructuring Performed)
 11. Parameter Settings for User Entity Instance: clk_33:main_clk_33|clk_33_0002:clk_33_inst|altera_pll:altera_pll_i
 12. Post-Synthesis Netlist Statistics for Top Partition
 13. Elapsed Time Per Partition
 14. Analysis & Synthesis Messages



----------------
; Legal Notice ;
----------------
Copyright (C) 2017  Intel Corporation. All rights reserved.
Your use of Intel Corporation's design tools, logic functions 
and other software and tools, and its AMPP partner logic 
functions, and any output files from any of the foregoing 
(including device programming or simulation files), and any 
associated documentation or information are expressly subject 
to the terms and conditions of the Intel Program License 
Subscription Agreement, the Intel Quartus Prime License Agreement,
the Intel MegaCore Function License Agreement, or other 
applicable license agreement, including, without limitation, 
that your use is for the sole purpose of programming logic 
devices manufactured by Intel and sold by Intel or its 
authorized distributors.  Please refer to the applicable 
agreement for further details.



+-----------------------------------------------------------------------------------+
; Analysis & Synthesis Summary                                                      ;
+---------------------------------+-------------------------------------------------+
; Analysis & Synthesis Status     ; Successful - Mon Nov 27 12:22:14 2017           ;
; Quartus Prime Version           ; 17.0.0 Build 595 04/25/2017 SJ Standard Edition ;
; Revision Name                   ; DE1_SoC                                         ;
; Top-level Entity Name           ; DE1_SoC                                         ;
; Family                          ; Cyclone V                                       ;
; Logic utilization (in ALMs)     ; N/A                                             ;
; Total registers                 ; 26                                              ;
; Total pins                      ; 241                                             ;
; Total virtual pins              ; 0                                               ;
; Total block memory bits         ; 0                                               ;
; Total DSP Blocks                ; 0                                               ;
; Total HSSI RX PCSs              ; 0                                               ;
; Total HSSI PMA RX Deserializers ; 0                                               ;
; Total HSSI TX PCSs              ; 0                                               ;
; Total HSSI PMA TX Serializers   ; 0                                               ;
; Total PLLs                      ; 1                                               ;
; Total DLLs                      ; 0                                               ;
+---------------------------------+-------------------------------------------------+


+---------------------------------------------------------------------------------------------------------------------------+
; Analysis & Synthesis Settings                                                                                             ;
+---------------------------------------------------------------------------------+--------------------+--------------------+
; Option                                                                          ; Setting            ; Default Value      ;
+---------------------------------------------------------------------------------+--------------------+--------------------+
; Device                                                                          ; 5CSEMA5F31C6       ;                    ;
; Top-level entity name                                                           ; DE1_SoC            ; DE1_SoC            ;
; Family name                                                                     ; Cyclone V          ; Cyclone V          ;
; Use smart compilation                                                           ; Off                ; Off                ;
; Enable parallel Assembler and TimeQuest Timing Analyzer during compilation      ; On                 ; On                 ;
; Enable compact report table                                                     ; Off                ; Off                ;
; Restructure Multiplexers                                                        ; Auto               ; Auto               ;
; MLAB Add Timing Constraints For Mixed-Port Feed-Through Mode Setting Don't Care ; Off                ; Off                ;
; Create Debugging Nodes for IP Cores                                             ; Off                ; Off                ;
; Preserve fewer node names                                                       ; On                 ; On                 ;
; OpenCore Plus hardware evaluation                                               ; Enable             ; Enable             ;
; Verilog Version                                                                 ; Verilog_2001       ; Verilog_2001       ;
; VHDL Version                                                                    ; VHDL_1993          ; VHDL_1993          ;
; State Machine Processing                                                        ; Auto               ; Auto               ;
; Safe State Machine                                                              ; Off                ; Off                ;
; Extract Verilog State Machines                                                  ; On                 ; On                 ;
; Extract VHDL State Machines                                                     ; On                 ; On                 ;
; Ignore Verilog initial constructs                                               ; Off                ; Off                ;
; Iteration limit for constant Verilog loops                                      ; 5000               ; 5000               ;
; Iteration limit for non-constant Verilog loops                                  ; 250                ; 250                ;
; Add Pass-Through Logic to Inferred RAMs                                         ; On                 ; On                 ;
; Infer RAMs from Raw Logic                                                       ; On                 ; On                 ;
; Parallel Synthesis                                                              ; On                 ; On                 ;
; DSP Block Balancing                                                             ; Auto               ; Auto               ;
; NOT Gate Push-Back                                                              ; On                 ; On                 ;
; Power-Up Don't Care                                                             ; On                 ; On                 ;
; Remove Redundant Logic Cells                                                    ; Off                ; Off                ;
; Remove Duplicate Registers                                                      ; On                 ; On                 ;
; Ignore CARRY Buffers                                                            ; Off                ; Off                ;
; Ignore CASCADE Buffers                                                          ; Off                ; Off                ;
; Ignore GLOBAL Buffers                                                           ; Off                ; Off                ;
; Ignore ROW GLOBAL Buffers                                                       ; Off                ; Off                ;
; Ignore LCELL Buffers                                                            ; Off                ; Off                ;
; Ignore SOFT Buffers                                                             ; On                 ; On                 ;
; Limit AHDL Integers to 32 Bits                                                  ; Off                ; Off                ;
; Optimization Technique                                                          ; Balanced           ; Balanced           ;
; Carry Chain Length                                                              ; 70                 ; 70                 ;
; Auto Carry Chains                                                               ; On                 ; On                 ;
; Auto Open-Drain Pins                                                            ; On                 ; On                 ;
; Perform WYSIWYG Primitive Resynthesis                                           ; Off                ; Off                ;
; Auto ROM Replacement                                                            ; On                 ; On                 ;
; Auto RAM Replacement                                                            ; On                 ; On                 ;
; Auto DSP Block Replacement                                                      ; On                 ; On                 ;
; Auto Shift Register Replacement                                                 ; Auto               ; Auto               ;
; Allow Shift Register Merging across Hierarchies                                 ; Auto               ; Auto               ;
; Auto Clock Enable Replacement                                                   ; On                 ; On                 ;
; Strict RAM Replacement                                                          ; Off                ; Off                ;
; Allow Synchronous Control Signals                                               ; On                 ; On                 ;
; Force Use of Synchronous Clear Signals                                          ; Off                ; Off                ;
; Auto Resource Sharing                                                           ; Off                ; Off                ;
; Allow Any RAM Size For Recognition                                              ; Off                ; Off                ;
; Allow Any ROM Size For Recognition                                              ; Off                ; Off                ;
; Allow Any Shift Register Size For Recognition                                   ; Off                ; Off                ;
; Use LogicLock Constraints during Resource Balancing                             ; On                 ; On                 ;
; Ignore translate_off and synthesis_off directives                               ; Off                ; Off                ;
; Timing-Driven Synthesis                                                         ; On                 ; On                 ;
; Report Parameter Settings                                                       ; On                 ; On                 ;
; Report Source Assignments                                                       ; On                 ; On                 ;
; Report Connectivity Checks                                                      ; On                 ; On                 ;
; Ignore Maximum Fan-Out Assignments                                              ; Off                ; Off                ;
; Synchronization Register Chain Length                                           ; 3                  ; 3                  ;
; PowerPlay Power Optimization During Synthesis                                   ; Normal compilation ; Normal compilation ;
; HDL message level                                                               ; Level2             ; Level2             ;
; Suppress Register Optimization Related Messages                                 ; Off                ; Off                ;
; Number of Removed Registers Reported in Synthesis Report                        ; 5000               ; 5000               ;
; Number of Swept Nodes Reported in Synthesis Report                              ; 5000               ; 5000               ;
; Number of Inverted Registers Reported in Synthesis Report                       ; 100                ; 100                ;
; Clock MUX Protection                                                            ; On                 ; On                 ;
; Auto Gated Clock Conversion                                                     ; Off                ; Off                ;
; Block Design Naming                                                             ; Auto               ; Auto               ;
; SDC constraint protection                                                       ; Off                ; Off                ;
; Synthesis Effort                                                                ; Auto               ; Auto               ;
; Shift Register Replacement - Allow Asynchronous Clear Signal                    ; On                 ; On                 ;
; Pre-Mapping Resynthesis Optimization                                            ; Off                ; Off                ;
; Analysis & Synthesis Message Level                                              ; Medium             ; Medium             ;
; Disable Register Merging Across Hierarchies                                     ; Auto               ; Auto               ;
; Resource Aware Inference For Block RAM                                          ; On                 ; On                 ;
; Automatic Parallel Synthesis                                                    ; On                 ; On                 ;
; Partial Reconfiguration Bitstream ID                                            ; Off                ; Off                ;
+---------------------------------------------------------------------------------+--------------------+--------------------+


+------------------------------------------+
; Parallel Compilation                     ;
+----------------------------+-------------+
; Processors                 ; Number      ;
+----------------------------+-------------+
; Number detected on machine ; 8           ;
; Maximum allowed            ; 4           ;
;                            ;             ;
; Average used               ; 1.00        ;
; Maximum used               ; 4           ;
;                            ;             ;
; Usage by Processor         ; % Time Used ;
;     Processor 1            ; 100.0%      ;
;     Processor 2            ;   0.0%      ;
;     Processors 3-4         ;   0.0%      ;
+----------------------------+-------------+


+------------------------------------------------------------------------------------------------------------------------------------------------------------------------------------+
; Analysis & Synthesis Source Files Read                                                                                                                                             ;
+----------------------------------+-----------------+------------------------------------+--------------------------------------------------------------------------------+---------+
; File Name with User-Entered Path ; Used in Netlist ; File Type                          ; File Name with Absolute Path                                                   ; Library ;
+----------------------------------+-----------------+------------------------------------+--------------------------------------------------------------------------------+---------+
; DE1_SoC.sv                       ; yes             ; User SystemVerilog HDL File        ; /cal/homes/cdecoodt/SpiROSE/FPGA/quartus-de1soc/DE1_SoC.sv                     ;         ;
; clk_33.v                         ; yes             ; User Wizard-Generated File         ; /cal/homes/cdecoodt/SpiROSE/FPGA/quartus-de1soc/clk_33.v                       ; clk_33  ;
; clk_33/clk_33_0002.v             ; yes             ; User Verilog HDL File              ; /cal/homes/cdecoodt/SpiROSE/FPGA/quartus-de1soc/clk_33/clk_33_0002.v           ; clk_33  ;
; drivers_conf.sv                  ; yes             ; Auto-Found SystemVerilog HDL File  ; /cal/homes/cdecoodt/SpiROSE/FPGA/src/drivers_conf.sv                           ;         ;
; altera_pll.v                     ; yes             ; Megafunction                       ; /comelec/softs/opt/altera/current/quartus/libraries/megafunctions/altera_pll.v ;         ;
+----------------------------------+-----------------+------------------------------------+--------------------------------------------------------------------------------+---------+


+---------------------------------------------------------------------------------------------------------------------------------+
; Analysis & Synthesis Resource Usage Summary                                                                                     ;
+---------------------------------------------+-----------------------------------------------------------------------------------+
; Resource                                    ; Usage                                                                             ;
+---------------------------------------------+-----------------------------------------------------------------------------------+
; Estimate of Logic utilization (ALMs needed) ; 18                                                                                ;
;                                             ;                                                                                   ;
; Combinational ALUT usage for logic          ; 32                                                                                ;
;     -- 7 input functions                    ; 0                                                                                 ;
;     -- 6 input functions                    ; 4                                                                                 ;
;     -- 5 input functions                    ; 1                                                                                 ;
;     -- 4 input functions                    ; 1                                                                                 ;
;     -- <=3 input functions                  ; 26                                                                                ;
;                                             ;                                                                                   ;
; Dedicated logic registers                   ; 26                                                                                ;
;                                             ;                                                                                   ;
; I/O pins                                    ; 241                                                                               ;
;                                             ;                                                                                   ;
; Total DSP Blocks                            ; 0                                                                                 ;
;                                             ;                                                                                   ;
; Total PLLs                                  ; 1                                                                                 ;
;     -- PLLs                                 ; 1                                                                                 ;
;                                             ;                                                                                   ;
; Maximum fan-out node                        ; clk_33:main_clk_33|clk_33_0002:clk_33_inst|altera_pll:altera_pll_i|outclk_wire[0] ;
; Maximum fan-out                             ; 29                                                                                ;
; Total fan-out                               ; 504                                                                               ;
; Average fan-out                             ; 0.79                                                                              ;
+---------------------------------------------+-----------------------------------------------------------------------------------+


+--------------------------------------------------------------------------------------------------------------------------------------------------------------------------------------------------------------------------------------------------------+
; Analysis & Synthesis Resource Utilization by Entity                                                                                                                                                                                                    ;
+------------------------------------+---------------------+---------------------------+-------------------+------------+------+--------------+-----------------------------------------------------------------------------+-------------+--------------+
; Compilation Hierarchy Node         ; Combinational ALUTs ; Dedicated Logic Registers ; Block Memory Bits ; DSP Blocks ; Pins ; Virtual Pins ; Full Hierarchy Name                                                         ; Entity Name ; Library Name ;
+------------------------------------+---------------------+---------------------------+-------------------+------------+------+--------------+-----------------------------------------------------------------------------+-------------+--------------+
; |DE1_SoC                           ; 32 (32)             ; 26 (26)                   ; 0                 ; 0          ; 241  ; 0            ; |DE1_SoC                                                                    ; DE1_SoC     ; work         ;
;    |clk_33:main_clk_33|            ; 0 (0)               ; 0 (0)                     ; 0                 ; 0          ; 0    ; 0            ; |DE1_SoC|clk_33:main_clk_33                                                 ; clk_33      ; clk_33       ;
;       |clk_33_0002:clk_33_inst|    ; 0 (0)               ; 0 (0)                     ; 0                 ; 0          ; 0    ; 0            ; |DE1_SoC|clk_33:main_clk_33|clk_33_0002:clk_33_inst                         ; clk_33_0002 ; clk_33       ;
;          |altera_pll:altera_pll_i| ; 0 (0)               ; 0 (0)                     ; 0                 ; 0          ; 0    ; 0            ; |DE1_SoC|clk_33:main_clk_33|clk_33_0002:clk_33_inst|altera_pll:altera_pll_i ; altera_pll  ; work         ;
+------------------------------------+---------------------+---------------------------+-------------------+------------+------+--------------+-----------------------------------------------------------------------------+-------------+--------------+
Note: For table entries with two numbers listed, the numbers in parentheses indicate the number of resources of the given type used by the specific entity alone. The numbers listed outside of parentheses indicate the total resources of the given type used by the specific entity and all of its sub-entities in the hierarchy.


+---------------------------------------------------------------------------------------------------------------+
; Analysis & Synthesis IP Cores Summary                                                                         ;
+--------+--------------+---------+--------------+--------------+-----------------------------+-----------------+
; Vendor ; IP Core Name ; Version ; Release Date ; License Type ; Entity Instance             ; IP Include File ;
+--------+--------------+---------+--------------+--------------+-----------------------------+-----------------+
; Altera ; altera_pll   ; 17.0    ; N/A          ; N/A          ; |DE1_SoC|clk_33:main_clk_33 ; clk_33.v        ;
+--------+--------------+---------+--------------+--------------+-----------------------------+-----------------+


+------------------------------------------------------+
; General Register Statistics                          ;
+----------------------------------------------+-------+
; Statistic                                    ; Value ;
+----------------------------------------------+-------+
; Total registers                              ; 26    ;
; Number of registers using Synchronous Clear  ; 25    ;
; Number of registers using Synchronous Load   ; 0     ;
; Number of registers using Asynchronous Clear ; 0     ;
; Number of registers using Asynchronous Load  ; 0     ;
; Number of registers using Clock Enable       ; 0     ;
; Number of registers using Preset             ; 0     ;
+----------------------------------------------+-------+


+----------------------------------------------------------------------------------------------------------------------------------------------+
; Multiplexer Restructuring Statistics (Restructuring Performed)                                                                               ;
+--------------------+-----------+---------------+----------------------+------------------------+------------+--------------------------------+
; Multiplexer Inputs ; Bus Width ; Baseline Area ; Area if Restructured ; Saving if Restructured ; Registered ; Example Multiplexer Output     ;
+--------------------+-----------+---------------+----------------------+------------------------+------------+--------------------------------+
; 3:1                ; 25 bits   ; 50 LEs        ; 0 LEs                ; 50 LEs                 ; Yes        ; |DE1_SoC|heartbeat_counter[12] ;
+--------------------+-----------+---------------+----------------------+------------------------+------------+--------------------------------+


+-----------------------------------------------------------------------------------------------------------------+
; Parameter Settings for User Entity Instance: clk_33:main_clk_33|clk_33_0002:clk_33_inst|altera_pll:altera_pll_i ;
+--------------------------------------+------------------------+-------------------------------------------------+
; Parameter Name                       ; Value                  ; Type                                            ;
+--------------------------------------+------------------------+-------------------------------------------------+
; reference_clock_frequency            ; 50.0 MHz               ; String                                          ;
; fractional_vco_multiplier            ; false                  ; String                                          ;
; pll_type                             ; General                ; String                                          ;
; pll_subtype                          ; General                ; String                                          ;
; number_of_clocks                     ; 1                      ; Signed Integer                                  ;
; operation_mode                       ; direct                 ; String                                          ;
; deserialization_factor               ; 4                      ; Signed Integer                                  ;
; data_rate                            ; 0                      ; Signed Integer                                  ;
; sim_additional_refclk_cycles_to_lock ; 0                      ; Signed Integer                                  ;
; output_clock_frequency0              ; 33.000000 MHz          ; String                                          ;
; phase_shift0                         ; 0 ps                   ; String                                          ;
; duty_cycle0                          ; 50                     ; Signed Integer                                  ;
; output_clock_frequency1              ; 0 MHz                  ; String                                          ;
; phase_shift1                         ; 0 ps                   ; String                                          ;
; duty_cycle1                          ; 50                     ; Signed Integer                                  ;
; output_clock_frequency2              ; 0 MHz                  ; String                                          ;
; phase_shift2                         ; 0 ps                   ; String                                          ;
; duty_cycle2                          ; 50                     ; Signed Integer                                  ;
; output_clock_frequency3              ; 0 MHz                  ; String                                          ;
; phase_shift3                         ; 0 ps                   ; String                                          ;
; duty_cycle3                          ; 50                     ; Signed Integer                                  ;
; output_clock_frequency4              ; 0 MHz                  ; String                                          ;
; phase_shift4                         ; 0 ps                   ; String                                          ;
; duty_cycle4                          ; 50                     ; Signed Integer                                  ;
; output_clock_frequency5              ; 0 MHz                  ; String                                          ;
; phase_shift5                         ; 0 ps                   ; String                                          ;
; duty_cycle5                          ; 50                     ; Signed Integer                                  ;
; output_clock_frequency6              ; 0 MHz                  ; String                                          ;
; phase_shift6                         ; 0 ps                   ; String                                          ;
; duty_cycle6                          ; 50                     ; Signed Integer                                  ;
; output_clock_frequency7              ; 0 MHz                  ; String                                          ;
; phase_shift7                         ; 0 ps                   ; String                                          ;
; duty_cycle7                          ; 50                     ; Signed Integer                                  ;
; output_clock_frequency8              ; 0 MHz                  ; String                                          ;
; phase_shift8                         ; 0 ps                   ; String                                          ;
; duty_cycle8                          ; 50                     ; Signed Integer                                  ;
; output_clock_frequency9              ; 0 MHz                  ; String                                          ;
; phase_shift9                         ; 0 ps                   ; String                                          ;
; duty_cycle9                          ; 50                     ; Signed Integer                                  ;
; output_clock_frequency10             ; 0 MHz                  ; String                                          ;
; phase_shift10                        ; 0 ps                   ; String                                          ;
; duty_cycle10                         ; 50                     ; Signed Integer                                  ;
; output_clock_frequency11             ; 0 MHz                  ; String                                          ;
; phase_shift11                        ; 0 ps                   ; String                                          ;
; duty_cycle11                         ; 50                     ; Signed Integer                                  ;
; output_clock_frequency12             ; 0 MHz                  ; String                                          ;
; phase_shift12                        ; 0 ps                   ; String                                          ;
; duty_cycle12                         ; 50                     ; Signed Integer                                  ;
; output_clock_frequency13             ; 0 MHz                  ; String                                          ;
; phase_shift13                        ; 0 ps                   ; String                                          ;
; duty_cycle13                         ; 50                     ; Signed Integer                                  ;
; output_clock_frequency14             ; 0 MHz                  ; String                                          ;
; phase_shift14                        ; 0 ps                   ; String                                          ;
; duty_cycle14                         ; 50                     ; Signed Integer                                  ;
; output_clock_frequency15             ; 0 MHz                  ; String                                          ;
; phase_shift15                        ; 0 ps                   ; String                                          ;
; duty_cycle15                         ; 50                     ; Signed Integer                                  ;
; output_clock_frequency16             ; 0 MHz                  ; String                                          ;
; phase_shift16                        ; 0 ps                   ; String                                          ;
; duty_cycle16                         ; 50                     ; Signed Integer                                  ;
; output_clock_frequency17             ; 0 MHz                  ; String                                          ;
; phase_shift17                        ; 0 ps                   ; String                                          ;
; duty_cycle17                         ; 50                     ; Signed Integer                                  ;
; clock_name_0                         ;                        ; String                                          ;
; clock_name_1                         ;                        ; String                                          ;
; clock_name_2                         ;                        ; String                                          ;
; clock_name_3                         ;                        ; String                                          ;
; clock_name_4                         ;                        ; String                                          ;
; clock_name_5                         ;                        ; String                                          ;
; clock_name_6                         ;                        ; String                                          ;
; clock_name_7                         ;                        ; String                                          ;
; clock_name_8                         ;                        ; String                                          ;
; clock_name_global_0                  ; false                  ; String                                          ;
; clock_name_global_1                  ; false                  ; String                                          ;
; clock_name_global_2                  ; false                  ; String                                          ;
; clock_name_global_3                  ; false                  ; String                                          ;
; clock_name_global_4                  ; false                  ; String                                          ;
; clock_name_global_5                  ; false                  ; String                                          ;
; clock_name_global_6                  ; false                  ; String                                          ;
; clock_name_global_7                  ; false                  ; String                                          ;
; clock_name_global_8                  ; false                  ; String                                          ;
; m_cnt_hi_div                         ; 1                      ; Signed Integer                                  ;
; m_cnt_lo_div                         ; 1                      ; Signed Integer                                  ;
; m_cnt_bypass_en                      ; false                  ; String                                          ;
; m_cnt_odd_div_duty_en                ; false                  ; String                                          ;
; n_cnt_hi_div                         ; 1                      ; Signed Integer                                  ;
; n_cnt_lo_div                         ; 1                      ; Signed Integer                                  ;
; n_cnt_bypass_en                      ; false                  ; String                                          ;
; n_cnt_odd_div_duty_en                ; false                  ; String                                          ;
; c_cnt_hi_div0                        ; 1                      ; Signed Integer                                  ;
; c_cnt_lo_div0                        ; 1                      ; Signed Integer                                  ;
; c_cnt_bypass_en0                     ; false                  ; String                                          ;
; c_cnt_in_src0                        ; ph_mux_clk             ; String                                          ;
; c_cnt_odd_div_duty_en0               ; false                  ; String                                          ;
; c_cnt_prst0                          ; 1                      ; Signed Integer                                  ;
; c_cnt_ph_mux_prst0                   ; 0                      ; Signed Integer                                  ;
; c_cnt_hi_div1                        ; 1                      ; Signed Integer                                  ;
; c_cnt_lo_div1                        ; 1                      ; Signed Integer                                  ;
; c_cnt_bypass_en1                     ; false                  ; String                                          ;
; c_cnt_in_src1                        ; ph_mux_clk             ; String                                          ;
; c_cnt_odd_div_duty_en1               ; false                  ; String                                          ;
; c_cnt_prst1                          ; 1                      ; Signed Integer                                  ;
; c_cnt_ph_mux_prst1                   ; 0                      ; Signed Integer                                  ;
; c_cnt_hi_div2                        ; 1                      ; Signed Integer                                  ;
; c_cnt_lo_div2                        ; 1                      ; Signed Integer                                  ;
; c_cnt_bypass_en2                     ; false                  ; String                                          ;
; c_cnt_in_src2                        ; ph_mux_clk             ; String                                          ;
; c_cnt_odd_div_duty_en2               ; false                  ; String                                          ;
; c_cnt_prst2                          ; 1                      ; Signed Integer                                  ;
; c_cnt_ph_mux_prst2                   ; 0                      ; Signed Integer                                  ;
; c_cnt_hi_div3                        ; 1                      ; Signed Integer                                  ;
; c_cnt_lo_div3                        ; 1                      ; Signed Integer                                  ;
; c_cnt_bypass_en3                     ; false                  ; String                                          ;
; c_cnt_in_src3                        ; ph_mux_clk             ; String                                          ;
; c_cnt_odd_div_duty_en3               ; false                  ; String                                          ;
; c_cnt_prst3                          ; 1                      ; Signed Integer                                  ;
; c_cnt_ph_mux_prst3                   ; 0                      ; Signed Integer                                  ;
; c_cnt_hi_div4                        ; 1                      ; Signed Integer                                  ;
; c_cnt_lo_div4                        ; 1                      ; Signed Integer                                  ;
; c_cnt_bypass_en4                     ; false                  ; String                                          ;
; c_cnt_in_src4                        ; ph_mux_clk             ; String                                          ;
; c_cnt_odd_div_duty_en4               ; false                  ; String                                          ;
; c_cnt_prst4                          ; 1                      ; Signed Integer                                  ;
; c_cnt_ph_mux_prst4                   ; 0                      ; Signed Integer                                  ;
; c_cnt_hi_div5                        ; 1                      ; Signed Integer                                  ;
; c_cnt_lo_div5                        ; 1                      ; Signed Integer                                  ;
; c_cnt_bypass_en5                     ; false                  ; String                                          ;
; c_cnt_in_src5                        ; ph_mux_clk             ; String                                          ;
; c_cnt_odd_div_duty_en5               ; false                  ; String                                          ;
; c_cnt_prst5                          ; 1                      ; Signed Integer                                  ;
; c_cnt_ph_mux_prst5                   ; 0                      ; Signed Integer                                  ;
; c_cnt_hi_div6                        ; 1                      ; Signed Integer                                  ;
; c_cnt_lo_div6                        ; 1                      ; Signed Integer                                  ;
; c_cnt_bypass_en6                     ; false                  ; String                                          ;
; c_cnt_in_src6                        ; ph_mux_clk             ; String                                          ;
; c_cnt_odd_div_duty_en6               ; false                  ; String                                          ;
; c_cnt_prst6                          ; 1                      ; Signed Integer                                  ;
; c_cnt_ph_mux_prst6                   ; 0                      ; Signed Integer                                  ;
; c_cnt_hi_div7                        ; 1                      ; Signed Integer                                  ;
; c_cnt_lo_div7                        ; 1                      ; Signed Integer                                  ;
; c_cnt_bypass_en7                     ; false                  ; String                                          ;
; c_cnt_in_src7                        ; ph_mux_clk             ; String                                          ;
; c_cnt_odd_div_duty_en7               ; false                  ; String                                          ;
; c_cnt_prst7                          ; 1                      ; Signed Integer                                  ;
; c_cnt_ph_mux_prst7                   ; 0                      ; Signed Integer                                  ;
; c_cnt_hi_div8                        ; 1                      ; Signed Integer                                  ;
; c_cnt_lo_div8                        ; 1                      ; Signed Integer                                  ;
; c_cnt_bypass_en8                     ; false                  ; String                                          ;
; c_cnt_in_src8                        ; ph_mux_clk             ; String                                          ;
; c_cnt_odd_div_duty_en8               ; false                  ; String                                          ;
; c_cnt_prst8                          ; 1                      ; Signed Integer                                  ;
; c_cnt_ph_mux_prst8                   ; 0                      ; Signed Integer                                  ;
; c_cnt_hi_div9                        ; 1                      ; Signed Integer                                  ;
; c_cnt_lo_div9                        ; 1                      ; Signed Integer                                  ;
; c_cnt_bypass_en9                     ; false                  ; String                                          ;
; c_cnt_in_src9                        ; ph_mux_clk             ; String                                          ;
; c_cnt_odd_div_duty_en9               ; false                  ; String                                          ;
; c_cnt_prst9                          ; 1                      ; Signed Integer                                  ;
; c_cnt_ph_mux_prst9                   ; 0                      ; Signed Integer                                  ;
; c_cnt_hi_div10                       ; 1                      ; Signed Integer                                  ;
; c_cnt_lo_div10                       ; 1                      ; Signed Integer                                  ;
; c_cnt_bypass_en10                    ; false                  ; String                                          ;
; c_cnt_in_src10                       ; ph_mux_clk             ; String                                          ;
; c_cnt_odd_div_duty_en10              ; false                  ; String                                          ;
; c_cnt_prst10                         ; 1                      ; Signed Integer                                  ;
; c_cnt_ph_mux_prst10                  ; 0                      ; Signed Integer                                  ;
; c_cnt_hi_div11                       ; 1                      ; Signed Integer                                  ;
; c_cnt_lo_div11                       ; 1                      ; Signed Integer                                  ;
; c_cnt_bypass_en11                    ; false                  ; String                                          ;
; c_cnt_in_src11                       ; ph_mux_clk             ; String                                          ;
; c_cnt_odd_div_duty_en11              ; false                  ; String                                          ;
; c_cnt_prst11                         ; 1                      ; Signed Integer                                  ;
; c_cnt_ph_mux_prst11                  ; 0                      ; Signed Integer                                  ;
; c_cnt_hi_div12                       ; 1                      ; Signed Integer                                  ;
; c_cnt_lo_div12                       ; 1                      ; Signed Integer                                  ;
; c_cnt_bypass_en12                    ; false                  ; String                                          ;
; c_cnt_in_src12                       ; ph_mux_clk             ; String                                          ;
; c_cnt_odd_div_duty_en12              ; false                  ; String                                          ;
; c_cnt_prst12                         ; 1                      ; Signed Integer                                  ;
; c_cnt_ph_mux_prst12                  ; 0                      ; Signed Integer                                  ;
; c_cnt_hi_div13                       ; 1                      ; Signed Integer                                  ;
; c_cnt_lo_div13                       ; 1                      ; Signed Integer                                  ;
; c_cnt_bypass_en13                    ; false                  ; String                                          ;
; c_cnt_in_src13                       ; ph_mux_clk             ; String                                          ;
; c_cnt_odd_div_duty_en13              ; false                  ; String                                          ;
; c_cnt_prst13                         ; 1                      ; Signed Integer                                  ;
; c_cnt_ph_mux_prst13                  ; 0                      ; Signed Integer                                  ;
; c_cnt_hi_div14                       ; 1                      ; Signed Integer                                  ;
; c_cnt_lo_div14                       ; 1                      ; Signed Integer                                  ;
; c_cnt_bypass_en14                    ; false                  ; String                                          ;
; c_cnt_in_src14                       ; ph_mux_clk             ; String                                          ;
; c_cnt_odd_div_duty_en14              ; false                  ; String                                          ;
; c_cnt_prst14                         ; 1                      ; Signed Integer                                  ;
; c_cnt_ph_mux_prst14                  ; 0                      ; Signed Integer                                  ;
; c_cnt_hi_div15                       ; 1                      ; Signed Integer                                  ;
; c_cnt_lo_div15                       ; 1                      ; Signed Integer                                  ;
; c_cnt_bypass_en15                    ; false                  ; String                                          ;
; c_cnt_in_src15                       ; ph_mux_clk             ; String                                          ;
; c_cnt_odd_div_duty_en15              ; false                  ; String                                          ;
; c_cnt_prst15                         ; 1                      ; Signed Integer                                  ;
; c_cnt_ph_mux_prst15                  ; 0                      ; Signed Integer                                  ;
; c_cnt_hi_div16                       ; 1                      ; Signed Integer                                  ;
; c_cnt_lo_div16                       ; 1                      ; Signed Integer                                  ;
; c_cnt_bypass_en16                    ; false                  ; String                                          ;
; c_cnt_in_src16                       ; ph_mux_clk             ; String                                          ;
; c_cnt_odd_div_duty_en16              ; false                  ; String                                          ;
; c_cnt_prst16                         ; 1                      ; Signed Integer                                  ;
; c_cnt_ph_mux_prst16                  ; 0                      ; Signed Integer                                  ;
; c_cnt_hi_div17                       ; 1                      ; Signed Integer                                  ;
; c_cnt_lo_div17                       ; 1                      ; Signed Integer                                  ;
; c_cnt_bypass_en17                    ; false                  ; String                                          ;
; c_cnt_in_src17                       ; ph_mux_clk             ; String                                          ;
; c_cnt_odd_div_duty_en17              ; false                  ; String                                          ;
; c_cnt_prst17                         ; 1                      ; Signed Integer                                  ;
; c_cnt_ph_mux_prst17                  ; 0                      ; Signed Integer                                  ;
; pll_vco_div                          ; 1                      ; Signed Integer                                  ;
; pll_slf_rst                          ; false                  ; String                                          ;
; pll_bw_sel                           ; low                    ; String                                          ;
; pll_output_clk_frequency             ; 0 MHz                  ; String                                          ;
; pll_cp_current                       ; 0                      ; Signed Integer                                  ;
; pll_bwctrl                           ; 0                      ; Signed Integer                                  ;
; pll_fractional_division              ; 1                      ; Signed Integer                                  ;
; pll_fractional_cout                  ; 24                     ; Signed Integer                                  ;
; pll_dsm_out_sel                      ; 1st_order              ; String                                          ;
; mimic_fbclk_type                     ; gclk                   ; String                                          ;
; pll_fbclk_mux_1                      ; glb                    ; String                                          ;
; pll_fbclk_mux_2                      ; fb_1                   ; String                                          ;
; pll_m_cnt_in_src                     ; ph_mux_clk             ; String                                          ;
; pll_vcoph_div                        ; 1                      ; Signed Integer                                  ;
; refclk1_frequency                    ; 0 MHz                  ; String                                          ;
; pll_clkin_0_src                      ; clk_0                  ; String                                          ;
; pll_clkin_1_src                      ; clk_0                  ; String                                          ;
; pll_clk_loss_sw_en                   ; false                  ; String                                          ;
; pll_auto_clk_sw_en                   ; false                  ; String                                          ;
; pll_manu_clk_sw_en                   ; false                  ; String                                          ;
; pll_clk_sw_dly                       ; 0                      ; Signed Integer                                  ;
; pll_extclk_0_cnt_src                 ; pll_extclk_cnt_src_vss ; String                                          ;
; pll_extclk_1_cnt_src                 ; pll_extclk_cnt_src_vss ; String                                          ;
+--------------------------------------+------------------------+-------------------------------------------------+
Note: In order to hide this table in the UI and the text report file, please set the "Show Parameter Settings in Synthesis Report" option in "Analysis and Synthesis Settings -> More Settings" to "Off".


+-----------------------------------------------------+
; Post-Synthesis Netlist Statistics for Top Partition ;
+-----------------------+-----------------------------+
; Type                  ; Count                       ;
+-----------------------+-----------------------------+
; arriav_ff             ; 26                          ;
;     SCLR              ; 25                          ;
;     plain             ; 1                           ;
; arriav_io_obuf        ; 97                          ;
; arriav_lcell_comb     ; 34                          ;
;     arith             ; 25                          ;
;         1 data inputs ; 25                          ;
;     normal            ; 9                           ;
;         0 data inputs ; 2                           ;
;         3 data inputs ; 1                           ;
;         4 data inputs ; 1                           ;
;         5 data inputs ; 1                           ;
;         6 data inputs ; 4                           ;
; boundary_port         ; 241                         ;
; generic_pll           ; 1                           ;
;                       ;                             ;
; Max LUT depth         ; 3.40                        ;
; Average LUT depth     ; 1.26                        ;
+-----------------------+-----------------------------+


+-------------------------------+
; Elapsed Time Per Partition    ;
+----------------+--------------+
; Partition Name ; Elapsed Time ;
+----------------+--------------+
; Top            ; 00:00:00     ;
+----------------+--------------+


+-------------------------------+
; Analysis & Synthesis Messages ;
+-------------------------------+
Info: *******************************************************************
Info: Running Quartus Prime Analysis & Synthesis
    Info: Version 17.0.0 Build 595 04/25/2017 SJ Standard Edition
    Info: Processing started: Mon Nov 27 12:22:00 2017
Info: Command: quartus_map --read_settings_files=on --write_settings_files=off DE1_SoC -c DE1_SoC
Warning (18236): Number of processors has not been specified which may cause overloading on shared machines.  Set the global assignment NUM_PARALLEL_PROCESSORS in your QSF to an appropriate value for best performance.
Info (20030): Parallel compilation is enabled and will use 4 of the 4 processors detected
Info (12021): Found 1 design units, including 1 entities, in source file /cal/homes/cdecoodt/SpiROSE/FPGA/src/driver_controller.sv
    Info (12023): Found entity 1: driver_controller File: /cal/homes/cdecoodt/SpiROSE/FPGA/src/driver_controller.sv Line: 7
Info (12021): Found 1 design units, including 1 entities, in source file DE1_SoC.sv
    Info (12023): Found entity 1: DE1_SoC File: /cal/homes/cdecoodt/SpiROSE/FPGA/quartus-de1soc/DE1_SoC.sv Line: 6
Info (12021): Found 1 design units, including 1 entities, in source file clk_33.v
    Info (12023): Found entity 1: clk_33 File: /cal/homes/cdecoodt/SpiROSE/FPGA/quartus-de1soc/clk_33.v Line: 8
Info (12021): Found 1 design units, including 1 entities, in source file clk_33/clk_33_0002.v
    Info (12023): Found entity 1: clk_33_0002 File: /cal/homes/cdecoodt/SpiROSE/FPGA/quartus-de1soc/clk_33/clk_33_0002.v Line: 2
Info (12127): Elaborating entity "DE1_SoC" for the top level hierarchy
Warning (10036): Verilog HDL or VHDL warning at drivers_conf.sv(54): object "serialized_conf" assigned a value but never read File: /cal/homes/cdecoodt/SpiROSE/FPGA/src/drivers_conf.sv Line: 54
Warning (10034): Output port "dram_addr" at DE1_SoC.sv(28) has no driver File: /cal/homes/cdecoodt/SpiROSE/FPGA/quartus-de1soc/DE1_SoC.sv Line: 28
Warning (10034): Output port "dram_ba" at DE1_SoC.sv(29) has no driver File: /cal/homes/cdecoodt/SpiROSE/FPGA/quartus-de1soc/DE1_SoC.sv Line: 29
Warning (10034): Output port "ledr[9..1]" at DE1_SoC.sv(121) has no driver File: /cal/homes/cdecoodt/SpiROSE/FPGA/quartus-de1soc/DE1_SoC.sv Line: 121
Warning (10034): Output port "adc_din" at DE1_SoC.sv(9) has no driver File: /cal/homes/cdecoodt/SpiROSE/FPGA/quartus-de1soc/DE1_SoC.sv Line: 9
Warning (10034): Output port "adc_sclk" at DE1_SoC.sv(11) has no driver File: /cal/homes/cdecoodt/SpiROSE/FPGA/quartus-de1soc/DE1_SoC.sv Line: 11
Warning (10034): Output port "aud_dacdat" at DE1_SoC.sv(16) has no driver File: /cal/homes/cdecoodt/SpiROSE/FPGA/quartus-de1soc/DE1_SoC.sv Line: 16
Warning (10034): Output port "aud_xck" at DE1_SoC.sv(18) has no driver File: /cal/homes/cdecoodt/SpiROSE/FPGA/quartus-de1soc/DE1_SoC.sv Line: 18
Warning (10034): Output port "dram_cas_n" at DE1_SoC.sv(30) has no driver File: /cal/homes/cdecoodt/SpiROSE/FPGA/quartus-de1soc/DE1_SoC.sv Line: 30
Warning (10034): Output port "dram_cke" at DE1_SoC.sv(31) has no driver File: /cal/homes/cdecoodt/SpiROSE/FPGA/quartus-de1soc/DE1_SoC.sv Line: 31
Warning (10034): Output port "dram_clk" at DE1_SoC.sv(32) has no driver File: /cal/homes/cdecoodt/SpiROSE/FPGA/quartus-de1soc/DE1_SoC.sv Line: 32
Warning (10034): Output port "dram_cs_n" at DE1_SoC.sv(33) has no driver File: /cal/homes/cdecoodt/SpiROSE/FPGA/quartus-de1soc/DE1_SoC.sv Line: 33
Warning (10034): Output port "dram_ldqm" at DE1_SoC.sv(35) has no driver File: /cal/homes/cdecoodt/SpiROSE/FPGA/quartus-de1soc/DE1_SoC.sv Line: 35
Warning (10034): Output port "dram_ras_n" at DE1_SoC.sv(36) has no driver File: /cal/homes/cdecoodt/SpiROSE/FPGA/quartus-de1soc/DE1_SoC.sv Line: 36
Warning (10034): Output port "dram_udqm" at DE1_SoC.sv(37) has no driver File: /cal/homes/cdecoodt/SpiROSE/FPGA/quartus-de1soc/DE1_SoC.sv Line: 37
Warning (10034): Output port "dram_we_n" at DE1_SoC.sv(38) has no driver File: /cal/homes/cdecoodt/SpiROSE/FPGA/quartus-de1soc/DE1_SoC.sv Line: 38
Warning (10034): Output port "fan_ctrl" at DE1_SoC.sv(40) has no driver File: /cal/homes/cdecoodt/SpiROSE/FPGA/quartus-de1soc/DE1_SoC.sv Line: 40
Warning (10034): Output port "fpga_i2c_sclk" at DE1_SoC.sv(42) has no driver File: /cal/homes/cdecoodt/SpiROSE/FPGA/quartus-de1soc/DE1_SoC.sv Line: 42
Warning (10034): Output port "irda_txd" at DE1_SoC.sv(117) has no driver File: /cal/homes/cdecoodt/SpiROSE/FPGA/quartus-de1soc/DE1_SoC.sv Line: 117
Warning (10034): Output port "td_reset_n" at DE1_SoC.sv(133) has no driver File: /cal/homes/cdecoodt/SpiROSE/FPGA/quartus-de1soc/DE1_SoC.sv Line: 133
Info (12128): Elaborating entity "clk_33" for hierarchy "clk_33:main_clk_33" File: /cal/homes/cdecoodt/SpiROSE/FPGA/quartus-de1soc/DE1_SoC.sv Line: 194
Info (12128): Elaborating entity "clk_33_0002" for hierarchy "clk_33:main_clk_33|clk_33_0002:clk_33_inst" File: /cal/homes/cdecoodt/SpiROSE/FPGA/quartus-de1soc/clk_33.v Line: 20
Info (12128): Elaborating entity "altera_pll" for hierarchy "clk_33:main_clk_33|clk_33_0002:clk_33_inst|altera_pll:altera_pll_i" File: /cal/homes/cdecoodt/SpiROSE/FPGA/quartus-de1soc/clk_33/clk_33_0002.v Line: 85
Info (10008): Verilog HDL or VHDL information: EDA Netlist Writer cannot regroup multidimensional array "wire_to_nowhere_64" into its bus
Info (12130): Elaborated megafunction instantiation "clk_33:main_clk_33|clk_33_0002:clk_33_inst|altera_pll:altera_pll_i" File: /cal/homes/cdecoodt/SpiROSE/FPGA/quartus-de1soc/clk_33/clk_33_0002.v Line: 85
Info (12133): Instantiated megafunction "clk_33:main_clk_33|clk_33_0002:clk_33_inst|altera_pll:altera_pll_i" with the following parameter: File: /cal/homes/cdecoodt/SpiROSE/FPGA/quartus-de1soc/clk_33/clk_33_0002.v Line: 85
    Info (12134): Parameter "fractional_vco_multiplier" = "false"
    Info (12134): Parameter "reference_clock_frequency" = "50.0 MHz"
    Info (12134): Parameter "operation_mode" = "direct"
    Info (12134): Parameter "number_of_clocks" = "1"
    Info (12134): Parameter "output_clock_frequency0" = "33.000000 MHz"
    Info (12134): Parameter "phase_shift0" = "0 ps"
    Info (12134): Parameter "duty_cycle0" = "50"
    Info (12134): Parameter "output_clock_frequency1" = "0 MHz"
    Info (12134): Parameter "phase_shift1" = "0 ps"
    Info (12134): Parameter "duty_cycle1" = "50"
    Info (12134): Parameter "output_clock_frequency2" = "0 MHz"
    Info (12134): Parameter "phase_shift2" = "0 ps"
    Info (12134): Parameter "duty_cycle2" = "50"
    Info (12134): Parameter "output_clock_frequency3" = "0 MHz"
    Info (12134): Parameter "phase_shift3" = "0 ps"
    Info (12134): Parameter "duty_cycle3" = "50"
    Info (12134): Parameter "output_clock_frequency4" = "0 MHz"
    Info (12134): Parameter "phase_shift4" = "0 ps"
    Info (12134): Parameter "duty_cycle4" = "50"
    Info (12134): Parameter "output_clock_frequency5" = "0 MHz"
    Info (12134): Parameter "phase_shift5" = "0 ps"
    Info (12134): Parameter "duty_cycle5" = "50"
    Info (12134): Parameter "output_clock_frequency6" = "0 MHz"
    Info (12134): Parameter "phase_shift6" = "0 ps"
    Info (12134): Parameter "duty_cycle6" = "50"
    Info (12134): Parameter "output_clock_frequency7" = "0 MHz"
    Info (12134): Parameter "phase_shift7" = "0 ps"
    Info (12134): Parameter "duty_cycle7" = "50"
    Info (12134): Parameter "output_clock_frequency8" = "0 MHz"
    Info (12134): Parameter "phase_shift8" = "0 ps"
    Info (12134): Parameter "duty_cycle8" = "50"
    Info (12134): Parameter "output_clock_frequency9" = "0 MHz"
    Info (12134): Parameter "phase_shift9" = "0 ps"
    Info (12134): Parameter "duty_cycle9" = "50"
    Info (12134): Parameter "output_clock_frequency10" = "0 MHz"
    Info (12134): Parameter "phase_shift10" = "0 ps"
    Info (12134): Parameter "duty_cycle10" = "50"
    Info (12134): Parameter "output_clock_frequency11" = "0 MHz"
    Info (12134): Parameter "phase_shift11" = "0 ps"
    Info (12134): Parameter "duty_cycle11" = "50"
    Info (12134): Parameter "output_clock_frequency12" = "0 MHz"
    Info (12134): Parameter "phase_shift12" = "0 ps"
    Info (12134): Parameter "duty_cycle12" = "50"
    Info (12134): Parameter "output_clock_frequency13" = "0 MHz"
    Info (12134): Parameter "phase_shift13" = "0 ps"
    Info (12134): Parameter "duty_cycle13" = "50"
    Info (12134): Parameter "output_clock_frequency14" = "0 MHz"
    Info (12134): Parameter "phase_shift14" = "0 ps"
    Info (12134): Parameter "duty_cycle14" = "50"
    Info (12134): Parameter "output_clock_frequency15" = "0 MHz"
    Info (12134): Parameter "phase_shift15" = "0 ps"
    Info (12134): Parameter "duty_cycle15" = "50"
    Info (12134): Parameter "output_clock_frequency16" = "0 MHz"
    Info (12134): Parameter "phase_shift16" = "0 ps"
    Info (12134): Parameter "duty_cycle16" = "50"
    Info (12134): Parameter "output_clock_frequency17" = "0 MHz"
    Info (12134): Parameter "phase_shift17" = "0 ps"
    Info (12134): Parameter "duty_cycle17" = "50"
    Info (12134): Parameter "pll_type" = "General"
    Info (12134): Parameter "pll_subtype" = "General"
Warning (13039): The following bidirectional pins have no drivers
    Warning (13040): bidirectional pin "aud_adclrck" has no driver File: /cal/homes/cdecoodt/SpiROSE/FPGA/quartus-de1soc/DE1_SoC.sv Line: 14
    Warning (13040): bidirectional pin "aud_bclk" has no driver File: /cal/homes/cdecoodt/SpiROSE/FPGA/quartus-de1soc/DE1_SoC.sv Line: 15
    Warning (13040): bidirectional pin "aud_daclrck" has no driver File: /cal/homes/cdecoodt/SpiROSE/FPGA/quartus-de1soc/DE1_SoC.sv Line: 17
Warning (13024): Output pins are stuck at VCC or GND
    Warning (13410): Pin "adc_din" is stuck at GND File: /cal/homes/cdecoodt/SpiROSE/FPGA/quartus-de1soc/DE1_SoC.sv Line: 9
    Warning (13410): Pin "adc_sclk" is stuck at GND File: /cal/homes/cdecoodt/SpiROSE/FPGA/quartus-de1soc/DE1_SoC.sv Line: 11
    Warning (13410): Pin "aud_dacdat" is stuck at GND File: /cal/homes/cdecoodt/SpiROSE/FPGA/quartus-de1soc/DE1_SoC.sv Line: 16
    Warning (13410): Pin "aud_xck" is stuck at GND File: /cal/homes/cdecoodt/SpiROSE/FPGA/quartus-de1soc/DE1_SoC.sv Line: 18
    Warning (13410): Pin "dram_addr[0]" is stuck at GND File: /cal/homes/cdecoodt/SpiROSE/FPGA/quartus-de1soc/DE1_SoC.sv Line: 28
    Warning (13410): Pin "dram_addr[1]" is stuck at GND File: /cal/homes/cdecoodt/SpiROSE/FPGA/quartus-de1soc/DE1_SoC.sv Line: 28
    Warning (13410): Pin "dram_addr[2]" is stuck at GND File: /cal/homes/cdecoodt/SpiROSE/FPGA/quartus-de1soc/DE1_SoC.sv Line: 28
    Warning (13410): Pin "dram_addr[3]" is stuck at GND File: /cal/homes/cdecoodt/SpiROSE/FPGA/quartus-de1soc/DE1_SoC.sv Line: 28
    Warning (13410): Pin "dram_addr[4]" is stuck at GND File: /cal/homes/cdecoodt/SpiROSE/FPGA/quartus-de1soc/DE1_SoC.sv Line: 28
    Warning (13410): Pin "dram_addr[5]" is stuck at GND File: /cal/homes/cdecoodt/SpiROSE/FPGA/quartus-de1soc/DE1_SoC.sv Line: 28
    Warning (13410): Pin "dram_addr[6]" is stuck at GND File: /cal/homes/cdecoodt/SpiROSE/FPGA/quartus-de1soc/DE1_SoC.sv Line: 28
    Warning (13410): Pin "dram_addr[7]" is stuck at GND File: /cal/homes/cdecoodt/SpiROSE/FPGA/quartus-de1soc/DE1_SoC.sv Line: 28
    Warning (13410): Pin "dram_addr[8]" is stuck at GND File: /cal/homes/cdecoodt/SpiROSE/FPGA/quartus-de1soc/DE1_SoC.sv Line: 28
    Warning (13410): Pin "dram_addr[9]" is stuck at GND File: /cal/homes/cdecoodt/SpiROSE/FPGA/quartus-de1soc/DE1_SoC.sv Line: 28
    Warning (13410): Pin "dram_addr[10]" is stuck at GND File: /cal/homes/cdecoodt/SpiROSE/FPGA/quartus-de1soc/DE1_SoC.sv Line: 28
    Warning (13410): Pin "dram_addr[11]" is stuck at GND File: /cal/homes/cdecoodt/SpiROSE/FPGA/quartus-de1soc/DE1_SoC.sv Line: 28
    Warning (13410): Pin "dram_addr[12]" is stuck at GND File: /cal/homes/cdecoodt/SpiROSE/FPGA/quartus-de1soc/DE1_SoC.sv Line: 28
    Warning (13410): Pin "dram_ba[0]" is stuck at GND File: /cal/homes/cdecoodt/SpiROSE/FPGA/quartus-de1soc/DE1_SoC.sv Line: 29
    Warning (13410): Pin "dram_ba[1]" is stuck at GND File: /cal/homes/cdecoodt/SpiROSE/FPGA/quartus-de1soc/DE1_SoC.sv Line: 29
    Warning (13410): Pin "dram_cas_n" is stuck at GND File: /cal/homes/cdecoodt/SpiROSE/FPGA/quartus-de1soc/DE1_SoC.sv Line: 30
    Warning (13410): Pin "dram_cke" is stuck at GND File: /cal/homes/cdecoodt/SpiROSE/FPGA/quartus-de1soc/DE1_SoC.sv Line: 31
    Warning (13410): Pin "dram_clk" is stuck at GND File: /cal/homes/cdecoodt/SpiROSE/FPGA/quartus-de1soc/DE1_SoC.sv Line: 32
    Warning (13410): Pin "dram_cs_n" is stuck at GND File: /cal/homes/cdecoodt/SpiROSE/FPGA/quartus-de1soc/DE1_SoC.sv Line: 33
    Warning (13410): Pin "dram_ldqm" is stuck at GND File: /cal/homes/cdecoodt/SpiROSE/FPGA/quartus-de1soc/DE1_SoC.sv Line: 35
    Warning (13410): Pin "dram_ras_n" is stuck at GND File: /cal/homes/cdecoodt/SpiROSE/FPGA/quartus-de1soc/DE1_SoC.sv Line: 36
    Warning (13410): Pin "dram_udqm" is stuck at GND File: /cal/homes/cdecoodt/SpiROSE/FPGA/quartus-de1soc/DE1_SoC.sv Line: 37
    Warning (13410): Pin "dram_we_n" is stuck at GND File: /cal/homes/cdecoodt/SpiROSE/FPGA/quartus-de1soc/DE1_SoC.sv Line: 38
    Warning (13410): Pin "fan_ctrl" is stuck at GND File: /cal/homes/cdecoodt/SpiROSE/FPGA/quartus-de1soc/DE1_SoC.sv Line: 40
    Warning (13410): Pin "fpga_i2c_sclk" is stuck at GND File: /cal/homes/cdecoodt/SpiROSE/FPGA/quartus-de1soc/DE1_SoC.sv Line: 42
    Warning (13410): Pin "hex0[0]" is stuck at VCC File: /cal/homes/cdecoodt/SpiROSE/FPGA/quartus-de1soc/DE1_SoC.sv Line: 48
    Warning (13410): Pin "hex0[1]" is stuck at VCC File: /cal/homes/cdecoodt/SpiROSE/FPGA/quartus-de1soc/DE1_SoC.sv Line: 48
    Warning (13410): Pin "hex0[2]" is stuck at VCC File: /cal/homes/cdecoodt/SpiROSE/FPGA/quartus-de1soc/DE1_SoC.sv Line: 48
    Warning (13410): Pin "hex0[3]" is stuck at VCC File: /cal/homes/cdecoodt/SpiROSE/FPGA/quartus-de1soc/DE1_SoC.sv Line: 48
    Warning (13410): Pin "hex0[4]" is stuck at VCC File: /cal/homes/cdecoodt/SpiROSE/FPGA/quartus-de1soc/DE1_SoC.sv Line: 48
    Warning (13410): Pin "hex0[5]" is stuck at VCC File: /cal/homes/cdecoodt/SpiROSE/FPGA/quartus-de1soc/DE1_SoC.sv Line: 48
    Warning (13410): Pin "hex0[6]" is stuck at VCC File: /cal/homes/cdecoodt/SpiROSE/FPGA/quartus-de1soc/DE1_SoC.sv Line: 48
    Warning (13410): Pin "hex1[0]" is stuck at VCC File: /cal/homes/cdecoodt/SpiROSE/FPGA/quartus-de1soc/DE1_SoC.sv Line: 50
    Warning (13410): Pin "hex1[1]" is stuck at VCC File: /cal/homes/cdecoodt/SpiROSE/FPGA/quartus-de1soc/DE1_SoC.sv Line: 50
    Warning (13410): Pin "hex1[2]" is stuck at VCC File: /cal/homes/cdecoodt/SpiROSE/FPGA/quartus-de1soc/DE1_SoC.sv Line: 50
    Warning (13410): Pin "hex1[3]" is stuck at VCC File: /cal/homes/cdecoodt/SpiROSE/FPGA/quartus-de1soc/DE1_SoC.sv Line: 50
    Warning (13410): Pin "hex1[4]" is stuck at VCC File: /cal/homes/cdecoodt/SpiROSE/FPGA/quartus-de1soc/DE1_SoC.sv Line: 50
    Warning (13410): Pin "hex1[5]" is stuck at VCC File: /cal/homes/cdecoodt/SpiROSE/FPGA/quartus-de1soc/DE1_SoC.sv Line: 50
    Warning (13410): Pin "hex1[6]" is stuck at VCC File: /cal/homes/cdecoodt/SpiROSE/FPGA/quartus-de1soc/DE1_SoC.sv Line: 50
    Warning (13410): Pin "hex2[0]" is stuck at VCC File: /cal/homes/cdecoodt/SpiROSE/FPGA/quartus-de1soc/DE1_SoC.sv Line: 52
    Warning (13410): Pin "hex2[1]" is stuck at VCC File: /cal/homes/cdecoodt/SpiROSE/FPGA/quartus-de1soc/DE1_SoC.sv Line: 52
    Warning (13410): Pin "hex2[2]" is stuck at VCC File: /cal/homes/cdecoodt/SpiROSE/FPGA/quartus-de1soc/DE1_SoC.sv Line: 52
    Warning (13410): Pin "hex2[3]" is stuck at VCC File: /cal/homes/cdecoodt/SpiROSE/FPGA/quartus-de1soc/DE1_SoC.sv Line: 52
    Warning (13410): Pin "hex2[4]" is stuck at VCC File: /cal/homes/cdecoodt/SpiROSE/FPGA/quartus-de1soc/DE1_SoC.sv Line: 52
    Warning (13410): Pin "hex2[5]" is stuck at VCC File: /cal/homes/cdecoodt/SpiROSE/FPGA/quartus-de1soc/DE1_SoC.sv Line: 52
    Warning (13410): Pin "hex2[6]" is stuck at VCC File: /cal/homes/cdecoodt/SpiROSE/FPGA/quartus-de1soc/DE1_SoC.sv Line: 52
    Warning (13410): Pin "hex3[0]" is stuck at VCC File: /cal/homes/cdecoodt/SpiROSE/FPGA/quartus-de1soc/DE1_SoC.sv Line: 54
    Warning (13410): Pin "hex3[1]" is stuck at VCC File: /cal/homes/cdecoodt/SpiROSE/FPGA/quartus-de1soc/DE1_SoC.sv Line: 54
    Warning (13410): Pin "hex3[2]" is stuck at VCC File: /cal/homes/cdecoodt/SpiROSE/FPGA/quartus-de1soc/DE1_SoC.sv Line: 54
    Warning (13410): Pin "hex3[3]" is stuck at VCC File: /cal/homes/cdecoodt/SpiROSE/FPGA/quartus-de1soc/DE1_SoC.sv Line: 54
    Warning (13410): Pin "hex3[4]" is stuck at VCC File: /cal/homes/cdecoodt/SpiROSE/FPGA/quartus-de1soc/DE1_SoC.sv Line: 54
    Warning (13410): Pin "hex3[5]" is stuck at VCC File: /cal/homes/cdecoodt/SpiROSE/FPGA/quartus-de1soc/DE1_SoC.sv Line: 54
    Warning (13410): Pin "hex3[6]" is stuck at VCC File: /cal/homes/cdecoodt/SpiROSE/FPGA/quartus-de1soc/DE1_SoC.sv Line: 54
    Warning (13410): Pin "hex4[0]" is stuck at VCC File: /cal/homes/cdecoodt/SpiROSE/FPGA/quartus-de1soc/DE1_SoC.sv Line: 56
    Warning (13410): Pin "hex4[1]" is stuck at VCC File: /cal/homes/cdecoodt/SpiROSE/FPGA/quartus-de1soc/DE1_SoC.sv Line: 56
    Warning (13410): Pin "hex4[2]" is stuck at VCC File: /cal/homes/cdecoodt/SpiROSE/FPGA/quartus-de1soc/DE1_SoC.sv Line: 56
    Warning (13410): Pin "hex4[3]" is stuck at VCC File: /cal/homes/cdecoodt/SpiROSE/FPGA/quartus-de1soc/DE1_SoC.sv Line: 56
    Warning (13410): Pin "hex4[4]" is stuck at VCC File: /cal/homes/cdecoodt/SpiROSE/FPGA/quartus-de1soc/DE1_SoC.sv Line: 56
    Warning (13410): Pin "hex4[5]" is stuck at VCC File: /cal/homes/cdecoodt/SpiROSE/FPGA/quartus-de1soc/DE1_SoC.sv Line: 56
    Warning (13410): Pin "hex4[6]" is stuck at VCC File: /cal/homes/cdecoodt/SpiROSE/FPGA/quartus-de1soc/DE1_SoC.sv Line: 56
    Warning (13410): Pin "hex5[0]" is stuck at VCC File: /cal/homes/cdecoodt/SpiROSE/FPGA/quartus-de1soc/DE1_SoC.sv Line: 58
    Warning (13410): Pin "hex5[1]" is stuck at VCC File: /cal/homes/cdecoodt/SpiROSE/FPGA/quartus-de1soc/DE1_SoC.sv Line: 58
    Warning (13410): Pin "hex5[2]" is stuck at VCC File: /cal/homes/cdecoodt/SpiROSE/FPGA/quartus-de1soc/DE1_SoC.sv Line: 58
    Warning (13410): Pin "hex5[3]" is stuck at VCC File: /cal/homes/cdecoodt/SpiROSE/FPGA/quartus-de1soc/DE1_SoC.sv Line: 58
    Warning (13410): Pin "hex5[4]" is stuck at VCC File: /cal/homes/cdecoodt/SpiROSE/FPGA/quartus-de1soc/DE1_SoC.sv Line: 58
    Warning (13410): Pin "hex5[5]" is stuck at VCC File: /cal/homes/cdecoodt/SpiROSE/FPGA/quartus-de1soc/DE1_SoC.sv Line: 58
    Warning (13410): Pin "hex5[6]" is stuck at VCC File: /cal/homes/cdecoodt/SpiROSE/FPGA/quartus-de1soc/DE1_SoC.sv Line: 58
    Warning (13410): Pin "irda_txd" is stuck at GND File: /cal/homes/cdecoodt/SpiROSE/FPGA/quartus-de1soc/DE1_SoC.sv Line: 117
    Warning (13410): Pin "ledr[1]" is stuck at GND File: /cal/homes/cdecoodt/SpiROSE/FPGA/quartus-de1soc/DE1_SoC.sv Line: 121
    Warning (13410): Pin "ledr[2]" is stuck at GND File: /cal/homes/cdecoodt/SpiROSE/FPGA/quartus-de1soc/DE1_SoC.sv Line: 121
    Warning (13410): Pin "ledr[3]" is stuck at GND File: /cal/homes/cdecoodt/SpiROSE/FPGA/quartus-de1soc/DE1_SoC.sv Line: 121
    Warning (13410): Pin "ledr[4]" is stuck at GND File: /cal/homes/cdecoodt/SpiROSE/FPGA/quartus-de1soc/DE1_SoC.sv Line: 121
    Warning (13410): Pin "ledr[5]" is stuck at GND File: /cal/homes/cdecoodt/SpiROSE/FPGA/quartus-de1soc/DE1_SoC.sv Line: 121
    Warning (13410): Pin "ledr[6]" is stuck at GND File: /cal/homes/cdecoodt/SpiROSE/FPGA/quartus-de1soc/DE1_SoC.sv Line: 121
    Warning (13410): Pin "ledr[7]" is stuck at GND File: /cal/homes/cdecoodt/SpiROSE/FPGA/quartus-de1soc/DE1_SoC.sv Line: 121
    Warning (13410): Pin "ledr[8]" is stuck at GND File: /cal/homes/cdecoodt/SpiROSE/FPGA/quartus-de1soc/DE1_SoC.sv Line: 121
    Warning (13410): Pin "ledr[9]" is stuck at GND File: /cal/homes/cdecoodt/SpiROSE/FPGA/quartus-de1soc/DE1_SoC.sv Line: 121
    Warning (13410): Pin "td_reset_n" is stuck at GND File: /cal/homes/cdecoodt/SpiROSE/FPGA/quartus-de1soc/DE1_SoC.sv Line: 133
    Warning (13410): Pin "vga_b[0]" is stuck at VCC File: /cal/homes/cdecoodt/SpiROSE/FPGA/quartus-de1soc/DE1_SoC.sv Line: 136
    Warning (13410): Pin "vga_b[1]" is stuck at VCC File: /cal/homes/cdecoodt/SpiROSE/FPGA/quartus-de1soc/DE1_SoC.sv Line: 136
    Warning (13410): Pin "vga_b[2]" is stuck at VCC File: /cal/homes/cdecoodt/SpiROSE/FPGA/quartus-de1soc/DE1_SoC.sv Line: 136
    Warning (13410): Pin "vga_b[3]" is stuck at VCC File: /cal/homes/cdecoodt/SpiROSE/FPGA/quartus-de1soc/DE1_SoC.sv Line: 136
    Warning (13410): Pin "vga_b[4]" is stuck at VCC File: /cal/homes/cdecoodt/SpiROSE/FPGA/quartus-de1soc/DE1_SoC.sv Line: 136
    Warning (13410): Pin "vga_b[5]" is stuck at VCC File: /cal/homes/cdecoodt/SpiROSE/FPGA/quartus-de1soc/DE1_SoC.sv Line: 136
    Warning (13410): Pin "vga_b[6]" is stuck at VCC File: /cal/homes/cdecoodt/SpiROSE/FPGA/quartus-de1soc/DE1_SoC.sv Line: 136
    Warning (13410): Pin "vga_b[7]" is stuck at VCC File: /cal/homes/cdecoodt/SpiROSE/FPGA/quartus-de1soc/DE1_SoC.sv Line: 136
    Warning (13410): Pin "vga_blank_n" is stuck at GND File: /cal/homes/cdecoodt/SpiROSE/FPGA/quartus-de1soc/DE1_SoC.sv Line: 137
    Warning (13410): Pin "vga_clk" is stuck at GND File: /cal/homes/cdecoodt/SpiROSE/FPGA/quartus-de1soc/DE1_SoC.sv Line: 138
    Warning (13410): Pin "vga_g[0]" is stuck at VCC File: /cal/homes/cdecoodt/SpiROSE/FPGA/quartus-de1soc/DE1_SoC.sv Line: 139
    Warning (13410): Pin "vga_g[1]" is stuck at VCC File: /cal/homes/cdecoodt/SpiROSE/FPGA/quartus-de1soc/DE1_SoC.sv Line: 139
    Warning (13410): Pin "vga_g[2]" is stuck at VCC File: /cal/homes/cdecoodt/SpiROSE/FPGA/quartus-de1soc/DE1_SoC.sv Line: 139
    Warning (13410): Pin "vga_g[3]" is stuck at VCC File: /cal/homes/cdecoodt/SpiROSE/FPGA/quartus-de1soc/DE1_SoC.sv Line: 139
    Warning (13410): Pin "vga_g[4]" is stuck at VCC File: /cal/homes/cdecoodt/SpiROSE/FPGA/quartus-de1soc/DE1_SoC.sv Line: 139
    Warning (13410): Pin "vga_g[5]" is stuck at VCC File: /cal/homes/cdecoodt/SpiROSE/FPGA/quartus-de1soc/DE1_SoC.sv Line: 139
    Warning (13410): Pin "vga_g[6]" is stuck at VCC File: /cal/homes/cdecoodt/SpiROSE/FPGA/quartus-de1soc/DE1_SoC.sv Line: 139
    Warning (13410): Pin "vga_g[7]" is stuck at VCC File: /cal/homes/cdecoodt/SpiROSE/FPGA/quartus-de1soc/DE1_SoC.sv Line: 139
    Warning (13410): Pin "vga_hs" is stuck at GND File: /cal/homes/cdecoodt/SpiROSE/FPGA/quartus-de1soc/DE1_SoC.sv Line: 140
    Warning (13410): Pin "vga_r[0]" is stuck at VCC File: /cal/homes/cdecoodt/SpiROSE/FPGA/quartus-de1soc/DE1_SoC.sv Line: 141
    Warning (13410): Pin "vga_r[1]" is stuck at VCC File: /cal/homes/cdecoodt/SpiROSE/FPGA/quartus-de1soc/DE1_SoC.sv Line: 141
    Warning (13410): Pin "vga_r[2]" is stuck at VCC File: /cal/homes/cdecoodt/SpiROSE/FPGA/quartus-de1soc/DE1_SoC.sv Line: 141
    Warning (13410): Pin "vga_r[3]" is stuck at VCC File: /cal/homes/cdecoodt/SpiROSE/FPGA/quartus-de1soc/DE1_SoC.sv Line: 141
    Warning (13410): Pin "vga_r[4]" is stuck at VCC File: /cal/homes/cdecoodt/SpiROSE/FPGA/quartus-de1soc/DE1_SoC.sv Line: 141
    Warning (13410): Pin "vga_r[5]" is stuck at VCC File: /cal/homes/cdecoodt/SpiROSE/FPGA/quartus-de1soc/DE1_SoC.sv Line: 141
    Warning (13410): Pin "vga_r[6]" is stuck at VCC File: /cal/homes/cdecoodt/SpiROSE/FPGA/quartus-de1soc/DE1_SoC.sv Line: 141
    Warning (13410): Pin "vga_r[7]" is stuck at VCC File: /cal/homes/cdecoodt/SpiROSE/FPGA/quartus-de1soc/DE1_SoC.sv Line: 141
    Warning (13410): Pin "vga_sync_n" is stuck at GND File: /cal/homes/cdecoodt/SpiROSE/FPGA/quartus-de1soc/DE1_SoC.sv Line: 142
    Warning (13410): Pin "vga_vs" is stuck at GND File: /cal/homes/cdecoodt/SpiROSE/FPGA/quartus-de1soc/DE1_SoC.sv Line: 144
Info (286030): Timing-Driven Synthesis is running
Info (16010): Generating hard_block partition "hard_block:auto_generated_inst"
    Info (16011): Adding 5 node(s), including 0 DDIO, 1 PLL, 0 transceiver and 0 LCELL
Warning (21074): Design contains 29 input pin(s) that do not drive logic
    Warning (15610): No output dependent on input pin "adc_dout" File: /cal/homes/cdecoodt/SpiROSE/FPGA/quartus-de1soc/DE1_SoC.sv Line: 10
    Warning (15610): No output dependent on input pin "aud_adcdat" File: /cal/homes/cdecoodt/SpiROSE/FPGA/quartus-de1soc/DE1_SoC.sv Line: 13
    Warning (15610): No output dependent on input pin "clock2_50" File: /cal/homes/cdecoodt/SpiROSE/FPGA/quartus-de1soc/DE1_SoC.sv Line: 20
    Warning (15610): No output dependent on input pin "clock3_50" File: /cal/homes/cdecoodt/SpiROSE/FPGA/quartus-de1soc/DE1_SoC.sv Line: 22
    Warning (15610): No output dependent on input pin "clock4_50" File: /cal/homes/cdecoodt/SpiROSE/FPGA/quartus-de1soc/DE1_SoC.sv Line: 24
    Warning (15610): No output dependent on input pin "irda_rxd" File: /cal/homes/cdecoodt/SpiROSE/FPGA/quartus-de1soc/DE1_SoC.sv Line: 116
    Warning (15610): No output dependent on input pin "key[1]" File: /cal/homes/cdecoodt/SpiROSE/FPGA/quartus-de1soc/DE1_SoC.sv Line: 119
    Warning (15610): No output dependent on input pin "key[2]" File: /cal/homes/cdecoodt/SpiROSE/FPGA/quartus-de1soc/DE1_SoC.sv Line: 119
    Warning (15610): No output dependent on input pin "key[3]" File: /cal/homes/cdecoodt/SpiROSE/FPGA/quartus-de1soc/DE1_SoC.sv Line: 119
    Warning (15610): No output dependent on input pin "sw[1]" File: /cal/homes/cdecoodt/SpiROSE/FPGA/quartus-de1soc/DE1_SoC.sv Line: 128
    Warning (15610): No output dependent on input pin "sw[2]" File: /cal/homes/cdecoodt/SpiROSE/FPGA/quartus-de1soc/DE1_SoC.sv Line: 128
    Warning (15610): No output dependent on input pin "sw[3]" File: /cal/homes/cdecoodt/SpiROSE/FPGA/quartus-de1soc/DE1_SoC.sv Line: 128
    Warning (15610): No output dependent on input pin "sw[4]" File: /cal/homes/cdecoodt/SpiROSE/FPGA/quartus-de1soc/DE1_SoC.sv Line: 128
    Warning (15610): No output dependent on input pin "sw[5]" File: /cal/homes/cdecoodt/SpiROSE/FPGA/quartus-de1soc/DE1_SoC.sv Line: 128
    Warning (15610): No output dependent on input pin "sw[6]" File: /cal/homes/cdecoodt/SpiROSE/FPGA/quartus-de1soc/DE1_SoC.sv Line: 128
    Warning (15610): No output dependent on input pin "sw[7]" File: /cal/homes/cdecoodt/SpiROSE/FPGA/quartus-de1soc/DE1_SoC.sv Line: 128
    Warning (15610): No output dependent on input pin "sw[8]" File: /cal/homes/cdecoodt/SpiROSE/FPGA/quartus-de1soc/DE1_SoC.sv Line: 128
    Warning (15610): No output dependent on input pin "sw[9]" File: /cal/homes/cdecoodt/SpiROSE/FPGA/quartus-de1soc/DE1_SoC.sv Line: 128
    Warning (15610): No output dependent on input pin "td_clk27" File: /cal/homes/cdecoodt/SpiROSE/FPGA/quartus-de1soc/DE1_SoC.sv Line: 130
    Warning (15610): No output dependent on input pin "td_data[0]" File: /cal/homes/cdecoodt/SpiROSE/FPGA/quartus-de1soc/DE1_SoC.sv Line: 131
    Warning (15610): No output dependent on input pin "td_data[1]" File: /cal/homes/cdecoodt/SpiROSE/FPGA/quartus-de1soc/DE1_SoC.sv Line: 131
    Warning (15610): No output dependent on input pin "td_data[2]" File: /cal/homes/cdecoodt/SpiROSE/FPGA/quartus-de1soc/DE1_SoC.sv Line: 131
    Warning (15610): No output dependent on input pin "td_data[3]" File: /cal/homes/cdecoodt/SpiROSE/FPGA/quartus-de1soc/DE1_SoC.sv Line: 131
    Warning (15610): No output dependent on input pin "td_data[4]" File: /cal/homes/cdecoodt/SpiROSE/FPGA/quartus-de1soc/DE1_SoC.sv Line: 131
    Warning (15610): No output dependent on input pin "td_data[5]" File: /cal/homes/cdecoodt/SpiROSE/FPGA/quartus-de1soc/DE1_SoC.sv Line: 131
    Warning (15610): No output dependent on input pin "td_data[6]" File: /cal/homes/cdecoodt/SpiROSE/FPGA/quartus-de1soc/DE1_SoC.sv Line: 131
    Warning (15610): No output dependent on input pin "td_data[7]" File: /cal/homes/cdecoodt/SpiROSE/FPGA/quartus-de1soc/DE1_SoC.sv Line: 131
    Warning (15610): No output dependent on input pin "td_hs" File: /cal/homes/cdecoodt/SpiROSE/FPGA/quartus-de1soc/DE1_SoC.sv Line: 132
    Warning (15610): No output dependent on input pin "td_vs" File: /cal/homes/cdecoodt/SpiROSE/FPGA/quartus-de1soc/DE1_SoC.sv Line: 134
Info (21057): Implemented 274 device resources after synthesis - the final resource count might be different
    Info (21058): Implemented 32 input pins
    Info (21059): Implemented 112 output pins
    Info (21060): Implemented 97 bidirectional pins
    Info (21061): Implemented 32 logic cells
    Info (21065): Implemented 1 PLLs
Info: Quartus Prime Analysis & Synthesis was successful. 0 errors, 167 warnings
    Info: Peak virtual memory: 1066 megabytes
    Info: Processing ended: Mon Nov 27 12:22:15 2017
    Info: Elapsed time: 00:00:15
    Info: Total CPU time (on all processors): 00:00:29


