--------------------------------------------------------------------------------
 Project integration - START (2017-11-06 02:35:34) 
--------------------------------------------------------------------------------
FE snapshot name: DCDV
BE snapshot name: PCB_Layout_Temp
Top level block: (2-1-5)
Parameters: BAConnectivity,BAConstraints,FEWin,
--------------------------------------------------------------------------------
--------------------------------------------------------------------------------
 Connection synchronization - START (2017-11-06 02:35:34) 
--------------------------------------------------------------------------------
[Skipped][Modification] - [BE->FE] [O: Block,,(2-1-5)]
[Skipped][Modification] - [BE->FE] [O: FlatComp,,(3320-1-8)]
[Skipped][Modification] - [BE->FE] [O: FlatComp,,(3773-1-8)]
[Skipped][Modification] - [BE->FE] [O: FlatComp,,(3218-7-8)]
[Skipped][Modification] - [BE->FE] [O: FlatComp,,(3218-8-8)]
[Skipped][Modification] - [BE->FE] [O: FlatComp,,(3218-9-8)]
[Skipped][Modification] - [BE->FE] [O: FlatComp,,(3218-11-8)]
--------------------------------------------------------------------------------
 Connection synchronization - END (2017-11-06 02:35:34) 
--------------------------------------------------------------------------------
--------------------------------------------------------------------------------
 CES synchronization - START (2017-11-06 02:35:34) 
--------------------------------------------------------------------------------
[Ok][Modification] - [BE->FE] [P: CesDesign,CesDesign,(2-1-21)] [O: CesLayer,PREPREG3,(4-3-23)]
[Ok][Modification] - [BE->FE] [P: CesDesign,CesDesign,(2-1-21)] [O: CesLayer,SMBOTTOM,(4-5-23)]
[Ok][Modification] - [BE->FE] [P: CesDesign,CesDesign,(2-1-21)] [O: CesLayer,BOTTOM,(4-4-23)]
[Ok][Addition] - [BE->FE] [P: CesDesign,CesDesign,(2-1-21)] [O: CesLayer,PREPREG1,(4030-1-23)]
[Ok][Addition] - [BE->FE] [P: CesDesign,CesDesign,(2-1-21)] [O: CesLayer,PREPREG2,(4030-3-23)]
[Ok][Addition] - [BE->FE] [P: CesDesign,CesDesign,(2-1-21)] [O: CesLayer,P2,(4030-2-23)]
[Ok][Addition] - [BE->FE] [P: CesDesign,CesDesign,(2-1-21)] [O: CesLayer,P3,(4030-4-23)]
[Ok][Addition] - [BE->FE] [P: CesSchemeNetClassRule,P2,(2-1-38)] [O: CesLayerRule,CesLayerRule,(4030-1-40)]
[Ok][Addition] - [BE->FE] [P: CesSchemeNetClassRule,P2,(2-2-38)] [O: CesLayerRule,CesLayerRule,(4030-2-40)]
[Ok][Addition] - [BE->FE] [P: CesSchemeNetClassRule,P3,(2-1-38)] [O: CesLayerRule,CesLayerRule,(4030-3-40)]
[Ok][Addition] - [BE->FE] [P: CesSchemeNetClassRule,P3,(2-2-38)] [O: CesLayerRule,CesLayerRule,(4030-4-40)]
[Ok][Addition] - [BE->FE] [P: CesSchemeClearRule,P2,(2-1-41)] [O: CesLayerClearRule,CesSchemaClearRule,(4030-1-42)]
[Ok][Addition] - [BE->FE] [P: CesSchemeClearRule,P2,(2-2-41)] [O: CesLayerClearRule,CesSchemaClearRule,(4030-2-42)]
[Ok][Addition] - [BE->FE] [P: CesSchemeClearRule,P3,(2-1-41)] [O: CesLayerClearRule,CesSchemaClearRule,(4030-3-42)]
[Ok][Addition] - [BE->FE] [P: CesSchemeClearRule,P3,(2-2-41)] [O: CesLayerClearRule,CesSchemaClearRule,(4030-4-42)]

--------------------------------------------------------------------------------
 TOPOLOGY synchronization - START (2017-11-06 02:35:34) 
--------------------------------------------------------------------------------
--------------------------------------------------------------------------------
 TOPOLOGY synchronization - END (2017-11-06 02:35:34) 
--------------------------------------------------------------------------------
[Ok][Deletion] - [BE->FE] [P: CesLayer,SMTOP,(4-1-23)] [O: CesConstraint,LAYER_TECH,(4-3-22)]
[Ok][Modification] - [BE->FE] [P: CesLayer,TOP,(4-2-23)] [O: CesConstraint,LAYER_USAGE,(4-6-22)]
[Ok][Modification] - [BE->FE] [P: CesLayer,TOP,(4-2-23)] [O: CesConstraint,LAYER_PAIR,(4-10-22)]
[Ok][Modification] - [BE->FE] [P: CesLayer,BOTTOM,(4-4-23)] [O: CesConstraint,LAYER_USAGE,(4-19-22)]
[Ok][Modification] - [BE->FE] [P: CesLayer,BOTTOM,(4-4-23)] [O: CesConstraint,LAYER_DIFFPAIR,(4-24-22)]
[Ok][Deletion] - [BE->FE] [P: CesLayer,SMBOTTOM,(4-5-23)] [O: CesConstraint,LAYER_TECH,(4-29-22)]
[Skipped][Addition] - [BE->FE] [P: CesSchemeClearRule,(Default Rule),(2-2-41)] [O: CesConstraint,BONDPAD_TO_BONDPAD,(4001-97-22)]
[Skipped][Addition] - [BE->FE] [P: CesSchemeClearRule,(Default Rule),(2-2-41)] [O: CesConstraint,BONDPAD_TO_TRACE,(4001-98-22)]
[Skipped][Addition] - [BE->FE] [P: CesSchemeClearRule,(Default Rule),(2-2-41)] [O: CesConstraint,BONDPAD_TO_PAD,(4001-99-22)]
[Skipped][Addition] - [BE->FE] [P: CesSchemeClearRule,(Default Rule),(2-2-41)] [O: CesConstraint,BONDPAD_TO_VIA,(4001-100-22)]
[Skipped][Addition] - [BE->FE] [P: CesSchemeClearRule,(Default Rule),(2-2-41)] [O: CesConstraint,BONDPAD_TO_PLANE,(4001-101-22)]
[Skipped][Addition] - [BE->FE] [P: CesSchemeClearRule,(Default Rule),(2-2-41)] [O: CesConstraint,BONDPAD_TO_SMDPAD,(4001-102-22)]
[Skipped][Addition] - [BE->FE] [P: CesLayerClearRule,CesLayerClearRule,(4-2-42)] [O: CesConstraint,BONDPAD_TO_BONDPAD,(4001-103-22)]
[Skipped][Addition] - [BE->FE] [P: CesLayerClearRule,CesLayerClearRule,(4-2-42)] [O: CesConstraint,BONDPAD_TO_TRACE,(4001-104-22)]
[Skipped][Addition] - [BE->FE] [P: CesLayerClearRule,CesLayerClearRule,(4-2-42)] [O: CesConstraint,BONDPAD_TO_PAD,(4001-105-22)]
[Skipped][Addition] - [BE->FE] [P: CesLayerClearRule,CesLayerClearRule,(4-2-42)] [O: CesConstraint,BONDPAD_TO_VIA,(4001-106-22)]
[Skipped][Addition] - [BE->FE] [P: CesLayerClearRule,CesLayerClearRule,(4-2-42)] [O: CesConstraint,BONDPAD_TO_PLANE,(4001-107-22)]
[Skipped][Addition] - [BE->FE] [P: CesLayerClearRule,CesLayerClearRule,(4-2-42)] [O: CesConstraint,BONDPAD_TO_SMDPAD,(4001-108-22)]
[Skipped][Addition] - [BE->FE] [P: CesLayerClearRule,CesLayerClearRule,(4-4-42)] [O: CesConstraint,BONDPAD_TO_BONDPAD,(4001-109-22)]
[Skipped][Addition] - [BE->FE] [P: CesLayerClearRule,CesLayerClearRule,(4-4-42)] [O: CesConstraint,BONDPAD_TO_TRACE,(4001-110-22)]
[Skipped][Addition] - [BE->FE] [P: CesLayerClearRule,CesLayerClearRule,(4-4-42)] [O: CesConstraint,BONDPAD_TO_PAD,(4001-111-22)]
[Skipped][Addition] - [BE->FE] [P: CesLayerClearRule,CesLayerClearRule,(4-4-42)] [O: CesConstraint,BONDPAD_TO_VIA,(4001-112-22)]
[Skipped][Addition] - [BE->FE] [P: CesLayerClearRule,CesLayerClearRule,(4-4-42)] [O: CesConstraint,BONDPAD_TO_PLANE,(4001-113-22)]
[Skipped][Addition] - [BE->FE] [P: CesLayerClearRule,CesLayerClearRule,(4-4-42)] [O: CesConstraint,BONDPAD_TO_SMDPAD,(4001-114-22)]
[Skipped][Addition] - [BE->FE] [P: CesLayer,TOP,(4-2-23)] [O: CesConstraint,LAYER_PROCESS,(4001-115-22)]
[Skipped][Addition] - [BE->FE] [P: CesLayer,TOP,(4-2-23)] [O: CesConstraint,LAYER_TREATED_SIDE,(4001-116-22)]
[Skipped][Addition] - [BE->FE] [P: CesLayer,TOP,(4-2-23)] [O: CesConstraint,LAYER_ROUGHNESS_TOP,(4001-117-22)]
[Skipped][Addition] - [BE->FE] [P: CesLayer,TOP,(4-2-23)] [O: CesConstraint,LAYER_ROUGHNESS_BOTTOM,(4001-118-22)]
[Skipped][Addition] - [BE->FE] [P: CesLayer,TOP,(4-2-23)] [O: CesConstraint,LAYER_ETCH_FACTOR,(4001-119-22)]
[Skipped][Addition] - [BE->FE] [P: CesLayer,TOP,(4-2-23)] [O: CesConstraint,LAYER_NARROW_SIDE,(4001-120-22)]
[Skipped][Addition] - [BE->FE] [P: CesLayer,BOTTOM,(4-4-23)] [O: CesConstraint,LAYER_PROCESS,(4001-121-22)]
[Skipped][Addition] - [BE->FE] [P: CesLayer,BOTTOM,(4-4-23)] [O: CesConstraint,LAYER_TREATED_SIDE,(4001-122-22)]
[Skipped][Addition] - [BE->FE] [P: CesLayer,BOTTOM,(4-4-23)] [O: CesConstraint,LAYER_ROUGHNESS_TOP,(4001-123-22)]
[Skipped][Addition] - [BE->FE] [P: CesLayer,BOTTOM,(4-4-23)] [O: CesConstraint,LAYER_ROUGHNESS_BOTTOM,(4001-124-22)]
[Skipped][Addition] - [BE->FE] [P: CesLayer,BOTTOM,(4-4-23)] [O: CesConstraint,LAYER_ETCH_FACTOR,(4001-125-22)]
[Skipped][Addition] - [BE->FE] [P: CesLayer,BOTTOM,(4-4-23)] [O: CesConstraint,LAYER_NARROW_SIDE,(4001-126-22)]
[Skipped][Addition] - [BE->FE] [P: CesSchemeClearRule,(Default Rule),(2-1-41)] [O: CesConstraint,BONDPAD_TO_BONDPAD,(4001-127-22)]
[Skipped][Addition] - [BE->FE] [P: CesSchemeClearRule,(Default Rule),(2-1-41)] [O: CesConstraint,BONDPAD_TO_TRACE,(4001-128-22)]
[Skipped][Addition] - [BE->FE] [P: CesSchemeClearRule,(Default Rule),(2-1-41)] [O: CesConstraint,BONDPAD_TO_PAD,(4001-129-22)]
[Skipped][Addition] - [BE->FE] [P: CesSchemeClearRule,(Default Rule),(2-1-41)] [O: CesConstraint,BONDPAD_TO_VIA,(4001-130-22)]
[Skipped][Addition] - [BE->FE] [P: CesSchemeClearRule,(Default Rule),(2-1-41)] [O: CesConstraint,BONDPAD_TO_PLANE,(4001-131-22)]
[Skipped][Addition] - [BE->FE] [P: CesSchemeClearRule,(Default Rule),(2-1-41)] [O: CesConstraint,BONDPAD_TO_SMDPAD,(4001-132-22)]
[Skipped][Addition] - [BE->FE] [P: CesLayerClearRule,CesLayerClearRule,(4-1-42)] [O: CesConstraint,BONDPAD_TO_BONDPAD,(4001-133-22)]
[Skipped][Addition] - [BE->FE] [P: CesLayerClearRule,CesLayerClearRule,(4-1-42)] [O: CesConstraint,BONDPAD_TO_TRACE,(4001-134-22)]
[Skipped][Addition] - [BE->FE] [P: CesLayerClearRule,CesLayerClearRule,(4-1-42)] [O: CesConstraint,BONDPAD_TO_PAD,(4001-135-22)]
[Skipped][Addition] - [BE->FE] [P: CesLayerClearRule,CesLayerClearRule,(4-1-42)] [O: CesConstraint,BONDPAD_TO_VIA,(4001-136-22)]
[Skipped][Addition] - [BE->FE] [P: CesLayerClearRule,CesLayerClearRule,(4-1-42)] [O: CesConstraint,BONDPAD_TO_PLANE,(4001-137-22)]
[Skipped][Addition] - [BE->FE] [P: CesLayerClearRule,CesLayerClearRule,(4-1-42)] [O: CesConstraint,BONDPAD_TO_SMDPAD,(4001-138-22)]
[Skipped][Addition] - [BE->FE] [P: CesLayerClearRule,CesLayerClearRule,(4-3-42)] [O: CesConstraint,BONDPAD_TO_BONDPAD,(4001-139-22)]
[Skipped][Addition] - [BE->FE] [P: CesLayerClearRule,CesLayerClearRule,(4-3-42)] [O: CesConstraint,BONDPAD_TO_TRACE,(4001-140-22)]
[Skipped][Addition] - [BE->FE] [P: CesLayerClearRule,CesLayerClearRule,(4-3-42)] [O: CesConstraint,BONDPAD_TO_PAD,(4001-141-22)]
[Skipped][Addition] - [BE->FE] [P: CesLayerClearRule,CesLayerClearRule,(4-3-42)] [O: CesConstraint,BONDPAD_TO_VIA,(4001-142-22)]
[Skipped][Addition] - [BE->FE] [P: CesLayerClearRule,CesLayerClearRule,(4-3-42)] [O: CesConstraint,BONDPAD_TO_PLANE,(4001-143-22)]
[Skipped][Addition] - [BE->FE] [P: CesLayerClearRule,CesLayerClearRule,(4-3-42)] [O: CesConstraint,BONDPAD_TO_SMDPAD,(4001-144-22)]
[Ok][Addition] - [BE->FE] [P: CesLayerRule,CesLayerRule,(4030-2-40)] [O: CesConstraint,ROUTE,(4030-1-22)]
[Ok][Addition] - [BE->FE] [P: CesLayerRule,CesLayerRule,(4030-2-40)] [O: CesConstraint,MIN_TRACE_WIDTH,(4030-2-22)]
[Ok][Addition] - [BE->FE] [P: CesLayerRule,CesLayerRule,(4030-2-40)] [O: CesConstraint,TYP_TRACE_WIDTH,(4030-3-22)]
[Ok][Addition] - [BE->FE] [P: CesLayerRule,CesLayerRule,(4030-2-40)] [O: CesConstraint,EXP_TRACE_WIDTH,(4030-4-22)]
[Ok][Addition] - [BE->FE] [P: CesLayerRule,CesLayerRule,(4030-2-40)] [O: CesConstraint,TYP_IMPEDANCE,(4030-5-22)]
[Ok][Addition] - [BE->FE] [P: CesLayerRule,CesLayerRule,(4030-2-40)] [O: CesConstraint,DIFF_SPACING,(4030-6-22)]
[Ok][Addition] - [BE->FE] [P: CesLayerClearRule,CesLayerClearRule,(4030-2-42)] [O: CesConstraint,TRACE_TO_TRACE,(4030-7-22)]
[Ok][Addition] - [BE->FE] [P: CesLayerClearRule,CesLayerClearRule,(4030-2-42)] [O: CesConstraint,TRACE_TO_PAD,(4030-8-22)]
[Ok][Addition] - [BE->FE] [P: CesLayerClearRule,CesLayerClearRule,(4030-2-42)] [O: CesConstraint,TRACE_TO_VIA,(4030-9-22)]
[Ok][Addition] - [BE->FE] [P: CesLayerClearRule,CesLayerClearRule,(4030-2-42)] [O: CesConstraint,TRACE_TO_PLANE,(4030-10-22)]
[Ok][Addition] - [BE->FE] [P: CesLayerClearRule,CesLayerClearRule,(4030-2-42)] [O: CesConstraint,SMDPAD_TO_TRACE,(4030-11-22)]
[Ok][Addition] - [BE->FE] [P: CesLayerClearRule,CesLayerClearRule,(4030-2-42)] [O: CesConstraint,PAD_TO_PAD,(4030-12-22)]
[Ok][Addition] - [BE->FE] [P: CesLayerClearRule,CesLayerClearRule,(4030-2-42)] [O: CesConstraint,PAD_TO_VIA,(4030-13-22)]
[Ok][Addition] - [BE->FE] [P: CesLayerClearRule,CesLayerClearRule,(4030-2-42)] [O: CesConstraint,PAD_TO_PLANE,(4030-14-22)]
[Ok][Addition] - [BE->FE] [P: CesLayerClearRule,CesLayerClearRule,(4030-2-42)] [O: CesConstraint,VIA_TO_VIA,(4030-15-22)]
[Ok][Addition] - [BE->FE] [P: CesLayerClearRule,CesLayerClearRule,(4030-2-42)] [O: CesConstraint,VIA_TO_PLANE,(4030-16-22)]
[Ok][Addition] - [BE->FE] [P: CesLayerClearRule,CesLayerClearRule,(4030-2-42)] [O: CesConstraint,SMDPAD_TO_VIA,(4030-17-22)]
[Ok][Addition] - [BE->FE] [P: CesLayerClearRule,CesLayerClearRule,(4030-2-42)] [O: CesConstraint,PLANE_TO_PLANE,(4030-18-22)]
[Ok][Addition] - [BE->FE] [P: CesLayerClearRule,CesLayerClearRule,(4030-2-42)] [O: CesConstraint,RESISTOR_TO_TRACE,(4030-19-22)]
[Ok][Addition] - [BE->FE] [P: CesLayerClearRule,CesLayerClearRule,(4030-2-42)] [O: CesConstraint,RESISTOR_TO_PAD,(4030-20-22)]
[Ok][Addition] - [BE->FE] [P: CesLayerClearRule,CesLayerClearRule,(4030-2-42)] [O: CesConstraint,RESISTOR_TO_VIA,(4030-21-22)]
[Ok][Addition] - [BE->FE] [P: CesLayerClearRule,CesLayerClearRule,(4030-2-42)] [O: CesConstraint,RESISTOR_TO_RESISTOR,(4030-22-22)]
[Ok][Addition] - [BE->FE] [P: CesLayerClearRule,CesLayerClearRule,(4030-2-42)] [O: CesConstraint,MASK_TO_TRACE,(4030-23-22)]
[Ok][Addition] - [BE->FE] [P: CesLayerClearRule,CesLayerClearRule,(4030-2-42)] [O: CesConstraint,MASK_TO_PAD,(4030-24-22)]
[Ok][Addition] - [BE->FE] [P: CesLayerClearRule,CesLayerClearRule,(4030-2-42)] [O: CesConstraint,MASK_TO_VIA,(4030-25-22)]
[Ok][Addition] - [BE->FE] [P: CesLayerClearRule,CesLayerClearRule,(4030-2-42)] [O: CesConstraint,MASK_TO_RESISTOR,(4030-26-22)]
[Ok][Addition] - [BE->FE] [P: CesLayerClearRule,CesLayerClearRule,(4030-2-42)] [O: CesConstraint,BONDPAD_TO_BONDPAD,(4030-27-22)]
[Ok][Addition] - [BE->FE] [P: CesLayerClearRule,CesLayerClearRule,(4030-2-42)] [O: CesConstraint,BONDPAD_TO_TRACE,(4030-28-22)]
[Ok][Addition] - [BE->FE] [P: CesLayerClearRule,CesLayerClearRule,(4030-2-42)] [O: CesConstraint,BONDPAD_TO_PAD,(4030-29-22)]
[Ok][Addition] - [BE->FE] [P: CesLayerClearRule,CesLayerClearRule,(4030-2-42)] [O: CesConstraint,BONDPAD_TO_VIA,(4030-30-22)]
[Ok][Addition] - [BE->FE] [P: CesLayerClearRule,CesLayerClearRule,(4030-2-42)] [O: CesConstraint,BONDPAD_TO_PLANE,(4030-31-22)]
[Ok][Addition] - [BE->FE] [P: CesLayerClearRule,CesLayerClearRule,(4030-2-42)] [O: CesConstraint,BONDPAD_TO_SMDPAD,(4030-32-22)]
[Ok][Addition] - [BE->FE] [P: CesLayerRule,CesLayerRule,(4030-1-40)] [O: CesConstraint,MIN_TRACE_WIDTH,(4030-33-22)]
[Ok][Addition] - [BE->FE] [P: CesLayerRule,CesLayerRule,(4030-1-40)] [O: CesConstraint,DIFF_SPACING,(4030-34-22)]
[Ok][Addition] - [BE->FE] [P: CesLayerRule,CesLayerRule,(4030-1-40)] [O: CesConstraint,EXP_TRACE_WIDTH,(4030-35-22)]
[Ok][Addition] - [BE->FE] [P: CesLayerRule,CesLayerRule,(4030-1-40)] [O: CesConstraint,TYP_TRACE_WIDTH,(4030-36-22)]
[Ok][Addition] - [BE->FE] [P: CesLayerClearRule,CesLayerClearRule,(4030-1-42)] [O: CesConstraint,TRACE_TO_PLANE,(4030-37-22)]
[Ok][Addition] - [BE->FE] [P: CesLayerClearRule,CesLayerClearRule,(4030-1-42)] [O: CesConstraint,TRACE_TO_PAD,(4030-38-22)]
[Ok][Addition] - [BE->FE] [P: CesLayerClearRule,CesLayerClearRule,(4030-1-42)] [O: CesConstraint,PAD_TO_VIA,(4030-39-22)]
[Ok][Addition] - [BE->FE] [P: CesLayerClearRule,CesLayerClearRule,(4030-1-42)] [O: CesConstraint,VIA_TO_VIA,(4030-40-22)]
[Ok][Addition] - [BE->FE] [P: CesLayerClearRule,CesLayerClearRule,(4030-1-42)] [O: CesConstraint,PLANE_TO_PLANE,(4030-41-22)]
[Ok][Addition] - [BE->FE] [P: CesLayerClearRule,CesLayerClearRule,(4030-1-42)] [O: CesConstraint,PAD_TO_PLANE,(4030-42-22)]
[Ok][Addition] - [BE->FE] [P: CesLayerClearRule,CesLayerClearRule,(4030-1-42)] [O: CesConstraint,BONDPAD_TO_TRACE,(4030-43-22)]
[Ok][Addition] - [BE->FE] [P: CesLayerClearRule,CesLayerClearRule,(4030-1-42)] [O: CesConstraint,BONDPAD_TO_BONDPAD,(4030-44-22)]
[Ok][Addition] - [BE->FE] [P: CesLayerClearRule,CesLayerClearRule,(4030-1-42)] [O: CesConstraint,PAD_TO_PAD,(4030-45-22)]
[Ok][Addition] - [BE->FE] [P: CesLayerClearRule,CesLayerClearRule,(4030-1-42)] [O: CesConstraint,TRACE_TO_TRACE,(4030-46-22)]
[Ok][Addition] - [BE->FE] [P: CesLayerClearRule,CesLayerClearRule,(4030-1-42)] [O: CesConstraint,BONDPAD_TO_VIA,(4030-47-22)]
[Ok][Addition] - [BE->FE] [P: CesLayerClearRule,CesLayerClearRule,(4030-1-42)] [O: CesConstraint,VIA_TO_PLANE,(4030-48-22)]
[Ok][Addition] - [BE->FE] [P: CesLayerClearRule,CesLayerClearRule,(4030-1-42)] [O: CesConstraint,SMDPAD_TO_VIA,(4030-49-22)]
[Ok][Addition] - [BE->FE] [P: CesLayerClearRule,CesLayerClearRule,(4030-1-42)] [O: CesConstraint,RESISTOR_TO_TRACE,(4030-50-22)]
[Ok][Addition] - [BE->FE] [P: CesLayerClearRule,CesLayerClearRule,(4030-1-42)] [O: CesConstraint,BONDPAD_TO_SMDPAD,(4030-51-22)]
[Ok][Addition] - [BE->FE] [P: CesLayerClearRule,CesLayerClearRule,(4030-1-42)] [O: CesConstraint,TRACE_TO_VIA,(4030-52-22)]
[Ok][Addition] - [BE->FE] [P: CesLayerClearRule,CesLayerClearRule,(4030-1-42)] [O: CesConstraint,BONDPAD_TO_PAD,(4030-53-22)]
[Ok][Addition] - [BE->FE] [P: CesLayerClearRule,CesLayerClearRule,(4030-1-42)] [O: CesConstraint,BONDPAD_TO_PLANE,(4030-54-22)]
[Ok][Addition] - [BE->FE] [P: CesLayerClearRule,CesLayerClearRule,(4030-1-42)] [O: CesConstraint,SMDPAD_TO_TRACE,(4030-55-22)]
[Ok][Addition] - [BE->FE] [P: CesLayerRule,CesLayerRule,(4030-4-40)] [O: CesConstraint,ROUTE,(4030-56-22)]
[Ok][Addition] - [BE->FE] [P: CesLayerRule,CesLayerRule,(4030-4-40)] [O: CesConstraint,MIN_TRACE_WIDTH,(4030-57-22)]
[Ok][Addition] - [BE->FE] [P: CesLayerRule,CesLayerRule,(4030-4-40)] [O: CesConstraint,TYP_TRACE_WIDTH,(4030-58-22)]
[Ok][Addition] - [BE->FE] [P: CesLayerRule,CesLayerRule,(4030-4-40)] [O: CesConstraint,EXP_TRACE_WIDTH,(4030-59-22)]
[Ok][Addition] - [BE->FE] [P: CesLayerRule,CesLayerRule,(4030-4-40)] [O: CesConstraint,TYP_IMPEDANCE,(4030-60-22)]
[Ok][Addition] - [BE->FE] [P: CesLayerRule,CesLayerRule,(4030-4-40)] [O: CesConstraint,DIFF_SPACING,(4030-61-22)]
[Ok][Addition] - [BE->FE] [P: CesLayerClearRule,CesLayerClearRule,(4030-4-42)] [O: CesConstraint,TRACE_TO_TRACE,(4030-62-22)]
[Ok][Addition] - [BE->FE] [P: CesLayerClearRule,CesLayerClearRule,(4030-4-42)] [O: CesConstraint,TRACE_TO_PAD,(4030-63-22)]
[Ok][Addition] - [BE->FE] [P: CesLayerClearRule,CesLayerClearRule,(4030-4-42)] [O: CesConstraint,TRACE_TO_VIA,(4030-64-22)]
[Ok][Addition] - [BE->FE] [P: CesLayerClearRule,CesLayerClearRule,(4030-4-42)] [O: CesConstraint,TRACE_TO_PLANE,(4030-65-22)]
[Ok][Addition] - [BE->FE] [P: CesLayerClearRule,CesLayerClearRule,(4030-4-42)] [O: CesConstraint,SMDPAD_TO_TRACE,(4030-66-22)]
[Ok][Addition] - [BE->FE] [P: CesLayerClearRule,CesLayerClearRule,(4030-4-42)] [O: CesConstraint,PAD_TO_PAD,(4030-67-22)]
[Ok][Addition] - [BE->FE] [P: CesLayerClearRule,CesLayerClearRule,(4030-4-42)] [O: CesConstraint,PAD_TO_VIA,(4030-68-22)]
[Ok][Addition] - [BE->FE] [P: CesLayerClearRule,CesLayerClearRule,(4030-4-42)] [O: CesConstraint,PAD_TO_PLANE,(4030-69-22)]
[Ok][Addition] - [BE->FE] [P: CesLayerClearRule,CesLayerClearRule,(4030-4-42)] [O: CesConstraint,VIA_TO_VIA,(4030-70-22)]
[Ok][Addition] - [BE->FE] [P: CesLayerClearRule,CesLayerClearRule,(4030-4-42)] [O: CesConstraint,VIA_TO_PLANE,(4030-71-22)]
[Ok][Addition] - [BE->FE] [P: CesLayerClearRule,CesLayerClearRule,(4030-4-42)] [O: CesConstraint,SMDPAD_TO_VIA,(4030-72-22)]
[Ok][Addition] - [BE->FE] [P: CesLayerClearRule,CesLayerClearRule,(4030-4-42)] [O: CesConstraint,PLANE_TO_PLANE,(4030-73-22)]
[Ok][Addition] - [BE->FE] [P: CesLayerClearRule,CesLayerClearRule,(4030-4-42)] [O: CesConstraint,RESISTOR_TO_TRACE,(4030-74-22)]
[Ok][Addition] - [BE->FE] [P: CesLayerClearRule,CesLayerClearRule,(4030-4-42)] [O: CesConstraint,RESISTOR_TO_PAD,(4030-75-22)]
[Ok][Addition] - [BE->FE] [P: CesLayerClearRule,CesLayerClearRule,(4030-4-42)] [O: CesConstraint,RESISTOR_TO_VIA,(4030-76-22)]
[Ok][Addition] - [BE->FE] [P: CesLayerClearRule,CesLayerClearRule,(4030-4-42)] [O: CesConstraint,RESISTOR_TO_RESISTOR,(4030-77-22)]
[Ok][Addition] - [BE->FE] [P: CesLayerClearRule,CesLayerClearRule,(4030-4-42)] [O: CesConstraint,MASK_TO_TRACE,(4030-78-22)]
[Ok][Addition] - [BE->FE] [P: CesLayerClearRule,CesLayerClearRule,(4030-4-42)] [O: CesConstraint,MASK_TO_PAD,(4030-79-22)]
[Ok][Addition] - [BE->FE] [P: CesLayerClearRule,CesLayerClearRule,(4030-4-42)] [O: CesConstraint,MASK_TO_VIA,(4030-80-22)]
[Ok][Addition] - [BE->FE] [P: CesLayerClearRule,CesLayerClearRule,(4030-4-42)] [O: CesConstraint,MASK_TO_RESISTOR,(4030-81-22)]
[Ok][Addition] - [BE->FE] [P: CesLayerClearRule,CesLayerClearRule,(4030-4-42)] [O: CesConstraint,BONDPAD_TO_BONDPAD,(4030-82-22)]
[Ok][Addition] - [BE->FE] [P: CesLayerClearRule,CesLayerClearRule,(4030-4-42)] [O: CesConstraint,BONDPAD_TO_TRACE,(4030-83-22)]
[Ok][Addition] - [BE->FE] [P: CesLayerClearRule,CesLayerClearRule,(4030-4-42)] [O: CesConstraint,BONDPAD_TO_PAD,(4030-84-22)]
[Ok][Addition] - [BE->FE] [P: CesLayerClearRule,CesLayerClearRule,(4030-4-42)] [O: CesConstraint,BONDPAD_TO_VIA,(4030-85-22)]
[Ok][Addition] - [BE->FE] [P: CesLayerClearRule,CesLayerClearRule,(4030-4-42)] [O: CesConstraint,BONDPAD_TO_PLANE,(4030-86-22)]
[Ok][Addition] - [BE->FE] [P: CesLayerClearRule,CesLayerClearRule,(4030-4-42)] [O: CesConstraint,BONDPAD_TO_SMDPAD,(4030-87-22)]
[Ok][Addition] - [BE->FE] [P: CesLayerRule,CesLayerRule,(4030-3-40)] [O: CesConstraint,MIN_TRACE_WIDTH,(4030-88-22)]
[Ok][Addition] - [BE->FE] [P: CesLayerRule,CesLayerRule,(4030-3-40)] [O: CesConstraint,DIFF_SPACING,(4030-89-22)]
[Ok][Addition] - [BE->FE] [P: CesLayerRule,CesLayerRule,(4030-3-40)] [O: CesConstraint,EXP_TRACE_WIDTH,(4030-90-22)]
[Ok][Addition] - [BE->FE] [P: CesLayerRule,CesLayerRule,(4030-3-40)] [O: CesConstraint,TYP_TRACE_WIDTH,(4030-91-22)]
[Ok][Addition] - [BE->FE] [P: CesLayerClearRule,CesLayerClearRule,(4030-3-42)] [O: CesConstraint,TRACE_TO_PLANE,(4030-92-22)]
[Ok][Addition] - [BE->FE] [P: CesLayerClearRule,CesLayerClearRule,(4030-3-42)] [O: CesConstraint,TRACE_TO_PAD,(4030-93-22)]
[Ok][Addition] - [BE->FE] [P: CesLayerClearRule,CesLayerClearRule,(4030-3-42)] [O: CesConstraint,PAD_TO_VIA,(4030-94-22)]
[Ok][Addition] - [BE->FE] [P: CesLayerClearRule,CesLayerClearRule,(4030-3-42)] [O: CesConstraint,VIA_TO_VIA,(4030-95-22)]
[Ok][Addition] - [BE->FE] [P: CesLayerClearRule,CesLayerClearRule,(4030-3-42)] [O: CesConstraint,PLANE_TO_PLANE,(4030-96-22)]
[Ok][Addition] - [BE->FE] [P: CesLayerClearRule,CesLayerClearRule,(4030-3-42)] [O: CesConstraint,PAD_TO_PLANE,(4030-97-22)]
[Ok][Addition] - [BE->FE] [P: CesLayerClearRule,CesLayerClearRule,(4030-3-42)] [O: CesConstraint,BONDPAD_TO_TRACE,(4030-98-22)]
[Ok][Addition] - [BE->FE] [P: CesLayerClearRule,CesLayerClearRule,(4030-3-42)] [O: CesConstraint,BONDPAD_TO_BONDPAD,(4030-99-22)]
[Ok][Addition] - [BE->FE] [P: CesLayerClearRule,CesLayerClearRule,(4030-3-42)] [O: CesConstraint,PAD_TO_PAD,(4030-100-22)]
[Ok][Addition] - [BE->FE] [P: CesLayerClearRule,CesLayerClearRule,(4030-3-42)] [O: CesConstraint,TRACE_TO_TRACE,(4030-101-22)]
[Ok][Addition] - [BE->FE] [P: CesLayerClearRule,CesLayerClearRule,(4030-3-42)] [O: CesConstraint,BONDPAD_TO_VIA,(4030-102-22)]
[Ok][Addition] - [BE->FE] [P: CesLayerClearRule,CesLayerClearRule,(4030-3-42)] [O: CesConstraint,VIA_TO_PLANE,(4030-103-22)]
[Ok][Addition] - [BE->FE] [P: CesLayerClearRule,CesLayerClearRule,(4030-3-42)] [O: CesConstraint,SMDPAD_TO_VIA,(4030-104-22)]
[Ok][Addition] - [BE->FE] [P: CesLayerClearRule,CesLayerClearRule,(4030-3-42)] [O: CesConstraint,RESISTOR_TO_TRACE,(4030-105-22)]
[Ok][Addition] - [BE->FE] [P: CesLayerClearRule,CesLayerClearRule,(4030-3-42)] [O: CesConstraint,BONDPAD_TO_SMDPAD,(4030-106-22)]
[Ok][Addition] - [BE->FE] [P: CesLayerClearRule,CesLayerClearRule,(4030-3-42)] [O: CesConstraint,TRACE_TO_VIA,(4030-107-22)]
[Ok][Addition] - [BE->FE] [P: CesLayerClearRule,CesLayerClearRule,(4030-3-42)] [O: CesConstraint,BONDPAD_TO_PAD,(4030-108-22)]
[Ok][Addition] - [BE->FE] [P: CesLayerClearRule,CesLayerClearRule,(4030-3-42)] [O: CesConstraint,BONDPAD_TO_PLANE,(4030-109-22)]
[Ok][Addition] - [BE->FE] [P: CesLayerClearRule,CesLayerClearRule,(4030-3-42)] [O: CesConstraint,SMDPAD_TO_TRACE,(4030-110-22)]
[Ok][Addition] - [BE->FE] [P: CesLayer,SMTOP,(4-1-23)] [O: CesConstraint,ATTACHED_DIELECTRIC,(4030-111-22)]
[Ok][Addition] - [BE->FE] [P: CesLayer,TOP,(4-2-23)] [O: CesConstraint,ATTACHED_DIELECTRIC,(4030-112-22)]
[Ok][Addition] - [BE->FE] [P: CesLayer,TOP,(4-2-23)] [O: CesConstraint,POUR_DRAW_STYLE,(4030-113-22)]
[Ok][Addition] - [BE->FE] [P: CesLayer,PREPREG1,(4030-1-23)] [O: CesConstraint,LAYER_USAGE,(4030-114-22)]
[Ok][Addition] - [BE->FE] [P: CesLayer,PREPREG1,(4030-1-23)] [O: CesConstraint,LAYER_DESC,(4030-115-22)]
[Ok][Addition] - [BE->FE] [P: CesLayer,PREPREG1,(4030-1-23)] [O: CesConstraint,ATTACHED_DIELECTRIC,(4030-116-22)]
[Ok][Addition] - [BE->FE] [P: CesLayer,PREPREG1,(4030-1-23)] [O: CesConstraint,HEIGHT,(4030-117-22)]
[Ok][Addition] - [BE->FE] [P: CesLayer,PREPREG1,(4030-1-23)] [O: CesConstraint,DIELCONST,(4030-118-22)]
[Ok][Addition] - [BE->FE] [P: CesLayer,PREPREG1,(4030-1-23)] [O: CesConstraint,ER_FREQ,(4030-119-22)]
[Ok][Addition] - [BE->FE] [P: CesLayer,PREPREG1,(4030-1-23)] [O: CesConstraint,LOSS_TAN_FREQ,(4030-120-22)]
[Ok][Addition] - [BE->FE] [P: CesLayer,PREPREG1,(4030-1-23)] [O: CesConstraint,LOSS_TAN,(4030-121-22)]
[Ok][Addition] - [BE->FE] [P: CesLayer,PREPREG1,(4030-1-23)] [O: CesConstraint,THERMAL_COND,(4030-122-22)]
[Ok][Addition] - [BE->FE] [P: CesLayer,PREPREG1,(4030-1-23)] [O: CesConstraint,LAYER_TECH,(4030-123-22)]
[Ok][Addition] - [BE->FE] [P: CesLayer,P2,(4030-2-23)] [O: CesConstraint,LAYER_USAGE,(4030-124-22)]
[Ok][Addition] - [BE->FE] [P: CesLayer,P2,(4030-2-23)] [O: CesConstraint,PLANE_TYPE,(4030-126-22)]
[Ok][Addition] - [BE->FE] [P: CesLayer,P2,(4030-2-23)] [O: CesConstraint,LAYER_DESC,(4030-129-22)]
[Ok][Addition] - [BE->FE] [P: CesLayer,P2,(4030-2-23)] [O: CesConstraint,ATTACHED_DIELECTRIC,(4030-130-22)]
[Ok][Addition] - [BE->FE] [P: CesLayer,P2,(4030-2-23)] [O: CesConstraint,LAYER_COLOR,(4030-131-22)]
[Ok][Addition] - [BE->FE] [P: CesLayer,P2,(4030-2-23)] [O: CesConstraint,CONDUCTOR,(4030-132-22)]
[Ok][Addition] - [BE->FE] [P: CesLayer,P2,(4030-2-23)] [O: CesConstraint,BULK_RES,(4030-133-22)]
[Ok][Addition] - [BE->FE] [P: CesLayer,P2,(4030-2-23)] [O: CesConstraint,TEMP_COEF,(4030-134-22)]
[Ok][Addition] - [BE->FE] [P: CesLayer,P2,(4030-2-23)] [O: CesConstraint,LAYER_DIFFPAIR,(4030-135-22)]
[Ok][Addition] - [BE->FE] [P: CesLayer,P2,(4030-2-23)] [O: CesConstraint,LAYER_PAIR,(4030-136-22)]
[Ok][Addition] - [BE->FE] [P: CesLayer,P2,(4030-2-23)] [O: CesConstraint,POUR_DRAW_STYLE,(4030-137-22)]
[Ok][Addition] - [BE->FE] [P: CesLayer,P2,(4030-2-23)] [O: CesConstraint,LAYER_PROCESS,(4030-138-22)]
[Ok][Addition] - [BE->FE] [P: CesLayer,P2,(4030-2-23)] [O: CesConstraint,LAYER_TREATED_SIDE,(4030-139-22)]
[Ok][Addition] - [BE->FE] [P: CesLayer,P2,(4030-2-23)] [O: CesConstraint,LAYER_ROUGHNESS_TOP,(4030-140-22)]
[Ok][Addition] - [BE->FE] [P: CesLayer,P2,(4030-2-23)] [O: CesConstraint,LAYER_ROUGHNESS_BOTTOM,(4030-141-22)]
[Ok][Addition] - [BE->FE] [P: CesLayer,P2,(4030-2-23)] [O: CesConstraint,HEIGHT,(4030-142-22)]
[Ok][Addition] - [BE->FE] [P: CesLayer,P2,(4030-2-23)] [O: CesConstraint,DIELCONST,(4030-143-22)]
[Ok][Addition] - [BE->FE] [P: CesLayer,P2,(4030-2-23)] [O: CesConstraint,ER_FREQ,(4030-144-22)]
[Ok][Addition] - [BE->FE] [P: CesLayer,P2,(4030-2-23)] [O: CesConstraint,LOSS_TAN_FREQ,(4030-145-22)]
[Ok][Addition] - [BE->FE] [P: CesLayer,P2,(4030-2-23)] [O: CesConstraint,LOSS_TAN,(4030-146-22)]
[Ok][Addition] - [BE->FE] [P: CesLayer,P2,(4030-2-23)] [O: CesConstraint,THERMAL_COND,(4030-147-22)]
[Ok][Addition] - [BE->FE] [P: CesLayer,PREPREG2,(4030-3-23)] [O: CesConstraint,LAYER_USAGE,(4030-148-22)]
[Ok][Addition] - [BE->FE] [P: CesLayer,PREPREG2,(4030-3-23)] [O: CesConstraint,LAYER_DESC,(4030-149-22)]
[Ok][Addition] - [BE->FE] [P: CesLayer,PREPREG2,(4030-3-23)] [O: CesConstraint,ATTACHED_DIELECTRIC,(4030-150-22)]
[Ok][Addition] - [BE->FE] [P: CesLayer,PREPREG2,(4030-3-23)] [O: CesConstraint,HEIGHT,(4030-151-22)]
[Ok][Addition] - [BE->FE] [P: CesLayer,PREPREG2,(4030-3-23)] [O: CesConstraint,DIELCONST,(4030-152-22)]
[Ok][Addition] - [BE->FE] [P: CesLayer,PREPREG2,(4030-3-23)] [O: CesConstraint,ER_FREQ,(4030-153-22)]
[Ok][Addition] - [BE->FE] [P: CesLayer,PREPREG2,(4030-3-23)] [O: CesConstraint,LOSS_TAN_FREQ,(4030-154-22)]
[Ok][Addition] - [BE->FE] [P: CesLayer,PREPREG2,(4030-3-23)] [O: CesConstraint,LOSS_TAN,(4030-155-22)]
[Ok][Addition] - [BE->FE] [P: CesLayer,PREPREG2,(4030-3-23)] [O: CesConstraint,THERMAL_COND,(4030-156-22)]
[Ok][Addition] - [BE->FE] [P: CesLayer,PREPREG2,(4030-3-23)] [O: CesConstraint,LAYER_TECH,(4030-157-22)]
[Ok][Addition] - [BE->FE] [P: CesLayer,P3,(4030-4-23)] [O: CesConstraint,LAYER_USAGE,(4030-158-22)]
[Ok][Addition] - [BE->FE] [P: CesLayer,P3,(4030-4-23)] [O: CesConstraint,PLANE_TYPE,(4030-160-22)]
[Ok][Addition] - [BE->FE] [P: CesLayer,P3,(4030-4-23)] [O: CesConstraint,LAYER_DESC,(4030-163-22)]
[Ok][Addition] - [BE->FE] [P: CesLayer,P3,(4030-4-23)] [O: CesConstraint,ATTACHED_DIELECTRIC,(4030-164-22)]
[Ok][Addition] - [BE->FE] [P: CesLayer,P3,(4030-4-23)] [O: CesConstraint,LAYER_COLOR,(4030-165-22)]
[Ok][Addition] - [BE->FE] [P: CesLayer,P3,(4030-4-23)] [O: CesConstraint,CONDUCTOR,(4030-166-22)]
[Ok][Addition] - [BE->FE] [P: CesLayer,P3,(4030-4-23)] [O: CesConstraint,BULK_RES,(4030-167-22)]
[Ok][Addition] - [BE->FE] [P: CesLayer,P3,(4030-4-23)] [O: CesConstraint,TEMP_COEF,(4030-168-22)]
[Ok][Addition] - [BE->FE] [P: CesLayer,P3,(4030-4-23)] [O: CesConstraint,LAYER_DIFFPAIR,(4030-169-22)]
[Ok][Addition] - [BE->FE] [P: CesLayer,P3,(4030-4-23)] [O: CesConstraint,LAYER_PAIR,(4030-170-22)]
[Ok][Addition] - [BE->FE] [P: CesLayer,P3,(4030-4-23)] [O: CesConstraint,POUR_DRAW_STYLE,(4030-171-22)]
[Ok][Addition] - [BE->FE] [P: CesLayer,P3,(4030-4-23)] [O: CesConstraint,LAYER_PROCESS,(4030-172-22)]
[Ok][Addition] - [BE->FE] [P: CesLayer,P3,(4030-4-23)] [O: CesConstraint,LAYER_TREATED_SIDE,(4030-173-22)]
[Ok][Addition] - [BE->FE] [P: CesLayer,P3,(4030-4-23)] [O: CesConstraint,LAYER_ROUGHNESS_TOP,(4030-174-22)]
[Ok][Addition] - [BE->FE] [P: CesLayer,P3,(4030-4-23)] [O: CesConstraint,LAYER_ROUGHNESS_BOTTOM,(4030-175-22)]
[Ok][Addition] - [BE->FE] [P: CesLayer,P3,(4030-4-23)] [O: CesConstraint,HEIGHT,(4030-176-22)]
[Ok][Addition] - [BE->FE] [P: CesLayer,P3,(4030-4-23)] [O: CesConstraint,DIELCONST,(4030-177-22)]
[Ok][Addition] - [BE->FE] [P: CesLayer,P3,(4030-4-23)] [O: CesConstraint,ER_FREQ,(4030-178-22)]
[Ok][Addition] - [BE->FE] [P: CesLayer,P3,(4030-4-23)] [O: CesConstraint,LOSS_TAN_FREQ,(4030-179-22)]
[Ok][Addition] - [BE->FE] [P: CesLayer,P3,(4030-4-23)] [O: CesConstraint,LOSS_TAN,(4030-180-22)]
[Ok][Addition] - [BE->FE] [P: CesLayer,P3,(4030-4-23)] [O: CesConstraint,THERMAL_COND,(4030-181-22)]
[Ok][Addition] - [BE->FE] [P: CesLayer,PREPREG3,(4-3-23)] [O: CesConstraint,ATTACHED_DIELECTRIC,(4030-182-22)]
[Ok][Addition] - [BE->FE] [P: CesLayer,BOTTOM,(4-4-23)] [O: CesConstraint,ATTACHED_DIELECTRIC,(4030-183-22)]
[Ok][Addition] - [BE->FE] [P: CesLayer,BOTTOM,(4-4-23)] [O: CesConstraint,POUR_DRAW_STYLE,(4030-184-22)]
[Ok][Addition] - [BE->FE] [P: CesLayer,SMBOTTOM,(4-5-23)] [O: CesConstraint,ATTACHED_DIELECTRIC,(4030-185-22)]
[Ok][Addition] - [BE->FE] [P: CesDesign,CesDesign,(2-1-21)] [O: CesConstraint,DSN_AUTO_CALCULATE_ER,(4030-186-22)]
[Ok][Addition] - [BE->FE] [P: CesDesign,CesDesign,(2-1-21)] [O: CesConstraint,DSN_SURFACE_ROUGHNESS_ENABLED,(4030-187-22)]
[Ok][Addition] - [BE->FE] [P: CesDesign,CesDesign,(2-1-21)] [O: CesConstraint,DSN_TRAPEZOIDAL_TRACE_SHAPES_ENABLED,(4030-188-22)]
[Ok][Addition] - [BE->FE] [P: CesDesign,CesDesign,(2-1-21)] [O: CesConstraint,DSN_SURFACE_ROUGHNESS_PARAM,(4030-189-22)]
[Ok][Addition] - [BE->FE] [P: CesLayer,P2,(4030-2-23)] [O: CesConstraint,PLANE_NETS,(4031-1-22)]
[Ok][Addition] - [BE->FE] [P: CesLayer,P2,(4030-2-23)] [O: CesConstraint,PNET_CLEARANCES,(4031-2-22)]
[Ok][Addition] - [BE->FE] [P: CesLayer,P2,(4030-2-23)] [O: CesConstraint,PNET_UBORDERS,(4031-3-22)]
[Ok][Addition] - [BE->FE] [P: CesLayer,P3,(4030-4-23)] [O: CesConstraint,PLANE_NETS,(4031-4-22)]
[Ok][Addition] - [BE->FE] [P: CesLayer,P3,(4030-4-23)] [O: CesConstraint,PNET_CLEARANCES,(4031-5-22)]
[Ok][Addition] - [BE->FE] [P: CesLayer,P3,(4030-4-23)] [O: CesConstraint,PNET_UBORDERS,(4031-6-22)]
--------------------------------------------------------------------------------
 CES synchronization - END (2017-11-06 02:35:34) 
--------------------------------------------------------------------------------
--------------------------------------------------------------------------------
 VMVariant synchronization - START (2017-11-06 02:35:34) 
--------------------------------------------------------------------------------
--------------------------------------------------------------------------------
 VMVariant synchronization - END (2017-11-06 02:35:34) 
--------------------------------------------------------------------------------
--------------------------------------------------------------------------------
 Project integration - END (2017-11-06 02:35:34) 
--------------------------------------------------------------------------------
