--------------------------------------------------------------------------------
 Project integration - START (2017-12-15 13:30:55) 
--------------------------------------------------------------------------------
FE snapshot name: DCDV
BE snapshot name: PCB_Layout_Temp
Top level block: (2-1-5)
Parameters: BAConnectivity,BAConstraints,FEWin,
--------------------------------------------------------------------------------
--------------------------------------------------------------------------------
 Connection synchronization - START (2017-12-15 13:30:55) 
--------------------------------------------------------------------------------
[Skipped][Modification] - [BE->FE] [O: Block,,(2-1-5)]
--------------------------------------------------------------------------------
 Connection synchronization - END (2017-12-15 13:30:55) 
--------------------------------------------------------------------------------
--------------------------------------------------------------------------------
 CES synchronization - START (2017-12-15 13:30:55) 
--------------------------------------------------------------------------------

--------------------------------------------------------------------------------
 TOPOLOGY synchronization - START (2017-12-15 13:30:55) 
--------------------------------------------------------------------------------
--------------------------------------------------------------------------------
 TOPOLOGY synchronization - END (2017-12-15 13:30:55) 
--------------------------------------------------------------------------------
--------------------------------------------------------------------------------
 CES synchronization - END (2017-12-15 13:30:55) 
--------------------------------------------------------------------------------
--------------------------------------------------------------------------------
 VMVariant synchronization - START (2017-12-15 13:30:55) 
--------------------------------------------------------------------------------
--------------------------------------------------------------------------------
 VMVariant synchronization - END (2017-12-15 13:30:55) 
--------------------------------------------------------------------------------
--------------------------------------------------------------------------------
 Project integration - END (2017-12-15 13:30:55) 
--------------------------------------------------------------------------------
