--------------------------------------------------------------------------------
 Project integration - START (2017-12-16 19:58:31) 
--------------------------------------------------------------------------------
FE snapshot name: DCDV
BE snapshot name: PCB_Layout_Temp
Top level block: (2-1-5)
Parameters: BAConnectivity,BAConstraints,FEWin,
--------------------------------------------------------------------------------
--------------------------------------------------------------------------------
 Connection synchronization - START (2017-12-16 19:58:31) 
--------------------------------------------------------------------------------
[Skipped][Modification] - [BE->FE] [O: Block,,(2-1-5)]
[Ok][Modification] - [BE->FE] [P: Block,Schematic1,(2-1-5)] [O: FlatComp,EP3C40_QFP240_ALIM;9,(4123-1-8)]
	Property: Cell Name, Operation: Change
[Ok][Modification] - [BE->FE] [P: Block,Schematic1,(2-1-5)] [O: FlatComp,EP3C40_QFP240_B1B2;10,(4228-1-8)]
	Property: Cell Name, Operation: Change
[Ok][Modification] - [BE->FE] [P: Block,Schematic1,(2-1-5)] [O: FlatComp,EP3C40_QFP240_B3B4;11,(4232-1-8)]
	Property: Cell Name, Operation: Change
[Ok][Modification] - [BE->FE] [P: Block,Schematic1,(2-1-5)] [O: FlatComp,REGULATEUR_GND2;2,(4281-1-8)]
	Property: Cell Name, Operation: Change
[Ok][Modification] - [BE->FE] [P: Block,Schematic1,(2-1-5)] [O: FlatComp,AH1885;3,(4324-1-8)]
	Property: Cell Name, Operation: Change
[Ok][Modification] - [BE->FE] [P: Block,Schematic1,(2-1-5)] [O: FlatComp,CAP_NP;5,(4354-1-8)]
	Property: Cell Name, Operation: Change
[Ok][Modification] - [BE->FE] [P: Block,Schematic1,(2-1-5)] [O: FlatComp,CAP_NP;5,(4356-1-8)]
	Property: Cell Name, Operation: Change
[Ok][Modification] - [BE->FE] [P: Block,Schematic1,(2-1-5)] [O: FlatComp,CAP_NP;5,(4367-1-8)]
	Property: Cell Name, Operation: Change
[Ok][Modification] - [BE->FE] [P: Block,Schematic1,(2-1-5)] [O: FlatComp,LT1765;1,(4376-1-8)]
	Property: Cell Name, Operation: Change
[Ok][Modification] - [BE->FE] [P: Block,Schematic1,(2-1-5)] [O: FlatComp,CON10_188275;2,(4385-1-8)]
	Property: Cell Name, Operation: Change
[Ok][Modification] - [BE->FE] [P: Block,Schematic1,(2-1-5)] [O: FlatComp,FERRITE;4,(4155-2-8)]
	Property: Cell Name, Operation: Change
[Ok][Modification] - [BE->FE] [P: Block,Schematic1,(2-1-5)] [O: FlatComp,EP3C40_QFP240_B5B6;10,(4232-2-8)]
	Property: Cell Name, Operation: Change
[Ok][Modification] - [BE->FE] [P: Block,Schematic1,(2-1-5)] [O: FlatComp,CAP_NP;5,(4281-2-8)]
	Property: Cell Name, Operation: Change
[Ok][Modification] - [BE->FE] [P: Block,Schematic1,(2-1-5)] [O: FlatComp,AH1885;3,(4324-2-8)]
	Property: Cell Name, Operation: Change
[Ok][Modification] - [BE->FE] [P: Block,Schematic1,(2-1-5)] [O: FlatComp,CAP_NP;5,(4354-2-8)]
	Property: Cell Name, Operation: Change
[Ok][Modification] - [BE->FE] [P: Block,Schematic1,(2-1-5)] [O: FlatComp,CAP_NP;5,(4356-2-8)]
	Property: Cell Name, Operation: Change
[Ok][Modification] - [BE->FE] [P: Block,Schematic1,(2-1-5)] [O: FlatComp,CAP_NP;5,(4367-2-8)]
	Property: Cell Name, Operation: Change
[Ok][Modification] - [BE->FE] [P: Block,Schematic1,(2-1-5)] [O: FlatComp,CAP_NP;5,(4376-2-8)]
	Property: Cell Name, Operation: Change
[Ok][Modification] - [BE->FE] [P: Block,Schematic1,(2-1-5)] [O: FlatComp,DS26LV32;3,(4385-2-8)]
	Property: Cell Name, Operation: Change
[Ok][Modification] - [BE->FE] [P: Block,Schematic1,(2-1-5)] [O: FlatComp,RES;8,(4123-3-8)]
	Property: Cell Name, Operation: Change
[Ok][Modification] - [BE->FE] [P: Block,Schematic1,(2-1-5)] [O: FlatComp,FERRITE;4,(4155-3-8)]
	Property: Cell Name, Operation: Change
[Ok][Modification] - [BE->FE] [P: Block,Schematic1,(2-1-5)] [O: FlatComp,CAP_NP;5,(4211-3-8)]
	Property: Cell Name, Operation: Change
[Ok][Modification] - [BE->FE] [P: Block,Schematic1,(2-1-5)] [O: FlatComp,CAP_NP;5,(4281-3-8)]
	Property: Cell Name, Operation: Change
[Ok][Modification] - [BE->FE] [P: Block,Schematic1,(2-1-5)] [O: FlatComp,CAP_NP;5,(4354-3-8)]
	Property: Cell Name, Operation: Change
[Ok][Modification] - [BE->FE] [P: Block,Schematic1,(2-1-5)] [O: FlatComp,CAP_NP;5,(4356-3-8)]
	Property: Cell Name, Operation: Change
[Ok][Modification] - [BE->FE] [P: Block,Schematic1,(2-1-5)] [O: FlatComp,CAP_NP;5,(4367-3-8)]
	Property: Cell Name, Operation: Change
[Ok][Modification] - [BE->FE] [P: Block,Schematic1,(2-1-5)] [O: FlatComp,CAP_NP;5,(4376-3-8)]
	Property: Cell Name, Operation: Change
[Ok][Modification] - [BE->FE] [P: Block,Schematic1,(2-1-5)] [O: FlatComp,TEST_POINT;2,(4385-3-8)]
	Property: Cell Name, Operation: Change
[Ok][Modification] - [BE->FE] [P: Block,Schematic1,(2-1-5)] [O: FlatComp,RES;8,(4123-4-8)]
	Property: Cell Name, Operation: Change
[Ok][Modification] - [BE->FE] [P: Block,Schematic1,(2-1-5)] [O: FlatComp,CAP_NP;5,(4155-4-8)]
	Property: Cell Name, Operation: Change
[Ok][Modification] - [BE->FE] [P: Block,Schematic1,(2-1-5)] [O: FlatComp,CAP_NP;5,(4211-4-8)]
	Property: Cell Name, Operation: Change
[Ok][Modification] - [BE->FE] [P: Block,Schematic1,(2-1-5)] [O: FlatComp,PTH12040WAD;10,(4281-4-8)]
	Property: Cell Name, Operation: Change
[Ok][Modification] - [BE->FE] [P: Block,Schematic1,(2-1-5)] [O: FlatComp,CAP_NP;5,(4354-4-8)]
	Property: Cell Name, Operation: Change
[Ok][Modification] - [BE->FE] [P: Block,Schematic1,(2-1-5)] [O: FlatComp,CAP_NP;5,(4356-4-8)]
	Property: Cell Name, Operation: Change
[Ok][Modification] - [BE->FE] [P: Block,Schematic1,(2-1-5)] [O: FlatComp,RES;8,(4367-4-8)]
	Property: Cell Name, Operation: Change
[Ok][Modification] - [BE->FE] [P: Block,Schematic1,(2-1-5)] [O: FlatComp,SELF_L;2,(4376-4-8)]
	Property: Cell Name, Operation: Change
[Ok][Modification] - [BE->FE] [P: Block,Schematic1,(2-1-5)] [O: FlatComp,TEST_POINT;2,(4385-4-8)]
	Property: Cell Name, Operation: Change
[Ok][Modification] - [BE->FE] [P: Block,Schematic1,(2-1-5)] [O: FlatComp,CAP_NP;5,(4155-5-8)]
	Property: Cell Name, Operation: Change
[Ok][Modification] - [BE->FE] [P: Block,Schematic1,(2-1-5)] [O: FlatComp,CAP_NP;5,(4211-5-8)]
	Property: Cell Name, Operation: Change
[Ok][Modification] - [BE->FE] [P: Block,Schematic1,(2-1-5)] [O: FlatComp,NMOS;6,(4317-5-8)]
	Property: Cell Name, Operation: Change
[Ok][Modification] - [BE->FE] [P: Block,Schematic1,(2-1-5)] [O: FlatComp,CAP_NP;5,(4354-5-8)]
	Property: Cell Name, Operation: Change
[Ok][Modification] - [BE->FE] [P: Block,Schematic1,(2-1-5)] [O: FlatComp,CAP_CHIM;3,(4367-5-8)]
	Property: Cell Name, Operation: Change
[Ok][Modification] - [BE->FE] [P: Block,Schematic1,(2-1-5)] [O: FlatComp,SCHOTTKY;8,(4376-5-8)]
	Property: Cell Name, Operation: Change
[Ok][Modification] - [BE->FE] [P: Block,Schematic1,(2-1-5)] [O: FlatComp,TEST_POINT;2,(4385-5-8)]
	Property: Cell Name, Operation: Change
[Ok][Modification] - [BE->FE] [P: Block,Schematic1,(2-1-5)] [O: FlatComp,FERRITE;4,(4155-6-8)]
	Property: Cell Name, Operation: Change
[Ok][Modification] - [BE->FE] [P: Block,Schematic1,(2-1-5)] [O: FlatComp,CAP_NP;5,(4211-6-8)]
	Property: Cell Name, Operation: Change
[Ok][Modification] - [BE->FE] [P: Block,Schematic1,(2-1-5)] [O: FlatComp,PAD;5,(4317-6-8)]
	Property: Cell Name, Operation: Change
[Ok][Modification] - [BE->FE] [P: Block,Schematic1,(2-1-5)] [O: FlatComp,CAP_NP;5,(4354-6-8)]
	Property: Cell Name, Operation: Change
[Ok][Modification] - [BE->FE] [P: Block,Schematic1,(2-1-5)] [O: FlatComp,RES;8,(4367-6-8)]
	Property: Cell Name, Operation: Change
[Ok][Modification] - [BE->FE] [P: Block,Schematic1,(2-1-5)] [O: FlatComp,SCHOTTKY;8,(4376-6-8)]
	Property: Cell Name, Operation: Change
[Ok][Modification] - [BE->FE] [P: Block,Schematic1,(2-1-5)] [O: FlatComp,TEST_POINT;2,(4385-6-8)]
	Property: Cell Name, Operation: Change
[Ok][Modification] - [BE->FE] [P: Block,Schematic1,(2-1-5)] [O: FlatComp,FERRITE;4,(4155-7-8)]
	Property: Cell Name, Operation: Change
[Ok][Modification] - [BE->FE] [P: Block,Schematic1,(2-1-5)] [O: FlatComp,PAD;5,(4317-7-8)]
	Property: Cell Name, Operation: Change
[Ok][Modification] - [BE->FE] [P: Block,Schematic1,(2-1-5)] [O: FlatComp,CAP_NP;5,(4354-7-8)]
	Property: Cell Name, Operation: Change
[Ok][Modification] - [BE->FE] [P: Block,Schematic1,(2-1-5)] [O: FlatComp,CAP_NP;5,(4376-7-8)]
	Property: Cell Name, Operation: Change
[Ok][Modification] - [BE->FE] [P: Block,Schematic1,(2-1-5)] [O: FlatComp,CAP_NP;5,(4155-8-8)]
	Property: Cell Name, Operation: Change
[Ok][Modification] - [BE->FE] [P: Block,Schematic1,(2-1-5)] [O: FlatComp,CAP_CHIM;3,(4281-8-8)]
	Property: Cell Name, Operation: Change
[Ok][Modification] - [BE->FE] [P: Block,Schematic1,(2-1-5)] [O: FlatComp,PAD;5,(4317-8-8)]
	Property: Cell Name, Operation: Change
[Ok][Modification] - [BE->FE] [P: Block,Schematic1,(2-1-5)] [O: FlatComp,CAP_NP;5,(4354-8-8)]
	Property: Cell Name, Operation: Change
[Ok][Modification] - [BE->FE] [P: Block,Schematic1,(2-1-5)] [O: FlatComp,CAP_NP;5,(4376-8-8)]
	Property: Cell Name, Operation: Change
[Ok][Modification] - [BE->FE] [P: Block,Schematic1,(2-1-5)] [O: FlatComp,CAP_NP;5,(4155-9-8)]
	Property: Cell Name, Operation: Change
[Ok][Modification] - [BE->FE] [P: Block,Schematic1,(2-1-5)] [O: FlatComp,CAP_CHIM;3,(4281-9-8)]
	Property: Cell Name, Operation: Change
[Ok][Modification] - [BE->FE] [P: Block,Schematic1,(2-1-5)] [O: FlatComp,PAD;5,(4317-9-8)]
	Property: Cell Name, Operation: Change
[Ok][Modification] - [BE->FE] [P: Block,Schematic1,(2-1-5)] [O: FlatComp,CAP_NP;5,(4354-9-8)]
	Property: Cell Name, Operation: Change
[Ok][Modification] - [BE->FE] [P: Block,Schematic1,(2-1-5)] [O: FlatComp,CON4_188275;2,(4376-9-8)]
	Property: Cell Name, Operation: Change
[Ok][Modification] - [BE->FE] [P: Block,Schematic1,(2-1-5)] [O: FlatComp,CAP_NP;5,(4155-10-8)]
	Property: Cell Name, Operation: Change
[Ok][Modification] - [BE->FE] [P: Block,Schematic1,(2-1-5)] [O: FlatComp,CAP_CHIM;3,(4281-10-8)]
	Property: Cell Name, Operation: Change
[Ok][Modification] - [BE->FE] [P: Block,Schematic1,(2-1-5)] [O: FlatComp,PAD;5,(4317-10-8)]
	Property: Cell Name, Operation: Change
[Ok][Modification] - [BE->FE] [P: Block,Schematic1,(2-1-5)] [O: FlatComp,CAP_NP;5,(4354-10-8)]
	Property: Cell Name, Operation: Change
[Ok][Modification] - [BE->FE] [P: Block,Schematic1,(2-1-5)] [O: FlatComp,CAP_NP;5,(4155-11-8)]
	Property: Cell Name, Operation: Change
[Ok][Modification] - [BE->FE] [P: Block,Schematic1,(2-1-5)] [O: FlatComp,CAP_CHIM;3,(4281-11-8)]
	Property: Cell Name, Operation: Change
[Ok][Modification] - [BE->FE] [P: Block,Schematic1,(2-1-5)] [O: FlatComp,PAD;5,(4317-11-8)]
	Property: Cell Name, Operation: Change
[Ok][Modification] - [BE->FE] [P: Block,Schematic1,(2-1-5)] [O: FlatComp,CAP_NP;5,(4354-11-8)]
	Property: Cell Name, Operation: Change
[Ok][Modification] - [BE->FE] [P: Block,Schematic1,(2-1-5)] [O: FlatComp,CAP_NP;5,(4155-12-8)]
	Property: Cell Name, Operation: Change
[Ok][Modification] - [BE->FE] [P: Block,Schematic1,(2-1-5)] [O: FlatComp,CAP_CHIM;3,(4281-12-8)]
	Property: Cell Name, Operation: Change
[Ok][Modification] - [BE->FE] [P: Block,Schematic1,(2-1-5)] [O: FlatComp,PAD;5,(4317-12-8)]
	Property: Cell Name, Operation: Change
[Ok][Modification] - [BE->FE] [P: Block,Schematic1,(2-1-5)] [O: FlatComp,CAP_NP;5,(4354-12-8)]
	Property: Cell Name, Operation: Change
[Ok][Modification] - [BE->FE] [P: Block,Schematic1,(2-1-5)] [O: FlatComp,CAP_NP;5,(4155-13-8)]
	Property: Cell Name, Operation: Change
[Ok][Modification] - [BE->FE] [P: Block,Schematic1,(2-1-5)] [O: FlatComp,CAP_CHIM;3,(4281-13-8)]
	Property: Cell Name, Operation: Change
[Ok][Modification] - [BE->FE] [P: Block,Schematic1,(2-1-5)] [O: FlatComp,PAD;5,(4317-13-8)]
	Property: Cell Name, Operation: Change
[Ok][Modification] - [BE->FE] [P: Block,Schematic1,(2-1-5)] [O: FlatComp,CAP_NP;5,(4354-13-8)]
	Property: Cell Name, Operation: Change
[Ok][Modification] - [BE->FE] [P: Block,Schematic1,(2-1-5)] [O: FlatComp,RES;8,(4281-14-8)]
	Property: Cell Name, Operation: Change
[Ok][Modification] - [BE->FE] [P: Block,Schematic1,(2-1-5)] [O: FlatComp,PAD;5,(4317-14-8)]
	Property: Cell Name, Operation: Change
[Ok][Modification] - [BE->FE] [P: Block,Schematic1,(2-1-5)] [O: FlatComp,CAP_NP;5,(4354-14-8)]
	Property: Cell Name, Operation: Change
[Ok][Modification] - [BE->FE] [P: Block,Schematic1,(2-1-5)] [O: FlatComp,LTC3633;9,(4281-15-8)]
	Property: Cell Name, Operation: Change
[Ok][Modification] - [BE->FE] [P: Block,Schematic1,(2-1-5)] [O: FlatComp,PAD;5,(4317-15-8)]
	Property: Cell Name, Operation: Change
[Ok][Modification] - [BE->FE] [P: Block,Schematic1,(2-1-5)] [O: FlatComp,CAP_NP;5,(4354-15-8)]
	Property: Cell Name, Operation: Change
[Ok][Modification] - [BE->FE] [P: Block,Schematic1,(2-1-5)] [O: FlatComp,PAD;5,(4317-16-8)]
	Property: Cell Name, Operation: Change
[Ok][Modification] - [BE->FE] [P: Block,Schematic1,(2-1-5)] [O: FlatComp,CAP_NP;5,(4354-16-8)]
	Property: Cell Name, Operation: Change
[Ok][Modification] - [BE->FE] [P: Block,Schematic1,(2-1-5)] [O: FlatComp,PAD;5,(4317-17-8)]
	Property: Cell Name, Operation: Change
[Ok][Modification] - [BE->FE] [P: Block,Schematic1,(2-1-5)] [O: FlatComp,CAP_NP;5,(4354-17-8)]
	Property: Cell Name, Operation: Change
[Ok][Modification] - [BE->FE] [P: Block,Schematic1,(2-1-5)] [O: FlatComp,CAP_NP;5,(4281-18-8)]
	Property: Cell Name, Operation: Change
[Ok][Modification] - [BE->FE] [P: Block,Schematic1,(2-1-5)] [O: FlatComp,PAD;5,(4317-18-8)]
	Property: Cell Name, Operation: Change
[Ok][Modification] - [BE->FE] [P: Block,Schematic1,(2-1-5)] [O: FlatComp,CAP_NP;5,(4354-18-8)]
	Property: Cell Name, Operation: Change
[Ok][Modification] - [BE->FE] [P: Block,Schematic1,(2-1-5)] [O: FlatComp,CAP_NP;5,(4281-19-8)]
	Property: Cell Name, Operation: Change
[Ok][Modification] - [BE->FE] [P: Block,Schematic1,(2-1-5)] [O: FlatComp,PAD;5,(4317-19-8)]
	Property: Cell Name, Operation: Change
[Ok][Modification] - [BE->FE] [P: Block,Schematic1,(2-1-5)] [O: FlatComp,CAP_NP;5,(4354-19-8)]
	Property: Cell Name, Operation: Change
[Ok][Modification] - [BE->FE] [P: Block,Schematic1,(2-1-5)] [O: FlatComp,CAP_NP;5,(4281-20-8)]
	Property: Cell Name, Operation: Change
[Ok][Modification] - [BE->FE] [P: Block,Schematic1,(2-1-5)] [O: FlatComp,PAD;5,(4317-20-8)]
	Property: Cell Name, Operation: Change
[Ok][Modification] - [BE->FE] [P: Block,Schematic1,(2-1-5)] [O: FlatComp,CAP_NP;5,(4354-20-8)]
	Property: Cell Name, Operation: Change
[Ok][Modification] - [BE->FE] [P: Block,Schematic1,(2-1-5)] [O: FlatComp,CAP_NP;5,(4281-21-8)]
	Property: Cell Name, Operation: Change
[Ok][Modification] - [BE->FE] [P: Block,Schematic1,(2-1-5)] [O: FlatComp,PAD;5,(4317-21-8)]
	Property: Cell Name, Operation: Change
[Ok][Modification] - [BE->FE] [P: Block,Schematic1,(2-1-5)] [O: FlatComp,CAP_NP;5,(4354-21-8)]
	Property: Cell Name, Operation: Change
[Ok][Modification] - [BE->FE] [P: Block,Schematic1,(2-1-5)] [O: FlatComp,CAP_NP;5,(4281-22-8)]
	Property: Cell Name, Operation: Change
[Ok][Modification] - [BE->FE] [P: Block,Schematic1,(2-1-5)] [O: FlatComp,PAD;5,(4317-22-8)]
	Property: Cell Name, Operation: Change
[Ok][Modification] - [BE->FE] [P: Block,Schematic1,(2-1-5)] [O: FlatComp,CAP_NP;5,(4354-22-8)]
	Property: Cell Name, Operation: Change
[Ok][Modification] - [BE->FE] [P: Block,Schematic1,(2-1-5)] [O: FlatComp,RES;8,(4281-23-8)]
	Property: Cell Name, Operation: Change
[Ok][Modification] - [BE->FE] [P: Block,Schematic1,(2-1-5)] [O: FlatComp,PAD;5,(4317-23-8)]
	Property: Cell Name, Operation: Change
[Ok][Modification] - [BE->FE] [P: Block,Schematic1,(2-1-5)] [O: FlatComp,CAP_NP;5,(4354-23-8)]
	Property: Cell Name, Operation: Change
[Ok][Modification] - [BE->FE] [P: Block,Schematic1,(2-1-5)] [O: FlatComp,RES;8,(4281-24-8)]
	Property: Cell Name, Operation: Change
[Ok][Modification] - [BE->FE] [P: Block,Schematic1,(2-1-5)] [O: FlatComp,PAD;5,(4317-24-8)]
	Property: Cell Name, Operation: Change
[Ok][Modification] - [BE->FE] [P: Block,Schematic1,(2-1-5)] [O: FlatComp,CAP_NP;5,(4354-24-8)]
	Property: Cell Name, Operation: Change
[Ok][Modification] - [BE->FE] [P: Block,Schematic1,(2-1-5)] [O: FlatComp,RES;8,(4281-25-8)]
	Property: Cell Name, Operation: Change
[Ok][Modification] - [BE->FE] [P: Block,Schematic1,(2-1-5)] [O: FlatComp,PAD;5,(4317-25-8)]
	Property: Cell Name, Operation: Change
[Ok][Modification] - [BE->FE] [P: Block,Schematic1,(2-1-5)] [O: FlatComp,CAP_NP;5,(4354-25-8)]
	Property: Cell Name, Operation: Change
[Ok][Modification] - [BE->FE] [P: Block,Schematic1,(2-1-5)] [O: FlatComp,RES;8,(4281-26-8)]
	Property: Cell Name, Operation: Change
[Ok][Modification] - [BE->FE] [P: Block,Schematic1,(2-1-5)] [O: FlatComp,PAD;5,(4317-26-8)]
	Property: Cell Name, Operation: Change
[Ok][Modification] - [BE->FE] [P: Block,Schematic1,(2-1-5)] [O: FlatComp,CAP_NP;5,(4354-26-8)]
	Property: Cell Name, Operation: Change
[Ok][Modification] - [BE->FE] [P: Block,Schematic1,(2-1-5)] [O: FlatComp,SELF_L;2,(4281-27-8)]
	Property: Cell Name, Operation: Change
[Ok][Modification] - [BE->FE] [P: Block,Schematic1,(2-1-5)] [O: FlatComp,PAD;5,(4317-27-8)]
	Property: Cell Name, Operation: Change
[Ok][Modification] - [BE->FE] [P: Block,Schematic1,(2-1-5)] [O: FlatComp,CAP_NP;5,(4354-27-8)]
	Property: Cell Name, Operation: Change
[Ok][Modification] - [BE->FE] [P: Block,Schematic1,(2-1-5)] [O: FlatComp,SELF_L;2,(4281-28-8)]
	Property: Cell Name, Operation: Change
[Ok][Modification] - [BE->FE] [P: Block,Schematic1,(2-1-5)] [O: FlatComp,PAD;5,(4317-28-8)]
	Property: Cell Name, Operation: Change
[Ok][Modification] - [BE->FE] [P: Block,Schematic1,(2-1-5)] [O: FlatComp,CAP_NP;5,(4354-28-8)]
	Property: Cell Name, Operation: Change
[Ok][Modification] - [BE->FE] [P: Block,Schematic1,(2-1-5)] [O: FlatComp,PAD;5,(4317-29-8)]
	Property: Cell Name, Operation: Change
[Ok][Modification] - [BE->FE] [P: Block,Schematic1,(2-1-5)] [O: FlatComp,PAD;5,(4317-30-8)]
	Property: Cell Name, Operation: Change
[Ok][Modification] - [BE->FE] [P: Block,Schematic1,(2-1-5)] [O: FlatComp,PAD;5,(4317-31-8)]
	Property: Cell Name, Operation: Change
[Ok][Modification] - [BE->FE] [P: Block,Schematic1,(2-1-5)] [O: FlatComp,PAD;5,(4317-32-8)]
	Property: Cell Name, Operation: Change
[Ok][Modification] - [BE->FE] [P: Block,Schematic1,(2-1-5)] [O: FlatComp,PAD;5,(4317-33-8)]
	Property: Cell Name, Operation: Change
[Ok][Modification] - [BE->FE] [P: Block,Schematic1,(2-1-5)] [O: FlatComp,PAD;5,(4317-34-8)]
	Property: Cell Name, Operation: Change
[Ok][Modification] - [BE->FE] [P: Block,Schematic1,(2-1-5)] [O: FlatComp,PAD;5,(4317-35-8)]
	Property: Cell Name, Operation: Change
[Ok][Modification] - [BE->FE] [P: Block,Schematic1,(2-1-5)] [O: FlatComp,PAD;5,(4317-36-8)]
	Property: Cell Name, Operation: Change
[Ok][Modification] - [BE->FE] [P: Block,Schematic1,(2-1-5)] [O: FlatComp,PAD;5,(4317-37-8)]
	Property: Cell Name, Operation: Change
[Ok][Modification] - [BE->FE] [P: Block,Schematic1,(2-1-5)] [O: FlatComp,PAD;5,(4317-38-8)]
	Property: Cell Name, Operation: Change
[Ok][Modification] - [BE->FE] [P: Block,Schematic1,(2-1-5)] [O: FlatComp,PAD;5,(4317-39-8)]
	Property: Cell Name, Operation: Change
[Ok][Modification] - [BE->FE] [P: Block,Schematic1,(2-1-5)] [O: FlatComp,PAD;5,(4317-40-8)]
	Property: Cell Name, Operation: Change
[Ok][Modification] - [BE->FE] [P: Block,Schematic1,(2-1-5)] [O: FlatComp,PAD;5,(4317-41-8)]
	Property: Cell Name, Operation: Change
[Ok][Modification] - [BE->FE] [P: Block,Schematic1,(2-1-5)] [O: FlatComp,PAD;5,(4317-42-8)]
	Property: Cell Name, Operation: Change
[Ok][Modification] - [BE->FE] [P: Block,Schematic1,(2-1-5)] [O: FlatComp,PAD;5,(4317-43-8)]
	Property: Cell Name, Operation: Change
[Ok][Modification] - [BE->FE] [P: Block,Schematic1,(2-1-5)] [O: FlatComp,PAD;5,(4317-51-8)]
	Property: Cell Name, Operation: Change
[Ok][Modification] - [BE->FE] [P: Block,Schematic1,(2-1-5)] [O: FlatComp,RES;8,(4155-52-8)]
	Property: Cell Name, Operation: Change
[Ok][Modification] - [BE->FE] [P: Block,Schematic1,(2-1-5)] [O: FlatComp,PAD;5,(4317-52-8)]
	Property: Cell Name, Operation: Change
[Ok][Modification] - [BE->FE] [P: Block,Schematic1,(2-1-5)] [O: FlatComp,EP3C40_QFP240_B7B8;8,(4155-53-8)]
	Property: Cell Name, Operation: Change
[Ok][Modification] - [BE->FE] [P: Block,Schematic1,(2-1-5)] [O: FlatComp,PAD;5,(4317-53-8)]
	Property: Cell Name, Operation: Change
[Ok][Modification] - [BE->FE] [P: Block,Schematic1,(2-1-5)] [O: FlatComp,CAP_NP;5,(4155-54-8)]
	Property: Cell Name, Operation: Change
[Ok][Modification] - [BE->FE] [P: Block,Schematic1,(2-1-5)] [O: FlatComp,CAP_NP;5,(4155-55-8)]
	Property: Cell Name, Operation: Change
[Ok][Modification] - [BE->FE] [P: Block,Schematic1,(2-1-5)] [O: FlatComp,CAP_NP;5,(4155-56-8)]
	Property: Cell Name, Operation: Change
[Ok][Modification] - [BE->FE] [P: Block,Schematic1,(2-1-5)] [O: FlatComp,CAP_NP;5,(4155-57-8)]
	Property: Cell Name, Operation: Change
[Ok][Modification] - [BE->FE] [P: Block,Schematic1,(2-1-5)] [O: FlatComp,PAD;5,(4317-57-8)]
	Property: Cell Name, Operation: Change
[Ok][Modification] - [BE->FE] [P: Block,Schematic1,(2-1-5)] [O: FlatComp,CAP_NP;5,(4155-58-8)]
	Property: Cell Name, Operation: Change
[Ok][Modification] - [BE->FE] [P: Block,Schematic1,(2-1-5)] [O: FlatComp,PAD;5,(4317-58-8)]
	Property: Cell Name, Operation: Change
[Ok][Modification] - [BE->FE] [P: Block,Schematic1,(2-1-5)] [O: FlatComp,CAP_NP;5,(4155-59-8)]
	Property: Cell Name, Operation: Change
[Ok][Modification] - [BE->FE] [P: Block,Schematic1,(2-1-5)] [O: FlatComp,PAD;5,(4317-59-8)]
	Property: Cell Name, Operation: Change
[Ok][Modification] - [BE->FE] [P: Block,Schematic1,(2-1-5)] [O: FlatComp,CAP_NP;5,(4155-60-8)]
	Property: Cell Name, Operation: Change
[Ok][Modification] - [BE->FE] [P: Block,Schematic1,(2-1-5)] [O: FlatComp,PAD;5,(4317-60-8)]
	Property: Cell Name, Operation: Change
[Ok][Modification] - [BE->FE] [P: Block,Schematic1,(2-1-5)] [O: FlatComp,CAP_NP;5,(4155-61-8)]
	Property: Cell Name, Operation: Change
[Ok][Modification] - [BE->FE] [P: Block,Schematic1,(2-1-5)] [O: FlatComp,PAD;5,(4317-61-8)]
	Property: Cell Name, Operation: Change
[Ok][Modification] - [BE->FE] [P: Block,Schematic1,(2-1-5)] [O: FlatComp,CAP_NP;5,(4155-62-8)]
	Property: Cell Name, Operation: Change
[Ok][Modification] - [BE->FE] [P: Block,Schematic1,(2-1-5)] [O: FlatComp,PAD;5,(4317-62-8)]
	Property: Cell Name, Operation: Change
[Ok][Modification] - [BE->FE] [P: Block,Schematic1,(2-1-5)] [O: FlatComp,CAP_NP;5,(4155-63-8)]
	Property: Cell Name, Operation: Change
[Ok][Modification] - [BE->FE] [P: Block,Schematic1,(2-1-5)] [O: FlatComp,PAD;5,(4317-63-8)]
	Property: Cell Name, Operation: Change
[Ok][Modification] - [BE->FE] [P: Block,Schematic1,(2-1-5)] [O: FlatComp,CAP_NP;5,(4155-64-8)]
	Property: Cell Name, Operation: Change
[Ok][Modification] - [BE->FE] [P: Block,Schematic1,(2-1-5)] [O: FlatComp,PAD;5,(4317-64-8)]
	Property: Cell Name, Operation: Change
[Ok][Modification] - [BE->FE] [P: Block,Schematic1,(2-1-5)] [O: FlatComp,CAP_NP;5,(4155-65-8)]
	Property: Cell Name, Operation: Change
[Ok][Modification] - [BE->FE] [P: Block,Schematic1,(2-1-5)] [O: FlatComp,PAD;5,(4317-65-8)]
	Property: Cell Name, Operation: Change
[Ok][Modification] - [BE->FE] [P: Block,Schematic1,(2-1-5)] [O: FlatComp,PAD;5,(4317-66-8)]
	Property: Cell Name, Operation: Change
[Ok][Modification] - [BE->FE] [P: Block,Schematic1,(2-1-5)] [O: FlatComp,PAD;5,(4317-67-8)]
	Property: Cell Name, Operation: Change
[Ok][Modification] - [BE->FE] [P: Block,Schematic1,(2-1-5)] [O: FlatComp,TEST_POINT;2,(4317-68-8)]
	Property: Cell Name, Operation: Change
[Ok][Modification] - [BE->FE] [P: Block,Schematic1,(2-1-5)] [O: FlatComp,TEST_POINT;2,(4317-69-8)]
	Property: Cell Name, Operation: Change
[Ok][Modification] - [BE->FE] [P: Block,Schematic1,(2-1-5)] [O: FlatComp,MXM314-A;2,(4155-70-8)]
	Property: Cell Name, Operation: Change
[Ok][Modification] - [BE->FE] [P: Block,Schematic1,(2-1-5)] [O: FlatComp,TEST_POINT;2,(4317-70-8)]
	Property: Cell Name, Operation: Change
[Ok][Modification] - [BE->FE] [P: Block,Schematic1,(2-1-5)] [O: FlatComp,MXM314-B;2,(4155-71-8)]
	Property: Cell Name, Operation: Change
[Ok][Modification] - [BE->FE] [P: Block,Schematic1,(2-1-5)] [O: FlatComp,TEST_POINT;2,(4317-71-8)]
	Property: Cell Name, Operation: Change
[Ok][Modification] - [BE->FE] [P: Block,Schematic1,(2-1-5)] [O: FlatComp,TEST_POINT;2,(4317-72-8)]
	Property: Cell Name, Operation: Change
[Ok][Modification] - [BE->FE] [P: Block,Schematic1,(2-1-5)] [O: FlatComp,TEST_POINT;2,(4317-73-8)]
	Property: Cell Name, Operation: Change
[Ok][Modification] - [BE->FE] [P: Block,Schematic1,(2-1-5)] [O: FlatComp,REGULATEUR_GND2;2,(4155-74-8)]
	Property: Cell Name, Operation: Change
[Ok][Modification] - [BE->FE] [P: Block,Schematic1,(2-1-5)] [O: FlatComp,CAP_NP;5,(4155-75-8)]
	Property: Cell Name, Operation: Change
[Ok][Modification] - [BE->FE] [P: Block,Schematic1,(2-1-5)] [O: FlatComp,CAP_NP;5,(4155-76-8)]
	Property: Cell Name, Operation: Change
[Ok][Modification] - [BE->FE] [P: Block,Schematic1,(2-1-5)] [O: FlatComp,TEST_POINT;2,(4317-82-8)]
	Property: Cell Name, Operation: Change
[Ok][Modification] - [BE->FE] [P: Block,Schematic1,(2-1-5)] [O: FlatComp,TEST_POINT;2,(4317-83-8)]
	Property: Cell Name, Operation: Change
[Ok][Modification] - [BE->FE] [P: Block,Schematic1,(2-1-5)] [O: FlatComp,TEST_POINT;2,(4317-84-8)]
	Property: Cell Name, Operation: Change
[Ok][Modification] - [BE->FE] [P: Block,Schematic1,(2-1-5)] [O: FlatComp,TEST_POINT;2,(4317-85-8)]
	Property: Cell Name, Operation: Change
[Ok][Modification] - [BE->FE] [P: Block,Schematic1,(2-1-5)] [O: FlatComp,TEST_POINT;2,(4317-86-8)]
	Property: Cell Name, Operation: Change
[Ok][Modification] - [BE->FE] [P: Block,Schematic1,(2-1-5)] [O: FlatComp,TEST_POINT;2,(4317-87-8)]
	Property: Cell Name, Operation: Change
[Ok][Modification] - [BE->FE] [P: Block,Schematic1,(2-1-5)] [O: FlatComp,TEST_POINT;2,(4317-88-8)]
	Property: Cell Name, Operation: Change
--------------------------------------------------------------------------------
 Connection synchronization - END (2017-12-16 19:58:31) 
--------------------------------------------------------------------------------
--------------------------------------------------------------------------------
 CES synchronization - START (2017-12-16 19:58:31) 
--------------------------------------------------------------------------------
[Ok][Addition] - [BE->FE] [P: CesConstraintClass,,(2-1-26)] [O: CesConstraintClass,RGB,(4420-1-26)]
[Ok][Addition] - [BE->FE] [P: CesConfig,CesConfig,(2-1-63)] [O: CesDiffPair,CWA_N,CWA_P,(4420-1-46)]
[Ok][Addition] - [BE->FE] [P: CesConstraintClass,,(2-1-26)] [O: CesConstraintClass,DRV,(4420-2-26)]
[Ok][Addition] - [BE->FE] [P: CesConfig,CesConfig,(2-1-63)] [O: CesDiffPair,CWB_N,CWB_P,(4420-2-46)]
[Ok][Addition] - [BE->FE] [P: CesConstraintClass,,(2-1-26)] [O: CesConstraintClass,MUX,(4420-3-26)]
[Ok][Addition] - [BE->FE] [P: CesConfig,CesConfig,(2-1-63)] [O: CesDiffPair,CWC_N,CWC_P,(4420-3-46)]
[Ok][Addition] - [BE->FE] [P: CesConstraintClass,,(2-1-26)] [O: CesConstraintClass,ENCODER,(4420-4-26)]
[Ok][Addition] - [BE->FE] [P: CesConfig,CesConfig,(2-1-63)] [O: CesDiffPair,CWD_N,CWD_P,(4420-4-46)]
[Ok][Addition] - [BE->FE] [P: CesConstraintClass,,(2-1-26)] [O: CesConstraintClass,FPGA_JTAG,(4420-5-26)]
[Ok][Addition] - [BE->FE] [P: CesConstraintClass,,(2-1-26)] [O: CesConstraintClass,LVDS,(4420-6-26)]
[Ok][Addition] - [BE->FE] [P: CesConstraintClass,,(2-1-26)] [O: CesConstraintClass,ENCODER_DIFF,(4420-7-26)]
[Ok][Modification] - [BE->FE] [O: CesPhysicalNet,LVDS_TX0_N,(4123-58-49)]
[Ok][Modification] - [BE->FE] [O: CesPhysicalNet,LVDS_TX0_P,(4123-59-49)]
[Ok][Modification] - [BE->FE] [O: CesPhysicalNet,LVDS_TX1_N,(4123-60-49)]
[Ok][Modification] - [BE->FE] [O: CesPhysicalNet,LVDS_TX1_P,(4123-61-49)]
[Ok][Modification] - [BE->FE] [O: CesPhysicalNet,LVDS_TX2_N,(4123-62-49)]
[Ok][Modification] - [BE->FE] [O: CesPhysicalNet,LVDS_TX2_P,(4123-63-49)]
[Ok][Modification] - [BE->FE] [O: CesPhysicalNet,LVDS_TX3_N,(4123-64-49)]
[Ok][Modification] - [BE->FE] [O: CesPhysicalNet,LVDS_TX3_P,(4123-65-49)]
[Ok][Modification] - [BE->FE] [O: CesPhysicalNet,LVDS_CLK_N,(4123-66-49)]
[Ok][Modification] - [BE->FE] [O: CesPhysicalNet,LVDS_CLK_P,(4123-67-49)]
[Ok][Modification] - [BE->FE] [O: CesElectricalNet,RGB_CLK,(4123-8-47)]
[Ok][Modification] - [BE->FE] [O: CesElectricalNet,RGB_D0,(4123-32-47)]
[Ok][Modification] - [BE->FE] [O: CesElectricalNet,RGB_D1,(4123-33-47)]
[Ok][Modification] - [BE->FE] [O: CesElectricalNet,RGB_D2,(4123-34-47)]
[Ok][Modification] - [BE->FE] [O: CesElectricalNet,RGB_D3,(4123-35-47)]
[Ok][Modification] - [BE->FE] [O: CesElectricalNet,RGB_D4,(4123-36-47)]
[Ok][Modification] - [BE->FE] [O: CesElectricalNet,RGB_D5,(4123-37-47)]
[Ok][Modification] - [BE->FE] [O: CesElectricalNet,RGB_D6,(4123-38-47)]
[Ok][Modification] - [BE->FE] [O: CesElectricalNet,RGB_D7,(4123-39-47)]
[Ok][Modification] - [BE->FE] [O: CesElectricalNet,RGB_D8,(4123-40-47)]
[Ok][Modification] - [BE->FE] [O: CesElectricalNet,RGB_D9,(4123-41-47)]
[Ok][Modification] - [BE->FE] [O: CesElectricalNet,RGB_D10,(4123-42-47)]
[Ok][Modification] - [BE->FE] [O: CesElectricalNet,RGB_D11,(4123-43-47)]
[Ok][Modification] - [BE->FE] [O: CesElectricalNet,RGB_D12,(4123-44-47)]
[Ok][Modification] - [BE->FE] [O: CesElectricalNet,RGB_D13,(4123-45-47)]
[Ok][Modification] - [BE->FE] [O: CesElectricalNet,RGB_D14,(4123-46-47)]
[Ok][Modification] - [BE->FE] [O: CesElectricalNet,RGB_D15,(4123-47-47)]
[Ok][Modification] - [BE->FE] [O: CesElectricalNet,RGB_D16,(4123-48-47)]
[Ok][Modification] - [BE->FE] [O: CesElectricalNet,RGB_D17,(4123-49-47)]
[Ok][Modification] - [BE->FE] [O: CesElectricalNet,RGB_D18,(4123-50-47)]
[Ok][Modification] - [BE->FE] [O: CesElectricalNet,RGB_D19,(4123-51-47)]
[Ok][Modification] - [BE->FE] [O: CesElectricalNet,RGB_D20,(4123-52-47)]
[Ok][Modification] - [BE->FE] [O: CesElectricalNet,RGB_D21,(4123-53-47)]
[Ok][Modification] - [BE->FE] [O: CesElectricalNet,RGB_D22,(4123-54-47)]
[Ok][Modification] - [BE->FE] [O: CesElectricalNet,RGB_D23,(4123-55-47)]
[Ok][Modification] - [BE->FE] [O: CesElectricalNet,RGB_HSYNC,(4123-56-47)]
[Ok][Modification] - [BE->FE] [O: CesElectricalNet,RGB_VSYNC,(4123-57-47)]
[Ok][Modification] - [BE->FE] [O: CesElectricalNet,LVDS_TX0_N,(4123-58-47)]
[Ok][Modification] - [BE->FE] [O: CesElectricalNet,LVDS_TX0_P,(4123-59-47)]
[Ok][Modification] - [BE->FE] [O: CesElectricalNet,LVDS_TX1_N,(4123-60-47)]
[Ok][Modification] - [BE->FE] [O: CesElectricalNet,LVDS_TX1_P,(4123-61-47)]
[Ok][Modification] - [BE->FE] [O: CesElectricalNet,LVDS_TX2_N,(4123-62-47)]
[Ok][Modification] - [BE->FE] [O: CesElectricalNet,LVDS_TX2_P,(4123-63-47)]
[Ok][Modification] - [BE->FE] [O: CesElectricalNet,LVDS_TX3_N,(4123-64-47)]
[Ok][Modification] - [BE->FE] [O: CesElectricalNet,LVDS_TX3_P,(4123-65-47)]
[Ok][Modification] - [BE->FE] [O: CesElectricalNet,LVDS_CLK_N,(4123-66-47)]
[Ok][Modification] - [BE->FE] [O: CesElectricalNet,LVDS_CLK_P,(4123-67-47)]
[Ok][Modification] - [BE->FE] [O: CesElectricalNet,FPGA_JTAG_TMS,(4123-74-47)]
[Ok][Modification] - [BE->FE] [O: CesElectricalNet,FPGA_JTAG_TDI,(4123-75-47)]
[Ok][Modification] - [BE->FE] [O: CesElectricalNet,FPGA_JTAG_TDO,(4123-76-47)]
[Ok][Modification] - [BE->FE] [O: CesElectricalNet,FPGA_JTAG_TCK,(4123-77-47)]
[Ok][Modification] - [BE->FE] [O: CesElectricalNet,DRV_SIN_20,(4211-3-47)]
[Ok][Modification] - [BE->FE] [O: CesElectricalNet,DRV_SIN_21,(4211-4-47)]
[Ok][Modification] - [BE->FE] [O: CesElectricalNet,DRV_SIN_22,(4211-5-47)]
[Ok][Modification] - [BE->FE] [O: CesElectricalNet,DRV_SIN_23,(4211-6-47)]
[Ok][Modification] - [BE->FE] [O: CesElectricalNet,DRV_SIN_24,(4211-7-47)]
[Ok][Modification] - [BE->FE] [O: CesElectricalNet,DRV_SIN_25,(4211-8-47)]
[Ok][Modification] - [BE->FE] [O: CesElectricalNet,DRV_SIN_26,(4211-9-47)]
[Ok][Modification] - [BE->FE] [O: CesElectricalNet,DRV_SIN_27,(4211-10-47)]
[Ok][Modification] - [BE->FE] [O: CesElectricalNet,DRV_SIN_28,(4211-11-47)]
[Ok][Modification] - [BE->FE] [O: CesElectricalNet,DRV_SIN_29,(4211-12-47)]
[Ok][Modification] - [BE->FE] [O: CesElectricalNet,DRV_SCLK,(4211-13-47)]
[Ok][Modification] - [BE->FE] [O: CesElectricalNet,DRV_GCLK,(4211-14-47)]
[Ok][Modification] - [BE->FE] [O: CesElectricalNet,DRV_LAT,(4211-15-47)]
[Ok][Modification] - [BE->FE] [O: CesElectricalNet,DRV_SIN_0,(4211-16-47)]
[Ok][Modification] - [BE->FE] [O: CesElectricalNet,DRV_SIN_1,(4211-17-47)]
[Ok][Modification] - [BE->FE] [O: CesElectricalNet,DRV_SIN_2,(4211-18-47)]
[Ok][Modification] - [BE->FE] [O: CesElectricalNet,DRV_SIN_3,(4211-19-47)]
[Ok][Modification] - [BE->FE] [O: CesElectricalNet,DRV_SIN_4,(4211-20-47)]
[Ok][Modification] - [BE->FE] [O: CesElectricalNet,DRV_SIN_5,(4211-21-47)]
[Ok][Modification] - [BE->FE] [O: CesElectricalNet,DRV_SIN_6,(4211-22-47)]
[Ok][Modification] - [BE->FE] [O: CesElectricalNet,DRV_SIN_7,(4211-23-47)]
[Ok][Modification] - [BE->FE] [O: CesElectricalNet,DRV_SIN_8,(4211-24-47)]
[Ok][Modification] - [BE->FE] [O: CesElectricalNet,DRV_SIN_9,(4211-25-47)]
[Ok][Modification] - [BE->FE] [O: CesElectricalNet,DRV_SIN_10,(4211-26-47)]
[Ok][Modification] - [BE->FE] [O: CesElectricalNet,DRV_SIN_11,(4211-27-47)]
[Ok][Modification] - [BE->FE] [O: CesElectricalNet,DRV_SIN_12,(4211-28-47)]
[Ok][Modification] - [BE->FE] [O: CesElectricalNet,DRV_SIN_13,(4211-29-47)]
[Ok][Modification] - [BE->FE] [O: CesElectricalNet,DRV_SIN_14,(4211-30-47)]
[Ok][Modification] - [BE->FE] [O: CesElectricalNet,DRV_SIN_15,(4211-31-47)]
[Ok][Modification] - [BE->FE] [O: CesElectricalNet,DRV_SIN_16,(4211-32-47)]
[Ok][Modification] - [BE->FE] [O: CesElectricalNet,DRV_SIN_17,(4211-33-47)]
[Ok][Modification] - [BE->FE] [O: CesElectricalNet,DRV_SIN_18,(4211-34-47)]
[Ok][Modification] - [BE->FE] [O: CesElectricalNet,DRV_SIN_19,(4211-35-47)]
[Ok][Modification] - [BE->FE] [O: CesElectricalNet,MUX_0,(4211-37-47)]
[Ok][Modification] - [BE->FE] [O: CesElectricalNet,MUX_1,(4211-38-47)]
[Ok][Modification] - [BE->FE] [O: CesElectricalNet,MUX_2,(4211-39-47)]
[Ok][Modification] - [BE->FE] [O: CesElectricalNet,MUX_3,(4211-40-47)]
[Ok][Modification] - [BE->FE] [O: CesElectricalNet,MUX_4,(4211-41-47)]
[Ok][Modification] - [BE->FE] [O: CesElectricalNet,MUX_5,(4211-42-47)]
[Ok][Modification] - [BE->FE] [O: CesElectricalNet,MUX_6,(4211-43-47)]
[Ok][Modification] - [BE->FE] [O: CesElectricalNet,MUX_7,(4211-44-47)]
[Ok][Modification] - [BE->FE] [O: CesElectricalNet,DRV_SOUT_DATA,(4269-1-47)]
[Ok][Modification] - [BE->FE] [O: CesElectricalNet,ENCODER_A,(4385-1-47)]
[Ok][Modification] - [BE->FE] [O: CesElectricalNet,ENCODER_B,(4385-2-47)]
[Ok][Modification] - [BE->FE] [O: CesElectricalNet,ENCODER_C,(4385-3-47)]
[Ok][Modification] - [BE->FE] [O: CesElectricalNet,ENCODER_D,(4385-4-47)]
[Ok][Modification] - [BE->FE] [O: CesElectricalNet,CWA_N,(4385-5-47)]
[Ok][Modification] - [BE->FE] [O: CesElectricalNet,CWB_N,(4385-6-47)]
[Ok][Modification] - [BE->FE] [O: CesElectricalNet,CWC_N,(4385-7-47)]
[Ok][Modification] - [BE->FE] [O: CesElectricalNet,CWD_N,(4385-8-47)]
[Ok][Modification] - [BE->FE] [O: CesElectricalNet,CWA_P,(4385-9-47)]
[Ok][Modification] - [BE->FE] [O: CesElectricalNet,CWB_P,(4385-10-47)]
[Ok][Modification] - [BE->FE] [O: CesElectricalNet,CWC_P,(4385-11-47)]
[Ok][Modification] - [BE->FE] [O: CesElectricalNet,CWD_P,(4385-12-47)]

--------------------------------------------------------------------------------
 TOPOLOGY synchronization - START (2017-12-16 19:58:31) 
--------------------------------------------------------------------------------
--------------------------------------------------------------------------------
 TOPOLOGY synchronization - END (2017-12-16 19:58:31) 
--------------------------------------------------------------------------------
[Skipped][Addition] - [BE->FE] [P: CesPhysicalNet,CWA_N,(4385-5-49)] [O: CesConstraint,TOPO_ORDERED,(4419-1-22)]
[Skipped][Addition] - [BE->FE] [P: CesFromTo,U9-1,J3-2,(4419-1-50)] [O: CesConstraint,FROMTO_USERDEFINED,(4419-2-22)]
[Skipped][Addition] - [BE->FE] [P: CesPhysicalNet,CWA_P,(4385-9-49)] [O: CesConstraint,TOPO_ORDERED,(4419-3-22)]
[Skipped][Addition] - [BE->FE] [P: CesFromTo,U9-2,J3-3,(4419-2-50)] [O: CesConstraint,FROMTO_USERDEFINED,(4419-4-22)]
[Skipped][Addition] - [BE->FE] [P: CesPhysicalNet,CWB_N,(4385-6-49)] [O: CesConstraint,TOPO_ORDERED,(4419-5-22)]
[Skipped][Addition] - [BE->FE] [P: CesFromTo,U9-7,J3-4,(4419-3-50)] [O: CesConstraint,FROMTO_USERDEFINED,(4419-6-22)]
[Skipped][Addition] - [BE->FE] [P: CesPhysicalNet,CWB_P,(4385-10-49)] [O: CesConstraint,TOPO_ORDERED,(4419-7-22)]
[Skipped][Addition] - [BE->FE] [P: CesFromTo,U9-6,J3-5,(4419-4-50)] [O: CesConstraint,FROMTO_USERDEFINED,(4419-8-22)]
[Skipped][Addition] - [BE->FE] [P: CesPhysicalNet,CWC_N,(4385-7-49)] [O: CesConstraint,TOPO_ORDERED,(4419-9-22)]
[Skipped][Addition] - [BE->FE] [P: CesFromTo,U9-9,J3-6,(4419-5-50)] [O: CesConstraint,FROMTO_USERDEFINED,(4419-10-22)]
[Skipped][Addition] - [BE->FE] [P: CesPhysicalNet,CWC_P,(4385-11-49)] [O: CesConstraint,TOPO_ORDERED,(4419-11-22)]
[Skipped][Addition] - [BE->FE] [P: CesFromTo,U9-10,J3-7,(4419-6-50)] [O: CesConstraint,FROMTO_USERDEFINED,(4419-12-22)]
[Skipped][Addition] - [BE->FE] [P: CesPhysicalNet,CWD_N,(4385-8-49)] [O: CesConstraint,TOPO_ORDERED,(4419-13-22)]
[Skipped][Addition] - [BE->FE] [P: CesFromTo,U9-15,J3-8,(4419-7-50)] [O: CesConstraint,FROMTO_USERDEFINED,(4419-14-22)]
[Skipped][Addition] - [BE->FE] [P: CesPhysicalNet,CWD_P,(4385-12-49)] [O: CesConstraint,TOPO_ORDERED,(4419-15-22)]
[Skipped][Addition] - [BE->FE] [P: CesFromTo,U9-14,J3-9,(4419-8-50)] [O: CesConstraint,FROMTO_USERDEFINED,(4419-16-22)]
[Ok][Addition] - [BE->FE] [P: CesDiffPair,CWA_N,CWA_P,(4420-1-46)] [O: CesConstraint,ORDER_TYPE,(4420-37-22)]
[Skipped][Addition] - [BE->FE] [P: CesElectricalNet,CWA_N,(4385-5-47)] [O: CesConstraint,ORDER_TYPE,(4420-38-22)]
[Skipped][Addition] - [BE->FE] [P: CesElectricalNet,CWA_P,(4385-9-47)] [O: CesConstraint,ORDER_TYPE,(4420-39-22)]
[Skipped][Addition] - [BE->FE] [P: CesPhysicalNet,CWA_N,(4385-5-49)] [O: CesConstraint,ORDER_TYPE,(4420-40-22)]
[Skipped][Addition] - [BE->FE] [P: CesPhysicalNet,CWA_P,(4385-9-49)] [O: CesConstraint,ORDER_TYPE,(4420-41-22)]
[Ok][Addition] - [BE->FE] [P: CesDiffPair,CWB_N,CWB_P,(4420-2-46)] [O: CesConstraint,ORDER_TYPE,(4420-42-22)]
[Skipped][Addition] - [BE->FE] [P: CesElectricalNet,CWB_N,(4385-6-47)] [O: CesConstraint,ORDER_TYPE,(4420-43-22)]
[Skipped][Addition] - [BE->FE] [P: CesElectricalNet,CWB_P,(4385-10-47)] [O: CesConstraint,ORDER_TYPE,(4420-44-22)]
[Skipped][Addition] - [BE->FE] [P: CesPhysicalNet,CWB_N,(4385-6-49)] [O: CesConstraint,ORDER_TYPE,(4420-45-22)]
[Skipped][Addition] - [BE->FE] [P: CesPhysicalNet,CWB_P,(4385-10-49)] [O: CesConstraint,ORDER_TYPE,(4420-46-22)]
[Ok][Addition] - [BE->FE] [P: CesDiffPair,CWC_N,CWC_P,(4420-3-46)] [O: CesConstraint,ORDER_TYPE,(4420-47-22)]
[Skipped][Addition] - [BE->FE] [P: CesElectricalNet,CWC_N,(4385-7-47)] [O: CesConstraint,ORDER_TYPE,(4420-48-22)]
[Skipped][Addition] - [BE->FE] [P: CesElectricalNet,CWC_P,(4385-11-47)] [O: CesConstraint,ORDER_TYPE,(4420-49-22)]
[Skipped][Addition] - [BE->FE] [P: CesPhysicalNet,CWC_N,(4385-7-49)] [O: CesConstraint,ORDER_TYPE,(4420-50-22)]
[Skipped][Addition] - [BE->FE] [P: CesPhysicalNet,CWC_P,(4385-11-49)] [O: CesConstraint,ORDER_TYPE,(4420-51-22)]
[Ok][Addition] - [BE->FE] [P: CesDiffPair,CWD_N,CWD_P,(4420-4-46)] [O: CesConstraint,ORDER_TYPE,(4420-52-22)]
[Skipped][Addition] - [BE->FE] [P: CesElectricalNet,CWD_N,(4385-8-47)] [O: CesConstraint,ORDER_TYPE,(4420-53-22)]
[Skipped][Addition] - [BE->FE] [P: CesElectricalNet,CWD_P,(4385-12-47)] [O: CesConstraint,ORDER_TYPE,(4420-54-22)]
[Skipped][Addition] - [BE->FE] [P: CesPhysicalNet,CWD_N,(4385-8-49)] [O: CesConstraint,ORDER_TYPE,(4420-55-22)]
[Skipped][Addition] - [BE->FE] [P: CesPhysicalNet,CWD_P,(4385-12-49)] [O: CesConstraint,ORDER_TYPE,(4420-56-22)]
[Ok][Addition] - [BE->FE] [P: CesConstraintClass,RGB,(4420-1-26)] [O: CesConstraint,BUS,(4420-57-22)]
[Ok][Addition] - [BE->FE] [P: CesConstraintClass,DRV,(4420-2-26)] [O: CesConstraint,BUS,(4420-58-22)]
[Ok][Addition] - [BE->FE] [P: CesConstraintClass,MUX,(4420-3-26)] [O: CesConstraint,BUS,(4420-59-22)]
[Ok][Addition] - [BE->FE] [P: CesConstraintClass,ENCODER,(4420-4-26)] [O: CesConstraint,BUS,(4420-60-22)]
[Ok][Addition] - [BE->FE] [P: CesConstraintClass,FPGA_JTAG,(4420-5-26)] [O: CesConstraint,BUS,(4420-61-22)]
[Ok][Addition] - [BE->FE] [P: CesElectricalNet,CWA_N,(4385-5-47)] [O: CesConstraint,TEMPLATE,(4420-62-22)]
[Ok][Addition] - [BE->FE] [P: CesElectricalNet,CWA_P,(4385-9-47)] [O: CesConstraint,TEMPLATE,(4420-63-22)]
[Ok][Addition] - [BE->FE] [P: CesElectricalNet,CWB_N,(4385-6-47)] [O: CesConstraint,TEMPLATE,(4420-64-22)]
[Ok][Addition] - [BE->FE] [P: CesElectricalNet,CWB_P,(4385-10-47)] [O: CesConstraint,TEMPLATE,(4420-65-22)]
[Ok][Addition] - [BE->FE] [P: CesElectricalNet,CWC_N,(4385-7-47)] [O: CesConstraint,TEMPLATE,(4420-66-22)]
[Ok][Addition] - [BE->FE] [P: CesElectricalNet,CWC_P,(4385-11-47)] [O: CesConstraint,TEMPLATE,(4420-67-22)]
[Ok][Addition] - [BE->FE] [P: CesElectricalNet,CWD_N,(4385-8-47)] [O: CesConstraint,TEMPLATE,(4420-68-22)]
[Ok][Addition] - [BE->FE] [P: CesElectricalNet,CWD_P,(4385-12-47)] [O: CesConstraint,TEMPLATE,(4420-69-22)]
--------------------------------------------------------------------------------
 CES synchronization - END (2017-12-16 19:58:31) 
--------------------------------------------------------------------------------
--------------------------------------------------------------------------------
 VMVariant synchronization - START (2017-12-16 19:58:31) 
--------------------------------------------------------------------------------
--------------------------------------------------------------------------------
 VMVariant synchronization - END (2017-12-16 19:58:31) 
--------------------------------------------------------------------------------
--------------------------------------------------------------------------------
 Project integration - END (2017-12-16 19:58:31) 
--------------------------------------------------------------------------------
