--------------------------------------------------------------------------------
 Project integration - START (2018-01-09 14:16:39) 
--------------------------------------------------------------------------------
FE snapshot name: DCDV
BE snapshot name: PCB_Layout_Temp
Top level block: (2-1-5)
Parameters: BAConnectivity,BAConstraints,FEWin,
--------------------------------------------------------------------------------
--------------------------------------------------------------------------------
 Connection synchronization - START (2018-01-09 14:16:39) 
--------------------------------------------------------------------------------
[Ok][Modification] - [BE->FE] [P: Block,Schematic1,(2-1-5)] [O: FlatComp,EP3C40_QFP240_ALIM;9,(4123-1-8)]
	Property: Cell Name, Operation: Change
[Ok][Modification] - [BE->FE] [P: Block,Schematic1,(2-1-5)] [O: FlatComp,EP3C40_QFP240_B1B2;10,(4228-1-8)]
	Property: Cell Name, Operation: Change
[Ok][Modification] - [BE->FE] [P: Block,Schematic1,(2-1-5)] [O: FlatComp,EP3C40_QFP240_B3B4;11,(4232-1-8)]
	Property: Cell Name, Operation: Change
[Ok][Modification] - [BE->FE] [P: Block,Schematic1,(2-1-5)] [O: FlatComp,REGULATEUR_GND2;2,(4281-1-8)]
	Property: Cell Name, Operation: Change
[Ok][Modification] - [BE->FE] [P: Block,Schematic1,(2-1-5)] [O: FlatComp,AH1885;3,(4324-1-8)]
	Property: Cell Name, Operation: Change
[Ok][Modification] - [BE->FE] [P: Block,Schematic1,(2-1-5)] [O: FlatComp,CAP_NP;5,(4354-1-8)]
	Property: Cell Name, Operation: Change
[Ok][Modification] - [BE->FE] [P: Block,Schematic1,(2-1-5)] [O: FlatComp,CAP_NP;5,(4356-1-8)]
	Property: Cell Name, Operation: Change
[Ok][Modification] - [BE->FE] [P: Block,Schematic1,(2-1-5)] [O: FlatComp,CAP_NP;5,(4367-1-8)]
	Property: Cell Name, Operation: Change
[Ok][Modification] - [BE->FE] [P: Block,Schematic1,(2-1-5)] [O: FlatComp,LT1765;1,(4376-1-8)]
	Property: Cell Name, Operation: Change
[Ok][Modification] - [BE->FE] [P: Block,Schematic1,(2-1-5)] [O: FlatComp,CON10_188275;2,(4385-1-8)]
	Property: Cell Name, Operation: Change
[Ok][Modification] - [BE->FE] [P: Block,Schematic1,(2-1-5)] [O: FlatComp,TEST_POINT;2,(5089-1-8)]
	Property: Cell Name, Operation: Change
[Ok][Modification] - [BE->FE] [P: Block,Schematic1,(2-1-5)] [O: FlatComp,TEST_POINT;2,(5200-1-8)]
	Property: Cell Name, Operation: Change
[Ok][Modification] - [BE->FE] [P: Block,Schematic1,(2-1-5)] [O: FlatComp,TEST_POINT;2,(5262-1-8)]
	Property: Cell Name, Operation: Change
[Ok][Modification] - [BE->FE] [P: Block,Schematic1,(2-1-5)] [O: FlatComp,CON28_HE10;2,(5324-1-8)]
	Property: Cell Name, Operation: Change
[Ok][Modification] - [BE->FE] [P: Block,Schematic1,(2-1-5)] [O: FlatComp,CAP_NP;5,(5390-1-8)]
	Property: Cell Name, Operation: Change
[Ok][Modification] - [BE->FE] [P: Block,Schematic1,(2-1-5)] [O: FlatComp,RES;9,(5427-1-8)]
	Property: Cell Name, Operation: Change
[Ok][Modification] - [BE->FE] [P: Block,Schematic1,(2-1-5)] [O: FlatComp,FERRITE;4,(4155-2-8)]
	Property: Cell Name, Operation: Change
[Ok][Modification] - [BE->FE] [P: Block,Schematic1,(2-1-5)] [O: FlatComp,EP3C40_QFP240_B5B6;10,(4232-2-8)]
	Property: Cell Name, Operation: Change
[Ok][Modification] - [BE->FE] [P: Block,Schematic1,(2-1-5)] [O: FlatComp,CAP_NP;5,(4281-2-8)]
	Property: Cell Name, Operation: Change
[Ok][Modification] - [BE->FE] [P: Block,Schematic1,(2-1-5)] [O: FlatComp,AH1885;3,(4324-2-8)]
	Property: Cell Name, Operation: Change
[Ok][Modification] - [BE->FE] [P: Block,Schematic1,(2-1-5)] [O: FlatComp,CAP_NP;5,(4354-2-8)]
	Property: Cell Name, Operation: Change
[Ok][Modification] - [BE->FE] [P: Block,Schematic1,(2-1-5)] [O: FlatComp,CAP_NP;5,(4356-2-8)]
	Property: Cell Name, Operation: Change
[Ok][Modification] - [BE->FE] [P: Block,Schematic1,(2-1-5)] [O: FlatComp,CAP_NP;5,(4367-2-8)]
	Property: Cell Name, Operation: Change
[Ok][Modification] - [BE->FE] [P: Block,Schematic1,(2-1-5)] [O: FlatComp,CAP_NP;5,(4376-2-8)]
	Property: Cell Name, Operation: Change
[Ok][Modification] - [BE->FE] [P: Block,Schematic1,(2-1-5)] [O: FlatComp,DS26LV32;3,(4385-2-8)]
	Property: Cell Name, Operation: Change
[Ok][Modification] - [BE->FE] [P: Block,Schematic1,(2-1-5)] [O: FlatComp,TEST_POINT;2,(5089-2-8)]
	Property: Cell Name, Operation: Change
[Ok][Modification] - [BE->FE] [P: Block,Schematic1,(2-1-5)] [O: FlatComp,TEST_POINT;2,(5200-2-8)]
	Property: Cell Name, Operation: Change
[Ok][Modification] - [BE->FE] [P: Block,Schematic1,(2-1-5)] [O: FlatComp,TEST_POINT;2,(5262-2-8)]
	Property: Cell Name, Operation: Change
[Ok][Modification] - [BE->FE] [P: Block,Schematic1,(2-1-5)] [O: FlatComp,CON28_HE10;2,(5324-2-8)]
	Property: Cell Name, Operation: Change
[Ok][Modification] - [BE->FE] [P: Block,Schematic1,(2-1-5)] [O: FlatComp,CAP_NP;5,(5390-2-8)]
	Property: Cell Name, Operation: Change
[Ok][Modification] - [BE->FE] [P: Block,Schematic1,(2-1-5)] [O: FlatComp,RES;9,(5427-2-8)]
	Property: Cell Name, Operation: Change
[Ok][Modification] - [BE->FE] [P: Block,Schematic1,(2-1-5)] [O: FlatComp,RES;8,(4123-3-8)]
	Property: Cell Name, Operation: Change
[Ok][Modification] - [BE->FE] [P: Block,Schematic1,(2-1-5)] [O: FlatComp,FERRITE;4,(4155-3-8)]
	Property: Cell Name, Operation: Change
[Ok][Modification] - [BE->FE] [P: Block,Schematic1,(2-1-5)] [O: FlatComp,CAP_NP;5,(4211-3-8)]
	Property: Cell Name, Operation: Change
[Ok][Modification] - [BE->FE] [P: Block,Schematic1,(2-1-5)] [O: FlatComp,CAP_NP;5,(4281-3-8)]
	Property: Cell Name, Operation: Change
[Ok][Modification] - [BE->FE] [P: Block,Schematic1,(2-1-5)] [O: FlatComp,CAP_NP;5,(4354-3-8)]
	Property: Cell Name, Operation: Change
[Ok][Modification] - [BE->FE] [P: Block,Schematic1,(2-1-5)] [O: FlatComp,CAP_NP;5,(4356-3-8)]
	Property: Cell Name, Operation: Change
[Ok][Modification] - [BE->FE] [P: Block,Schematic1,(2-1-5)] [O: FlatComp,CAP_NP;5,(4367-3-8)]
	Property: Cell Name, Operation: Change
[Ok][Modification] - [BE->FE] [P: Block,Schematic1,(2-1-5)] [O: FlatComp,CAP_NP;5,(4376-3-8)]
	Property: Cell Name, Operation: Change
[Ok][Modification] - [BE->FE] [P: Block,Schematic1,(2-1-5)] [O: FlatComp,TEST_POINT;2,(5200-3-8)]
	Property: Cell Name, Operation: Change
[Ok][Modification] - [BE->FE] [P: Block,Schematic1,(2-1-5)] [O: FlatComp,TEST_POINT;2,(5262-3-8)]
	Property: Cell Name, Operation: Change
[Ok][Modification] - [BE->FE] [P: Block,Schematic1,(2-1-5)] [O: FlatComp,CON28_HE10;2,(5324-3-8)]
	Property: Cell Name, Operation: Change
[Ok][Modification] - [BE->FE] [P: Block,Schematic1,(2-1-5)] [O: FlatComp,RES;8,(4123-4-8)]
	Property: Cell Name, Operation: Change
[Ok][Modification] - [BE->FE] [P: Block,Schematic1,(2-1-5)] [O: FlatComp,CAP_NP;5,(4155-4-8)]
	Property: Cell Name, Operation: Change
[Ok][Modification] - [BE->FE] [P: Block,Schematic1,(2-1-5)] [O: FlatComp,CAP_NP;5,(4211-4-8)]
	Property: Cell Name, Operation: Change
[Ok][Modification] - [BE->FE] [P: Block,Schematic1,(2-1-5)] [O: FlatComp,PTH12040WAD;10,(4281-4-8)]
	Property: Cell Name, Operation: Change
[Ok][Modification] - [BE->FE] [P: Block,Schematic1,(2-1-5)] [O: FlatComp,CAP_NP;5,(4354-4-8)]
	Property: Cell Name, Operation: Change
[Ok][Modification] - [BE->FE] [P: Block,Schematic1,(2-1-5)] [O: FlatComp,CAP_NP;5,(4356-4-8)]
	Property: Cell Name, Operation: Change
[Ok][Modification] - [BE->FE] [P: Block,Schematic1,(2-1-5)] [O: FlatComp,RES;8,(4367-4-8)]
	Property: Cell Name, Operation: Change
[Ok][Modification] - [BE->FE] [P: Block,Schematic1,(2-1-5)] [O: FlatComp,SELF_L;2,(4376-4-8)]
	Property: Cell Name, Operation: Change
[Ok][Modification] - [BE->FE] [P: Block,Schematic1,(2-1-5)] [O: FlatComp,TEST_POINT;2,(5089-4-8)]
	Property: Cell Name, Operation: Change
[Ok][Modification] - [BE->FE] [P: Block,Schematic1,(2-1-5)] [O: FlatComp,TEST_POINT;2,(5200-4-8)]
	Property: Cell Name, Operation: Change
[Ok][Modification] - [BE->FE] [P: Block,Schematic1,(2-1-5)] [O: FlatComp,TEST_POINT;2,(5262-4-8)]
	Property: Cell Name, Operation: Change
[Ok][Modification] - [BE->FE] [P: Block,Schematic1,(2-1-5)] [O: FlatComp,CON28_HE10;2,(5324-4-8)]
	Property: Cell Name, Operation: Change
[Ok][Modification] - [BE->FE] [P: Block,Schematic1,(2-1-5)] [O: FlatComp,CAP_NP;5,(4155-5-8)]
	Property: Cell Name, Operation: Change
[Ok][Modification] - [BE->FE] [P: Block,Schematic1,(2-1-5)] [O: FlatComp,CAP_NP;5,(4211-5-8)]
	Property: Cell Name, Operation: Change
[Ok][Modification] - [BE->FE] [P: Block,Schematic1,(2-1-5)] [O: FlatComp,NMOS;6,(4317-5-8)]
	Property: Cell Name, Operation: Change
[Ok][Modification] - [BE->FE] [P: Block,Schematic1,(2-1-5)] [O: FlatComp,CAP_NP;5,(4354-5-8)]
	Property: Cell Name, Operation: Change
[Ok][Modification] - [BE->FE] [P: Block,Schematic1,(2-1-5)] [O: FlatComp,CAP_CHIM;3,(4367-5-8)]
	Property: Cell Name, Operation: Change
[Ok][Modification] - [BE->FE] [P: Block,Schematic1,(2-1-5)] [O: FlatComp,SCHOTTKY;8,(4376-5-8)]
	Property: Cell Name, Operation: Change
[Ok][Modification] - [BE->FE] [P: Block,Schematic1,(2-1-5)] [O: FlatComp,TEST_POINT;2,(5089-5-8)]
	Property: Cell Name, Operation: Change
[Ok][Modification] - [BE->FE] [P: Block,Schematic1,(2-1-5)] [O: FlatComp,TEST_POINT;2,(5200-5-8)]
	Property: Cell Name, Operation: Change
[Ok][Modification] - [BE->FE] [P: Block,Schematic1,(2-1-5)] [O: FlatComp,FERRITE;4,(4155-6-8)]
	Property: Cell Name, Operation: Change
[Ok][Modification] - [BE->FE] [P: Block,Schematic1,(2-1-5)] [O: FlatComp,CAP_NP;5,(4211-6-8)]
	Property: Cell Name, Operation: Change
[Ok][Modification] - [BE->FE] [P: Block,Schematic1,(2-1-5)] [O: FlatComp,CAP_NP;5,(4354-6-8)]
	Property: Cell Name, Operation: Change
[Ok][Modification] - [BE->FE] [P: Block,Schematic1,(2-1-5)] [O: FlatComp,RES;8,(4367-6-8)]
	Property: Cell Name, Operation: Change
[Ok][Modification] - [BE->FE] [P: Block,Schematic1,(2-1-5)] [O: FlatComp,SCHOTTKY;8,(4376-6-8)]
	Property: Cell Name, Operation: Change
[Ok][Modification] - [BE->FE] [P: Block,Schematic1,(2-1-5)] [O: FlatComp,TEST_POINT;2,(5200-6-8)]
	Property: Cell Name, Operation: Change
[Ok][Modification] - [BE->FE] [P: Block,Schematic1,(2-1-5)] [O: FlatComp,FERRITE;4,(4155-7-8)]
	Property: Cell Name, Operation: Change
[Ok][Modification] - [BE->FE] [P: Block,Schematic1,(2-1-5)] [O: FlatComp,CAP_NP;5,(4354-7-8)]
	Property: Cell Name, Operation: Change
[Ok][Modification] - [BE->FE] [P: Block,Schematic1,(2-1-5)] [O: FlatComp,CAP_NP;5,(4376-7-8)]
	Property: Cell Name, Operation: Change
[Ok][Modification] - [BE->FE] [P: Block,Schematic1,(2-1-5)] [O: FlatComp,TEST_POINT;2,(5200-7-8)]
	Property: Cell Name, Operation: Change
[Ok][Modification] - [BE->FE] [P: Block,Schematic1,(2-1-5)] [O: FlatComp,CAP_NP;5,(4155-8-8)]
	Property: Cell Name, Operation: Change
[Ok][Modification] - [BE->FE] [P: Block,Schematic1,(2-1-5)] [O: FlatComp,CAP_CHIM;3,(4281-8-8)]
	Property: Cell Name, Operation: Change
[Ok][Modification] - [BE->FE] [P: Block,Schematic1,(2-1-5)] [O: FlatComp,CAP_NP;5,(4354-8-8)]
	Property: Cell Name, Operation: Change
[Ok][Modification] - [BE->FE] [P: Block,Schematic1,(2-1-5)] [O: FlatComp,CAP_NP;5,(4376-8-8)]
	Property: Cell Name, Operation: Change
[Ok][Modification] - [BE->FE] [P: Block,Schematic1,(2-1-5)] [O: FlatComp,TEST_POINT;2,(5190-8-8)]
	Property: Cell Name, Operation: Change
[Ok][Modification] - [BE->FE] [P: Block,Schematic1,(2-1-5)] [O: FlatComp,CAP_NP;5,(4155-9-8)]
	Property: Cell Name, Operation: Change
[Ok][Modification] - [BE->FE] [P: Block,Schematic1,(2-1-5)] [O: FlatComp,CAP_CHIM;3,(4281-9-8)]
	Property: Cell Name, Operation: Change
[Ok][Modification] - [BE->FE] [P: Block,Schematic1,(2-1-5)] [O: FlatComp,CAP_NP;5,(4354-9-8)]
	Property: Cell Name, Operation: Change
[Ok][Modification] - [BE->FE] [P: Block,Schematic1,(2-1-5)] [O: FlatComp,CON4_188275;2,(4376-9-8)]
	Property: Cell Name, Operation: Change
[Ok][Modification] - [BE->FE] [P: Block,Schematic1,(2-1-5)] [O: FlatComp,TEST_POINT;2,(5190-9-8)]
	Property: Cell Name, Operation: Change
[Ok][Modification] - [BE->FE] [P: Block,Schematic1,(2-1-5)] [O: FlatComp,CAP_NP;5,(4155-10-8)]
	Property: Cell Name, Operation: Change
[Ok][Modification] - [BE->FE] [P: Block,Schematic1,(2-1-5)] [O: FlatComp,CAP_CHIM;3,(4281-10-8)]
	Property: Cell Name, Operation: Change
[Ok][Modification] - [BE->FE] [P: Block,Schematic1,(2-1-5)] [O: FlatComp,CAP_NP;5,(4354-10-8)]
	Property: Cell Name, Operation: Change
[Ok][Modification] - [BE->FE] [P: Block,Schematic1,(2-1-5)] [O: FlatComp,TEST_POINT;2,(5190-10-8)]
	Property: Cell Name, Operation: Change
[Ok][Modification] - [BE->FE] [P: Block,Schematic1,(2-1-5)] [O: FlatComp,CAP_NP;5,(4155-11-8)]
	Property: Cell Name, Operation: Change
[Ok][Modification] - [BE->FE] [P: Block,Schematic1,(2-1-5)] [O: FlatComp,CAP_CHIM;3,(4281-11-8)]
	Property: Cell Name, Operation: Change
[Ok][Modification] - [BE->FE] [P: Block,Schematic1,(2-1-5)] [O: FlatComp,CAP_NP;5,(4354-11-8)]
	Property: Cell Name, Operation: Change
[Ok][Modification] - [BE->FE] [P: Block,Schematic1,(2-1-5)] [O: FlatComp,TEST_POINT;2,(5190-11-8)]
	Property: Cell Name, Operation: Change
[Ok][Modification] - [BE->FE] [P: Block,Schematic1,(2-1-5)] [O: FlatComp,CAP_NP;5,(4155-12-8)]
	Property: Cell Name, Operation: Change
[Ok][Modification] - [BE->FE] [P: Block,Schematic1,(2-1-5)] [O: FlatComp,CAP_CHIM;3,(4281-12-8)]
	Property: Cell Name, Operation: Change
[Ok][Modification] - [BE->FE] [P: Block,Schematic1,(2-1-5)] [O: FlatComp,CAP_NP;5,(4354-12-8)]
	Property: Cell Name, Operation: Change
[Ok][Modification] - [BE->FE] [P: Block,Schematic1,(2-1-5)] [O: FlatComp,TEST_POINT;2,(5190-12-8)]
	Property: Cell Name, Operation: Change
[Ok][Modification] - [BE->FE] [P: Block,Schematic1,(2-1-5)] [O: FlatComp,CAP_NP;5,(4155-13-8)]
	Property: Cell Name, Operation: Change
[Ok][Modification] - [BE->FE] [P: Block,Schematic1,(2-1-5)] [O: FlatComp,CAP_CHIM;3,(4281-13-8)]
	Property: Cell Name, Operation: Change
[Ok][Modification] - [BE->FE] [P: Block,Schematic1,(2-1-5)] [O: FlatComp,CAP_NP;5,(4354-13-8)]
	Property: Cell Name, Operation: Change
[Ok][Modification] - [BE->FE] [P: Block,Schematic1,(2-1-5)] [O: FlatComp,TEST_POINT;2,(5190-13-8)]
	Property: Cell Name, Operation: Change
[Ok][Modification] - [BE->FE] [P: Block,Schematic1,(2-1-5)] [O: FlatComp,RES;8,(4281-14-8)]
	Property: Cell Name, Operation: Change
[Ok][Modification] - [BE->FE] [P: Block,Schematic1,(2-1-5)] [O: FlatComp,CAP_NP;5,(4354-14-8)]
	Property: Cell Name, Operation: Change
[Ok][Modification] - [BE->FE] [P: Block,Schematic1,(2-1-5)] [O: FlatComp,TEST_POINT;2,(5190-14-8)]
	Property: Cell Name, Operation: Change
[Ok][Modification] - [BE->FE] [P: Block,Schematic1,(2-1-5)] [O: FlatComp,LTC3633;9,(4281-15-8)]
	Property: Cell Name, Operation: Change
[Ok][Modification] - [BE->FE] [P: Block,Schematic1,(2-1-5)] [O: FlatComp,CAP_NP;5,(4354-15-8)]
	Property: Cell Name, Operation: Change
[Ok][Modification] - [BE->FE] [P: Block,Schematic1,(2-1-5)] [O: FlatComp,TEST_POINT;2,(5190-15-8)]
	Property: Cell Name, Operation: Change
[Ok][Modification] - [BE->FE] [P: Block,Schematic1,(2-1-5)] [O: FlatComp,CAP_NP;5,(4354-16-8)]
	Property: Cell Name, Operation: Change
[Ok][Modification] - [BE->FE] [P: Block,Schematic1,(2-1-5)] [O: FlatComp,TEST_POINT;2,(5190-16-8)]
	Property: Cell Name, Operation: Change
[Ok][Modification] - [BE->FE] [P: Block,Schematic1,(2-1-5)] [O: FlatComp,CAP_NP;5,(4354-17-8)]
	Property: Cell Name, Operation: Change
[Ok][Modification] - [BE->FE] [P: Block,Schematic1,(2-1-5)] [O: FlatComp,TEST_POINT;2,(5190-17-8)]
	Property: Cell Name, Operation: Change
[Ok][Modification] - [BE->FE] [P: Block,Schematic1,(2-1-5)] [O: FlatComp,CAP_NP;5,(4281-18-8)]
	Property: Cell Name, Operation: Change
[Ok][Modification] - [BE->FE] [P: Block,Schematic1,(2-1-5)] [O: FlatComp,CAP_NP;5,(4354-18-8)]
	Property: Cell Name, Operation: Change
[Ok][Modification] - [BE->FE] [P: Block,Schematic1,(2-1-5)] [O: FlatComp,TEST_POINT;2,(5190-18-8)]
	Property: Cell Name, Operation: Change
[Ok][Modification] - [BE->FE] [P: Block,Schematic1,(2-1-5)] [O: FlatComp,CAP_NP;5,(4281-19-8)]
	Property: Cell Name, Operation: Change
[Ok][Modification] - [BE->FE] [P: Block,Schematic1,(2-1-5)] [O: FlatComp,CAP_NP;5,(4354-19-8)]
	Property: Cell Name, Operation: Change
[Ok][Modification] - [BE->FE] [P: Block,Schematic1,(2-1-5)] [O: FlatComp,TEST_POINT;2,(5190-19-8)]
	Property: Cell Name, Operation: Change
[Ok][Modification] - [BE->FE] [P: Block,Schematic1,(2-1-5)] [O: FlatComp,CAP_NP;5,(4281-20-8)]
	Property: Cell Name, Operation: Change
[Ok][Modification] - [BE->FE] [P: Block,Schematic1,(2-1-5)] [O: FlatComp,CAP_NP;5,(4354-20-8)]
	Property: Cell Name, Operation: Change
[Ok][Modification] - [BE->FE] [P: Block,Schematic1,(2-1-5)] [O: FlatComp,TEST_POINT;2,(5190-20-8)]
	Property: Cell Name, Operation: Change
[Ok][Modification] - [BE->FE] [P: Block,Schematic1,(2-1-5)] [O: FlatComp,CAP_NP;5,(4281-21-8)]
	Property: Cell Name, Operation: Change
[Ok][Modification] - [BE->FE] [P: Block,Schematic1,(2-1-5)] [O: FlatComp,CAP_NP;5,(4354-21-8)]
	Property: Cell Name, Operation: Change
[Ok][Modification] - [BE->FE] [P: Block,Schematic1,(2-1-5)] [O: FlatComp,TEST_POINT;2,(5190-21-8)]
	Property: Cell Name, Operation: Change
[Ok][Modification] - [BE->FE] [P: Block,Schematic1,(2-1-5)] [O: FlatComp,CAP_NP;5,(4281-22-8)]
	Property: Cell Name, Operation: Change
[Ok][Modification] - [BE->FE] [P: Block,Schematic1,(2-1-5)] [O: FlatComp,CAP_NP;5,(4354-22-8)]
	Property: Cell Name, Operation: Change
[Ok][Modification] - [BE->FE] [P: Block,Schematic1,(2-1-5)] [O: FlatComp,TEST_POINT;2,(5190-22-8)]
	Property: Cell Name, Operation: Change
[Ok][Modification] - [BE->FE] [P: Block,Schematic1,(2-1-5)] [O: FlatComp,RES;8,(4281-23-8)]
	Property: Cell Name, Operation: Change
[Ok][Modification] - [BE->FE] [P: Block,Schematic1,(2-1-5)] [O: FlatComp,CAP_NP;5,(4354-23-8)]
	Property: Cell Name, Operation: Change
[Ok][Modification] - [BE->FE] [P: Block,Schematic1,(2-1-5)] [O: FlatComp,TEST_POINT;2,(5190-23-8)]
	Property: Cell Name, Operation: Change
[Ok][Modification] - [BE->FE] [P: Block,Schematic1,(2-1-5)] [O: FlatComp,RES;8,(4281-24-8)]
	Property: Cell Name, Operation: Change
[Ok][Modification] - [BE->FE] [P: Block,Schematic1,(2-1-5)] [O: FlatComp,CAP_NP;5,(4354-24-8)]
	Property: Cell Name, Operation: Change
[Ok][Modification] - [BE->FE] [P: Block,Schematic1,(2-1-5)] [O: FlatComp,TEST_POINT;2,(5190-24-8)]
	Property: Cell Name, Operation: Change
[Ok][Modification] - [BE->FE] [P: Block,Schematic1,(2-1-5)] [O: FlatComp,RES;8,(4281-25-8)]
	Property: Cell Name, Operation: Change
[Ok][Modification] - [BE->FE] [P: Block,Schematic1,(2-1-5)] [O: FlatComp,CAP_NP;5,(4354-25-8)]
	Property: Cell Name, Operation: Change
[Ok][Modification] - [BE->FE] [P: Block,Schematic1,(2-1-5)] [O: FlatComp,TEST_POINT;2,(5190-25-8)]
	Property: Cell Name, Operation: Change
[Ok][Modification] - [BE->FE] [P: Block,Schematic1,(2-1-5)] [O: FlatComp,RES;8,(4281-26-8)]
	Property: Cell Name, Operation: Change
[Ok][Modification] - [BE->FE] [P: Block,Schematic1,(2-1-5)] [O: FlatComp,CAP_NP;5,(4354-26-8)]
	Property: Cell Name, Operation: Change
[Ok][Modification] - [BE->FE] [P: Block,Schematic1,(2-1-5)] [O: FlatComp,TEST_POINT;2,(5190-26-8)]
	Property: Cell Name, Operation: Change
[Ok][Modification] - [BE->FE] [P: Block,Schematic1,(2-1-5)] [O: FlatComp,SELF_L;2,(4281-27-8)]
	Property: Cell Name, Operation: Change
[Ok][Modification] - [BE->FE] [P: Block,Schematic1,(2-1-5)] [O: FlatComp,CAP_NP;5,(4354-27-8)]
	Property: Cell Name, Operation: Change
[Ok][Modification] - [BE->FE] [P: Block,Schematic1,(2-1-5)] [O: FlatComp,TEST_POINT;2,(5190-27-8)]
	Property: Cell Name, Operation: Change
[Ok][Modification] - [BE->FE] [P: Block,Schematic1,(2-1-5)] [O: FlatComp,SELF_L;2,(4281-28-8)]
	Property: Cell Name, Operation: Change
[Ok][Modification] - [BE->FE] [P: Block,Schematic1,(2-1-5)] [O: FlatComp,CAP_NP;5,(4354-28-8)]
	Property: Cell Name, Operation: Change
[Ok][Modification] - [BE->FE] [P: Block,Schematic1,(2-1-5)] [O: FlatComp,TEST_POINT;2,(5190-28-8)]
	Property: Cell Name, Operation: Change
[Ok][Modification] - [BE->FE] [P: Block,Schematic1,(2-1-5)] [O: FlatComp,TEST_POINT;2,(5190-29-8)]
	Property: Cell Name, Operation: Change
[Ok][Modification] - [BE->FE] [P: Block,Schematic1,(2-1-5)] [O: FlatComp,TEST_POINT;2,(5190-30-8)]
	Property: Cell Name, Operation: Change
[Ok][Modification] - [BE->FE] [P: Block,Schematic1,(2-1-5)] [O: FlatComp,TEST_POINT;2,(5190-31-8)]
	Property: Cell Name, Operation: Change
[Ok][Modification] - [BE->FE] [P: Block,Schematic1,(2-1-5)] [O: FlatComp,TEST_POINT;2,(5190-32-8)]
	Property: Cell Name, Operation: Change
[Ok][Modification] - [BE->FE] [P: Block,Schematic1,(2-1-5)] [O: FlatComp,TEST_POINT;2,(5190-33-8)]
	Property: Cell Name, Operation: Change
[Ok][Modification] - [BE->FE] [P: Block,Schematic1,(2-1-5)] [O: FlatComp,TEST_POINT;2,(5190-34-8)]
	Property: Cell Name, Operation: Change
[Ok][Modification] - [BE->FE] [P: Block,Schematic1,(2-1-5)] [O: FlatComp,TEST_POINT;2,(5190-35-8)]
	Property: Cell Name, Operation: Change
[Ok][Modification] - [BE->FE] [P: Block,Schematic1,(2-1-5)] [O: FlatComp,TEST_POINT;2,(5190-36-8)]
	Property: Cell Name, Operation: Change
[Ok][Modification] - [BE->FE] [P: Block,Schematic1,(2-1-5)] [O: FlatComp,TEST_POINT;2,(5190-37-8)]
	Property: Cell Name, Operation: Change
[Ok][Modification] - [BE->FE] [P: Block,Schematic1,(2-1-5)] [O: FlatComp,TEST_POINT;2,(5190-38-8)]
	Property: Cell Name, Operation: Change
[Ok][Modification] - [BE->FE] [P: Block,Schematic1,(2-1-5)] [O: FlatComp,TEST_POINT;2,(5190-39-8)]
	Property: Cell Name, Operation: Change
[Ok][Modification] - [BE->FE] [P: Block,Schematic1,(2-1-5)] [O: FlatComp,TEST_POINT;2,(5190-40-8)]
	Property: Cell Name, Operation: Change
[Ok][Modification] - [BE->FE] [P: Block,Schematic1,(2-1-5)] [O: FlatComp,TEST_POINT;2,(5190-41-8)]
	Property: Cell Name, Operation: Change
[Ok][Modification] - [BE->FE] [P: Block,Schematic1,(2-1-5)] [O: FlatComp,TEST_POINT;2,(5190-42-8)]
	Property: Cell Name, Operation: Change
[Ok][Modification] - [BE->FE] [P: Block,Schematic1,(2-1-5)] [O: FlatComp,TEST_POINT;2,(5190-43-8)]
	Property: Cell Name, Operation: Change
[Ok][Modification] - [BE->FE] [P: Block,Schematic1,(2-1-5)] [O: FlatComp,RES;8,(4155-52-8)]
	Property: Cell Name, Operation: Change
[Ok][Modification] - [BE->FE] [P: Block,Schematic1,(2-1-5)] [O: FlatComp,EP3C40_QFP240_B7B8;8,(4155-53-8)]
	Property: Cell Name, Operation: Change
[Ok][Modification] - [BE->FE] [P: Block,Schematic1,(2-1-5)] [O: FlatComp,CAP_NP;5,(4155-54-8)]
	Property: Cell Name, Operation: Change
[Ok][Modification] - [BE->FE] [P: Block,Schematic1,(2-1-5)] [O: FlatComp,CAP_NP;5,(4155-55-8)]
	Property: Cell Name, Operation: Change
[Ok][Modification] - [BE->FE] [P: Block,Schematic1,(2-1-5)] [O: FlatComp,CAP_NP;5,(4155-56-8)]
	Property: Cell Name, Operation: Change
[Ok][Modification] - [BE->FE] [P: Block,Schematic1,(2-1-5)] [O: FlatComp,CAP_NP;5,(4155-57-8)]
	Property: Cell Name, Operation: Change
[Ok][Modification] - [BE->FE] [P: Block,Schematic1,(2-1-5)] [O: FlatComp,TEST_POINT;2,(5190-57-8)]
	Property: Cell Name, Operation: Change
[Ok][Modification] - [BE->FE] [P: Block,Schematic1,(2-1-5)] [O: FlatComp,CAP_NP;5,(4155-58-8)]
	Property: Cell Name, Operation: Change
[Ok][Modification] - [BE->FE] [P: Block,Schematic1,(2-1-5)] [O: FlatComp,TEST_POINT;2,(5190-58-8)]
	Property: Cell Name, Operation: Change
[Ok][Modification] - [BE->FE] [P: Block,Schematic1,(2-1-5)] [O: FlatComp,CAP_NP;5,(4155-59-8)]
	Property: Cell Name, Operation: Change
[Ok][Modification] - [BE->FE] [P: Block,Schematic1,(2-1-5)] [O: FlatComp,TEST_POINT;2,(5190-59-8)]
	Property: Cell Name, Operation: Change
[Ok][Modification] - [BE->FE] [P: Block,Schematic1,(2-1-5)] [O: FlatComp,CAP_NP;5,(4155-60-8)]
	Property: Cell Name, Operation: Change
[Ok][Modification] - [BE->FE] [P: Block,Schematic1,(2-1-5)] [O: FlatComp,TEST_POINT;2,(5190-60-8)]
	Property: Cell Name, Operation: Change
[Ok][Modification] - [BE->FE] [P: Block,Schematic1,(2-1-5)] [O: FlatComp,CAP_NP;5,(4155-61-8)]
	Property: Cell Name, Operation: Change
[Ok][Modification] - [BE->FE] [P: Block,Schematic1,(2-1-5)] [O: FlatComp,TEST_POINT;2,(5190-61-8)]
	Property: Cell Name, Operation: Change
[Ok][Modification] - [BE->FE] [P: Block,Schematic1,(2-1-5)] [O: FlatComp,CAP_NP;5,(4155-62-8)]
	Property: Cell Name, Operation: Change
[Ok][Modification] - [BE->FE] [P: Block,Schematic1,(2-1-5)] [O: FlatComp,TEST_POINT;2,(5190-62-8)]
	Property: Cell Name, Operation: Change
[Ok][Modification] - [BE->FE] [P: Block,Schematic1,(2-1-5)] [O: FlatComp,CAP_NP;5,(4155-63-8)]
	Property: Cell Name, Operation: Change
[Ok][Modification] - [BE->FE] [P: Block,Schematic1,(2-1-5)] [O: FlatComp,TEST_POINT;2,(5190-63-8)]
	Property: Cell Name, Operation: Change
[Ok][Modification] - [BE->FE] [P: Block,Schematic1,(2-1-5)] [O: FlatComp,CAP_NP;5,(4155-64-8)]
	Property: Cell Name, Operation: Change
[Ok][Modification] - [BE->FE] [P: Block,Schematic1,(2-1-5)] [O: FlatComp,TEST_POINT;2,(5190-64-8)]
	Property: Cell Name, Operation: Change
[Ok][Modification] - [BE->FE] [P: Block,Schematic1,(2-1-5)] [O: FlatComp,CAP_NP;5,(4155-65-8)]
	Property: Cell Name, Operation: Change
[Ok][Modification] - [BE->FE] [P: Block,Schematic1,(2-1-5)] [O: FlatComp,TEST_POINT;2,(5190-65-8)]
	Property: Cell Name, Operation: Change
[Ok][Modification] - [BE->FE] [P: Block,Schematic1,(2-1-5)] [O: FlatComp,TEST_POINT;2,(5190-66-8)]
	Property: Cell Name, Operation: Change
[Ok][Modification] - [BE->FE] [P: Block,Schematic1,(2-1-5)] [O: FlatComp,TEST_POINT;2,(5190-67-8)]
	Property: Cell Name, Operation: Change
[Ok][Modification] - [BE->FE] [P: Block,Schematic1,(2-1-5)] [O: FlatComp,MXM314-A;2,(4155-70-8)]
	Property: Cell Name, Operation: Change
[Ok][Modification] - [BE->FE] [P: Block,Schematic1,(2-1-5)] [O: FlatComp,MXM314-B;2,(4155-71-8)]
	Property: Cell Name, Operation: Change
[Ok][Modification] - [BE->FE] [P: Block,Schematic1,(2-1-5)] [O: FlatComp,TEST_POINT;2,(4317-73-8)]
	Property: Cell Name, Operation: Change
[Ok][Modification] - [BE->FE] [P: Block,Schematic1,(2-1-5)] [O: FlatComp,REGULATEUR_GND2;2,(4155-74-8)]
	Property: Cell Name, Operation: Change
[Ok][Modification] - [BE->FE] [P: Block,Schematic1,(2-1-5)] [O: FlatComp,CAP_NP;5,(4155-75-8)]
	Property: Cell Name, Operation: Change
[Ok][Modification] - [BE->FE] [P: Block,Schematic1,(2-1-5)] [O: FlatComp,CAP_NP;5,(4155-76-8)]
	Property: Cell Name, Operation: Change
--------------------------------------------------------------------------------
 Connection synchronization - END (2018-01-09 14:16:39) 
--------------------------------------------------------------------------------
--------------------------------------------------------------------------------
 CES synchronization - START (2018-01-09 14:16:39) 
--------------------------------------------------------------------------------

--------------------------------------------------------------------------------
 TOPOLOGY synchronization - START (2018-01-09 14:16:39) 
--------------------------------------------------------------------------------
--------------------------------------------------------------------------------
 TOPOLOGY synchronization - END (2018-01-09 14:16:39) 
--------------------------------------------------------------------------------
[Ok][Modification] - [BE->FE] [P: CesLayerClearRule,CesLayerClearRule,(4725-1-42)] [O: CesConstraint,VIA_TO_VIA,(4725-154-22)]
[Ok][Modification] - [BE->FE] [P: CesLayerClearRule,CesLayerClearRule,(4725-1-42)] [O: CesConstraint,TRACE_TO_VIA,(4725-170-22)]
[Ok][Modification] - [BE->FE] [P: CesLayerClearRule,CesLayerClearRule,(4725-3-42)] [O: CesConstraint,VIA_TO_VIA,(4725-179-22)]
[Ok][Modification] - [BE->FE] [P: CesLayerClearRule,CesLayerClearRule,(4725-3-42)] [O: CesConstraint,TRACE_TO_VIA,(4725-191-22)]
[Ok][Modification] - [BE->FE] [P: CesLayerClearRule,CesLayerClearRule,(4725-4-42)] [O: CesConstraint,VIA_TO_VIA,(4725-198-22)]
[Ok][Modification] - [BE->FE] [P: CesLayerClearRule,CesLayerClearRule,(4725-4-42)] [O: CesConstraint,TRACE_TO_VIA,(4725-210-22)]
[Ok][Modification] - [BE->FE] [P: CesLayerClearRule,CesLayerClearRule,(4725-2-42)] [O: CesConstraint,VIA_TO_VIA,(4725-218-22)]
[Ok][Modification] - [BE->FE] [P: CesLayerClearRule,CesLayerClearRule,(4725-2-42)] [O: CesConstraint,TRACE_TO_VIA,(4725-234-22)]
[Ok][Deletion] - [BE->FE] [P: CesLayer,P2,(4722-1-23)] [O: CesConstraint,PLANE_NETS,(5576-169-22)]
[Ok][Deletion] - [BE->FE] [P: CesLayer,P2,(4722-1-23)] [O: CesConstraint,PNET_CLEARANCES,(5576-170-22)]
[Ok][Deletion] - [BE->FE] [P: CesLayer,P2,(4722-1-23)] [O: CesConstraint,PNET_UBORDERS,(5576-171-22)]
[Ok][Deletion] - [BE->FE] [P: CesLayer,P3,(4722-3-23)] [O: CesConstraint,PLANE_NETS,(5576-172-22)]
[Ok][Deletion] - [BE->FE] [P: CesLayer,P3,(4722-3-23)] [O: CesConstraint,PNET_CLEARANCES,(5576-173-22)]
[Ok][Deletion] - [BE->FE] [P: CesLayer,P3,(4722-3-23)] [O: CesConstraint,PNET_UBORDERS,(5576-174-22)]
[Ok][Addition] - [BE->FE] [P: CesLayer,P2,(4722-1-23)] [O: CesConstraint,PLANE_NETS,(5576-187-22)]
[Ok][Addition] - [BE->FE] [P: CesLayer,P2,(4722-1-23)] [O: CesConstraint,PNET_CLEARANCES,(5576-188-22)]
[Ok][Addition] - [BE->FE] [P: CesLayer,P2,(4722-1-23)] [O: CesConstraint,PNET_UBORDERS,(5576-189-22)]
[Ok][Addition] - [BE->FE] [P: CesLayer,P3,(4722-3-23)] [O: CesConstraint,PLANE_NETS,(5576-190-22)]
[Ok][Addition] - [BE->FE] [P: CesLayer,P3,(4722-3-23)] [O: CesConstraint,PNET_CLEARANCES,(5576-191-22)]
[Ok][Addition] - [BE->FE] [P: CesLayer,P3,(4722-3-23)] [O: CesConstraint,PNET_UBORDERS,(5576-192-22)]
--------------------------------------------------------------------------------
 CES synchronization - END (2018-01-09 14:16:39) 
--------------------------------------------------------------------------------
--------------------------------------------------------------------------------
 VMVariant synchronization - START (2018-01-09 14:16:39) 
--------------------------------------------------------------------------------
--------------------------------------------------------------------------------
 VMVariant synchronization - END (2018-01-09 14:16:39) 
--------------------------------------------------------------------------------
--------------------------------------------------------------------------------
 Project integration - END (2018-01-09 14:16:39) 
--------------------------------------------------------------------------------
