--------------------------------------------------------------------------------
 Project integration - START (2017-12-18 00:32:47) 
--------------------------------------------------------------------------------
FE snapshot name: DCDV
BE snapshot name: PCB_Layout_Temp
Top level block: (2-1-5)
Parameters: FAConstraints,FEWin,
--------------------------------------------------------------------------------
--------------------------------------------------------------------------------
 CES synchronization - START (2017-12-18 00:32:47) 
--------------------------------------------------------------------------------

--------------------------------------------------------------------------------
 TOPOLOGY synchronization - START (2017-12-18 00:32:47) 
--------------------------------------------------------------------------------
--------------------------------------------------------------------------------
 TOPOLOGY synchronization - END (2017-12-18 00:32:47) 
--------------------------------------------------------------------------------
[Skipped][Addition] - [FE->BE] [P: CesComp,J78,(4490-1-51)] [O: CesConstraint,PACKAGED_COMP,(4490-1-22)]
[Skipped][Addition] - [FE->BE] [P: CesComp,J79,(4490-2-51)] [O: CesConstraint,PACKAGED_COMP,(4490-2-22)]
--------------------------------------------------------------------------------
 CES synchronization - END (2017-12-18 00:32:47) 
--------------------------------------------------------------------------------
--------------------------------------------------------------------------------
 Project integration - END (2017-12-18 00:32:47) 
--------------------------------------------------------------------------------
