--------------------------------------------------------------------------------
 Project integration - START (2017-12-18 00:44:54) 
--------------------------------------------------------------------------------
FE snapshot name: DCDV
BE snapshot name: PCB_Layout_Temp
Top level block: (2-1-5)
Parameters: FAConstraints,FEWin,
--------------------------------------------------------------------------------
--------------------------------------------------------------------------------
 CES synchronization - START (2017-12-18 00:44:54) 
--------------------------------------------------------------------------------

--------------------------------------------------------------------------------
 TOPOLOGY synchronization - START (2017-12-18 00:44:55) 
--------------------------------------------------------------------------------
--------------------------------------------------------------------------------
 TOPOLOGY synchronization - END (2017-12-18 00:44:55) 
--------------------------------------------------------------------------------
[Skipped][Addition] - [FE->BE] [P: CesPart,70-0068,(4506-1-53)] [O: CesConstraint,PART_TYPE,(4506-1-22)]
[Skipped][Addition] - [FE->BE] [P: CesPart,70-0075,(4506-2-53)] [O: CesConstraint,PART_TYPE,(4506-2-22)]
[Skipped][Addition] - [FE->BE] [P: CesPart,70-0076,(4506-3-53)] [O: CesConstraint,PART_TYPE,(4506-3-22)]
[Skipped][Addition] - [FE->BE] [P: CesComp,J98,(4506-1-51)] [O: CesConstraint,PACKAGED_COMP,(4506-4-22)]
[Skipped][Addition] - [FE->BE] [P: CesComp,J99,(4506-2-51)] [O: CesConstraint,PACKAGED_COMP,(4506-5-22)]
[Skipped][Addition] - [FE->BE] [P: CesComp,J100,(4506-3-51)] [O: CesConstraint,PACKAGED_COMP,(4506-6-22)]
--------------------------------------------------------------------------------
 CES synchronization - END (2017-12-18 00:44:55) 
--------------------------------------------------------------------------------
--------------------------------------------------------------------------------
 Project integration - END (2017-12-18 00:44:55) 
--------------------------------------------------------------------------------
