--------------------------------------------------------------------------------
 Project integration - START (2017-12-16 21:25:25) 
--------------------------------------------------------------------------------
FE snapshot name: DCDV
BE snapshot name: PCB_Layout_Temp
Top level block: (2-1-5)
Parameters: FAConstraints,FEWin,
--------------------------------------------------------------------------------
--------------------------------------------------------------------------------
 CES synchronization - START (2017-12-16 21:25:25) 
--------------------------------------------------------------------------------

--------------------------------------------------------------------------------
 TOPOLOGY synchronization - START (2017-12-16 21:25:25) 
--------------------------------------------------------------------------------
--------------------------------------------------------------------------------
 TOPOLOGY synchronization - END (2017-12-16 21:25:25) 
--------------------------------------------------------------------------------
--------------------------------------------------------------------------------
 CES synchronization - END (2017-12-16 21:25:25) 
--------------------------------------------------------------------------------
--------------------------------------------------------------------------------
 Project integration - END (2017-12-16 21:25:25) 
--------------------------------------------------------------------------------
