--------------------------------------------------------------------------------
 Project integration - START (2017-12-20 18:57:32) 
--------------------------------------------------------------------------------
FE snapshot name: DCDV
BE snapshot name: PCB_Layout_Temp
Top level block: (2-1-5)
Parameters: FAConstraints,FEWin,
--------------------------------------------------------------------------------
--------------------------------------------------------------------------------
 CES synchronization - START (2017-12-20 18:57:32) 
--------------------------------------------------------------------------------

--------------------------------------------------------------------------------
 TOPOLOGY synchronization - START (2017-12-20 18:57:32) 
--------------------------------------------------------------------------------
--------------------------------------------------------------------------------
 TOPOLOGY synchronization - END (2017-12-20 18:57:32) 
--------------------------------------------------------------------------------
[Skipped][Addition] - [FE->BE] [P: CesComp,J4,(4796-1-51)] [O: CesConstraint,PACKAGED_COMP,(4796-1-22)]
[Skipped][Addition] - [FE->BE] [P: CesComp,J5,(4796-2-51)] [O: CesConstraint,PACKAGED_COMP,(4796-2-22)]
[Skipped][Addition] - [FE->BE] [P: CesComp,J6,(4796-3-51)] [O: CesConstraint,PACKAGED_COMP,(4796-3-22)]
[Skipped][Addition] - [FE->BE] [P: CesComp,J7,(4796-4-51)] [O: CesConstraint,PACKAGED_COMP,(4796-4-22)]
[Skipped][Addition] - [FE->BE] [P: CesComp,J8,(4796-5-51)] [O: CesConstraint,PACKAGED_COMP,(4796-5-22)]
[Skipped][Addition] - [FE->BE] [P: CesComp,J9,(4796-6-51)] [O: CesConstraint,PACKAGED_COMP,(4796-6-22)]
[Skipped][Addition] - [FE->BE] [P: CesComp,J10,(4796-7-51)] [O: CesConstraint,PACKAGED_COMP,(4796-7-22)]
[Skipped][Addition] - [FE->BE] [P: CesComp,J11,(4796-8-51)] [O: CesConstraint,PACKAGED_COMP,(4796-8-22)]
[Skipped][Addition] - [FE->BE] [P: CesComp,J12,(4796-9-51)] [O: CesConstraint,PACKAGED_COMP,(4796-9-22)]
[Skipped][Addition] - [FE->BE] [P: CesComp,J13,(4796-10-51)] [O: CesConstraint,PACKAGED_COMP,(4796-10-22)]
[Skipped][Addition] - [FE->BE] [P: CesComp,J14,(4796-11-51)] [O: CesConstraint,PACKAGED_COMP,(4796-11-22)]
[Skipped][Addition] - [FE->BE] [P: CesComp,J15,(4796-12-51)] [O: CesConstraint,PACKAGED_COMP,(4796-12-22)]
[Skipped][Addition] - [FE->BE] [P: CesComp,J16,(4796-13-51)] [O: CesConstraint,PACKAGED_COMP,(4796-13-22)]
[Skipped][Addition] - [FE->BE] [P: CesComp,J17,(4796-14-51)] [O: CesConstraint,PACKAGED_COMP,(4796-14-22)]
[Skipped][Addition] - [FE->BE] [P: CesComp,J18,(4796-15-51)] [O: CesConstraint,PACKAGED_COMP,(4796-15-22)]
[Skipped][Addition] - [FE->BE] [P: CesComp,J19,(4796-16-51)] [O: CesConstraint,PACKAGED_COMP,(4796-16-22)]
[Skipped][Addition] - [FE->BE] [P: CesComp,J20,(4796-17-51)] [O: CesConstraint,PACKAGED_COMP,(4796-17-22)]
[Skipped][Addition] - [FE->BE] [P: CesComp,J21,(4796-18-51)] [O: CesConstraint,PACKAGED_COMP,(4796-18-22)]
[Skipped][Addition] - [FE->BE] [P: CesComp,J22,(4796-19-51)] [O: CesConstraint,PACKAGED_COMP,(4796-19-22)]
[Skipped][Addition] - [FE->BE] [P: CesComp,J23,(4796-20-51)] [O: CesConstraint,PACKAGED_COMP,(4796-20-22)]
[Skipped][Addition] - [FE->BE] [P: CesComp,J24,(4796-21-51)] [O: CesConstraint,PACKAGED_COMP,(4796-21-22)]
[Skipped][Addition] - [FE->BE] [P: CesComp,J25,(4796-22-51)] [O: CesConstraint,PACKAGED_COMP,(4796-22-22)]
[Skipped][Addition] - [FE->BE] [P: CesComp,J26,(4796-23-51)] [O: CesConstraint,PACKAGED_COMP,(4796-23-22)]
[Skipped][Addition] - [FE->BE] [P: CesComp,J27,(4796-24-51)] [O: CesConstraint,PACKAGED_COMP,(4796-24-22)]
[Skipped][Addition] - [FE->BE] [P: CesComp,J28,(4796-25-51)] [O: CesConstraint,PACKAGED_COMP,(4796-25-22)]
[Skipped][Addition] - [FE->BE] [P: CesComp,J29,(4796-26-51)] [O: CesConstraint,PACKAGED_COMP,(4796-26-22)]
[Skipped][Addition] - [FE->BE] [P: CesComp,J30,(4796-27-51)] [O: CesConstraint,PACKAGED_COMP,(4796-27-22)]
[Skipped][Addition] - [FE->BE] [P: CesComp,J31,(4796-28-51)] [O: CesConstraint,PACKAGED_COMP,(4796-28-22)]
[Skipped][Addition] - [FE->BE] [P: CesComp,J32,(4796-29-51)] [O: CesConstraint,PACKAGED_COMP,(4796-29-22)]
[Skipped][Addition] - [FE->BE] [P: CesComp,J33,(4796-30-51)] [O: CesConstraint,PACKAGED_COMP,(4796-30-22)]
[Skipped][Addition] - [FE->BE] [P: CesComp,J34,(4796-31-51)] [O: CesConstraint,PACKAGED_COMP,(4796-31-22)]
[Skipped][Addition] - [FE->BE] [P: CesComp,J35,(4796-32-51)] [O: CesConstraint,PACKAGED_COMP,(4796-32-22)]
[Skipped][Addition] - [FE->BE] [P: CesComp,J36,(4796-33-51)] [O: CesConstraint,PACKAGED_COMP,(4796-33-22)]
[Skipped][Addition] - [FE->BE] [P: CesComp,J37,(4796-34-51)] [O: CesConstraint,PACKAGED_COMP,(4796-34-22)]
[Skipped][Addition] - [FE->BE] [P: CesComp,J38,(4796-35-51)] [O: CesConstraint,PACKAGED_COMP,(4796-35-22)]
[Skipped][Addition] - [FE->BE] [P: CesComp,J39,(4796-36-51)] [O: CesConstraint,PACKAGED_COMP,(4796-36-22)]
[Skipped][Addition] - [FE->BE] [P: CesComp,J40,(4796-37-51)] [O: CesConstraint,PACKAGED_COMP,(4796-37-22)]
[Skipped][Addition] - [FE->BE] [P: CesComp,J41,(4796-38-51)] [O: CesConstraint,PACKAGED_COMP,(4796-38-22)]
[Skipped][Addition] - [FE->BE] [P: CesComp,J42,(4796-39-51)] [O: CesConstraint,PACKAGED_COMP,(4796-39-22)]
[Skipped][Addition] - [FE->BE] [P: CesComp,J43,(4796-40-51)] [O: CesConstraint,PACKAGED_COMP,(4796-40-22)]
[Skipped][Addition] - [FE->BE] [P: CesComp,J44,(4796-41-51)] [O: CesConstraint,PACKAGED_COMP,(4796-41-22)]
[Skipped][Addition] - [FE->BE] [P: CesComp,J45,(4796-42-51)] [O: CesConstraint,PACKAGED_COMP,(4796-42-22)]
[Skipped][Addition] - [FE->BE] [P: CesComp,J46,(4796-43-51)] [O: CesConstraint,PACKAGED_COMP,(4796-43-22)]
[Skipped][Addition] - [FE->BE] [P: CesComp,J47,(4796-44-51)] [O: CesConstraint,PACKAGED_COMP,(4796-44-22)]
[Skipped][Addition] - [FE->BE] [P: CesComp,J48,(4796-45-51)] [O: CesConstraint,PACKAGED_COMP,(4796-45-22)]
[Skipped][Addition] - [FE->BE] [P: CesComp,J49,(4796-46-51)] [O: CesConstraint,PACKAGED_COMP,(4796-46-22)]
[Skipped][Addition] - [FE->BE] [P: CesComp,J50,(4796-47-51)] [O: CesConstraint,PACKAGED_COMP,(4796-47-22)]
[Skipped][Addition] - [FE->BE] [P: CesComp,J51,(4796-48-51)] [O: CesConstraint,PACKAGED_COMP,(4796-48-22)]
[Skipped][Addition] - [FE->BE] [P: CesComp,J52,(4796-49-51)] [O: CesConstraint,PACKAGED_COMP,(4796-49-22)]
[Skipped][Addition] - [FE->BE] [P: CesComp,J53,(4796-50-51)] [O: CesConstraint,PACKAGED_COMP,(4796-50-22)]
[Skipped][Addition] - [FE->BE] [P: CesComp,J54,(4796-51-51)] [O: CesConstraint,PACKAGED_COMP,(4796-51-22)]
[Skipped][Addition] - [FE->BE] [P: CesComp,J55,(4796-52-51)] [O: CesConstraint,PACKAGED_COMP,(4796-52-22)]
[Skipped][Addition] - [FE->BE] [P: CesComp,J56,(4796-53-51)] [O: CesConstraint,PACKAGED_COMP,(4796-53-22)]
[Skipped][Addition] - [FE->BE] [P: CesComp,J57,(4796-54-51)] [O: CesConstraint,PACKAGED_COMP,(4796-54-22)]
[Skipped][Addition] - [FE->BE] [P: CesComp,J58,(4796-55-51)] [O: CesConstraint,PACKAGED_COMP,(4796-55-22)]
[Skipped][Addition] - [FE->BE] [P: CesComp,J59,(4796-56-51)] [O: CesConstraint,PACKAGED_COMP,(4796-56-22)]
[Skipped][Addition] - [FE->BE] [P: CesComp,J60,(4796-57-51)] [O: CesConstraint,PACKAGED_COMP,(4796-57-22)]
[Skipped][Addition] - [FE->BE] [P: CesComp,J61,(4796-58-51)] [O: CesConstraint,PACKAGED_COMP,(4796-58-22)]
[Skipped][Addition] - [FE->BE] [P: CesComp,J62,(4796-59-51)] [O: CesConstraint,PACKAGED_COMP,(4796-59-22)]
[Skipped][Addition] - [FE->BE] [P: CesComp,J63,(4796-60-51)] [O: CesConstraint,PACKAGED_COMP,(4796-60-22)]
[Skipped][Addition] - [FE->BE] [P: CesComp,J64,(4796-61-51)] [O: CesConstraint,PACKAGED_COMP,(4796-61-22)]
[Skipped][Addition] - [FE->BE] [P: CesComp,J65,(4796-62-51)] [O: CesConstraint,PACKAGED_COMP,(4796-62-22)]
[Skipped][Addition] - [FE->BE] [P: CesComp,J66,(4796-63-51)] [O: CesConstraint,PACKAGED_COMP,(4796-63-22)]
[Skipped][Addition] - [FE->BE] [P: CesComp,J67,(4796-64-51)] [O: CesConstraint,PACKAGED_COMP,(4796-64-22)]
[Skipped][Addition] - [FE->BE] [P: CesComp,J68,(4796-65-51)] [O: CesConstraint,PACKAGED_COMP,(4796-65-22)]
[Skipped][Addition] - [FE->BE] [P: CesComp,J69,(4796-66-51)] [O: CesConstraint,PACKAGED_COMP,(4796-66-22)]
[Skipped][Addition] - [FE->BE] [P: CesComp,J70,(4796-67-51)] [O: CesConstraint,PACKAGED_COMP,(4796-67-22)]
[Skipped][Addition] - [FE->BE] [P: CesComp,J71,(4796-68-51)] [O: CesConstraint,PACKAGED_COMP,(4796-68-22)]
[Skipped][Addition] - [FE->BE] [P: CesComp,J72,(4796-69-51)] [O: CesConstraint,PACKAGED_COMP,(4796-69-22)]
[Skipped][Addition] - [FE->BE] [P: CesComp,J73,(4796-70-51)] [O: CesConstraint,PACKAGED_COMP,(4796-70-22)]
[Skipped][Addition] - [FE->BE] [P: CesComp,J74,(4796-71-51)] [O: CesConstraint,PACKAGED_COMP,(4796-71-22)]
[Skipped][Addition] - [FE->BE] [P: CesComp,J75,(4796-72-51)] [O: CesConstraint,PACKAGED_COMP,(4796-72-22)]
[Skipped][Addition] - [FE->BE] [P: CesComp,J76,(4796-73-51)] [O: CesConstraint,PACKAGED_COMP,(4796-73-22)]
[Skipped][Addition] - [FE->BE] [P: CesComp,J77,(4796-74-51)] [O: CesConstraint,PACKAGED_COMP,(4796-74-22)]
[Skipped][Addition] - [FE->BE] [P: CesComp,J78,(4796-75-51)] [O: CesConstraint,PACKAGED_COMP,(4796-75-22)]
[Skipped][Addition] - [FE->BE] [P: CesComp,J79,(4796-76-51)] [O: CesConstraint,PACKAGED_COMP,(4796-76-22)]
[Skipped][Addition] - [FE->BE] [P: CesComp,J80,(4796-77-51)] [O: CesConstraint,PACKAGED_COMP,(4796-77-22)]
[Skipped][Addition] - [FE->BE] [P: CesComp,J81,(4796-78-51)] [O: CesConstraint,PACKAGED_COMP,(4796-78-22)]
[Skipped][Addition] - [FE->BE] [P: CesComp,J82,(4796-79-51)] [O: CesConstraint,PACKAGED_COMP,(4796-79-22)]
[Skipped][Addition] - [FE->BE] [P: CesComp,J83,(4796-80-51)] [O: CesConstraint,PACKAGED_COMP,(4796-80-22)]
[Skipped][Addition] - [FE->BE] [P: CesComp,J84,(4796-81-51)] [O: CesConstraint,PACKAGED_COMP,(4796-81-22)]
[Skipped][Addition] - [FE->BE] [P: CesComp,J85,(4796-82-51)] [O: CesConstraint,PACKAGED_COMP,(4796-82-22)]
[Skipped][Addition] - [FE->BE] [P: CesComp,J86,(4796-83-51)] [O: CesConstraint,PACKAGED_COMP,(4796-83-22)]
[Skipped][Addition] - [FE->BE] [P: CesComp,J87,(4796-84-51)] [O: CesConstraint,PACKAGED_COMP,(4796-84-22)]
[Skipped][Addition] - [FE->BE] [P: CesComp,J88,(4796-85-51)] [O: CesConstraint,PACKAGED_COMP,(4796-85-22)]
[Skipped][Addition] - [FE->BE] [P: CesComp,J89,(4796-86-51)] [O: CesConstraint,PACKAGED_COMP,(4796-86-22)]
[Skipped][Addition] - [FE->BE] [P: CesComp,J90,(4796-87-51)] [O: CesConstraint,PACKAGED_COMP,(4796-87-22)]
[Skipped][Addition] - [FE->BE] [P: CesComp,J91,(4796-88-51)] [O: CesConstraint,PACKAGED_COMP,(4796-88-22)]
[Skipped][Addition] - [FE->BE] [P: CesComp,J92,(4796-89-51)] [O: CesConstraint,PACKAGED_COMP,(4796-89-22)]
[Skipped][Addition] - [FE->BE] [P: CesComp,J93,(4796-90-51)] [O: CesConstraint,PACKAGED_COMP,(4796-90-22)]
[Skipped][Addition] - [FE->BE] [P: CesComp,J94,(4796-91-51)] [O: CesConstraint,PACKAGED_COMP,(4796-91-22)]
[Skipped][Addition] - [FE->BE] [P: CesComp,J95,(4796-92-51)] [O: CesConstraint,PACKAGED_COMP,(4796-92-22)]
[Skipped][Addition] - [FE->BE] [P: CesComp,J96,(4796-93-51)] [O: CesConstraint,PACKAGED_COMP,(4796-93-22)]
[Skipped][Addition] - [FE->BE] [P: CesComp,J97,(4796-94-51)] [O: CesConstraint,PACKAGED_COMP,(4796-94-22)]
[Skipped][Addition] - [FE->BE] [P: CesComp,J98,(4796-95-51)] [O: CesConstraint,PACKAGED_COMP,(4796-95-22)]
[Skipped][Addition] - [FE->BE] [P: CesComp,J99,(4796-96-51)] [O: CesConstraint,PACKAGED_COMP,(4796-96-22)]
[Skipped][Addition] - [FE->BE] [P: CesComp,J100,(4796-97-51)] [O: CesConstraint,PACKAGED_COMP,(4796-97-22)]
[Skipped][Addition] - [FE->BE] [P: CesComp,J101,(4796-98-51)] [O: CesConstraint,PACKAGED_COMP,(4796-98-22)]
[Skipped][Addition] - [FE->BE] [P: CesComp,J102,(4796-99-51)] [O: CesConstraint,PACKAGED_COMP,(4796-99-22)]
[Skipped][Addition] - [FE->BE] [P: CesComp,J103,(4796-100-51)] [O: CesConstraint,PACKAGED_COMP,(4796-100-22)]
[Skipped][Addition] - [FE->BE] [P: CesComp,J104,(4796-101-51)] [O: CesConstraint,PACKAGED_COMP,(4796-101-22)]
[Skipped][Addition] - [FE->BE] [P: CesComp,J105,(4796-102-51)] [O: CesConstraint,PACKAGED_COMP,(4796-102-22)]
[Skipped][Addition] - [FE->BE] [P: CesComp,J106,(4796-103-51)] [O: CesConstraint,PACKAGED_COMP,(4796-103-22)]
[Skipped][Addition] - [FE->BE] [P: CesComp,J107,(4796-104-51)] [O: CesConstraint,PACKAGED_COMP,(4796-104-22)]
[Skipped][Addition] - [FE->BE] [P: CesComp,J108,(4796-105-51)] [O: CesConstraint,PACKAGED_COMP,(4796-105-22)]
[Skipped][Addition] - [FE->BE] [P: CesComp,J109,(4796-106-51)] [O: CesConstraint,PACKAGED_COMP,(4796-106-22)]
[Skipped][Addition] - [FE->BE] [P: CesComp,J110,(4796-107-51)] [O: CesConstraint,PACKAGED_COMP,(4796-107-22)]
[Skipped][Addition] - [FE->BE] [P: CesComp,J111,(4796-108-51)] [O: CesConstraint,PACKAGED_COMP,(4796-108-22)]
[Skipped][Addition] - [FE->BE] [P: CesComp,J112,(4796-109-51)] [O: CesConstraint,PACKAGED_COMP,(4796-109-22)]
[Skipped][Addition] - [FE->BE] [P: CesComp,J113,(4796-110-51)] [O: CesConstraint,PACKAGED_COMP,(4796-110-22)]
[Skipped][Addition] - [FE->BE] [P: CesComp,J114,(4796-111-51)] [O: CesConstraint,PACKAGED_COMP,(4796-111-22)]
[Skipped][Addition] - [FE->BE] [P: CesComp,J115,(4796-112-51)] [O: CesConstraint,PACKAGED_COMP,(4796-112-22)]
[Skipped][Addition] - [FE->BE] [P: CesComp,J116,(4800-1-51)] [O: CesConstraint,PACKAGED_COMP,(4800-1-22)]
[Skipped][Addition] - [FE->BE] [P: CesComp,J117,(4800-2-51)] [O: CesConstraint,PACKAGED_COMP,(4800-2-22)]
[Skipped][Addition] - [FE->BE] [P: CesComp,J118,(4800-3-51)] [O: CesConstraint,PACKAGED_COMP,(4800-3-22)]
[Skipped][Addition] - [FE->BE] [P: CesComp,J119,(4800-4-51)] [O: CesConstraint,PACKAGED_COMP,(4800-4-22)]
--------------------------------------------------------------------------------
 CES synchronization - END (2017-12-20 18:57:32) 
--------------------------------------------------------------------------------
--------------------------------------------------------------------------------
 Project integration - END (2017-12-20 18:57:32) 
--------------------------------------------------------------------------------
