--------------------------------------------------------------------------------
 Project integration - START (2017-12-22 08:57:45) 
--------------------------------------------------------------------------------
FE snapshot name: DCDV
BE snapshot name: PCB_Layout_Temp
Top level block: (2-1-5)
Parameters: FAConstraints,FEWin,
--------------------------------------------------------------------------------
--------------------------------------------------------------------------------
 CES synchronization - START (2017-12-22 08:57:45) 
--------------------------------------------------------------------------------

--------------------------------------------------------------------------------
 TOPOLOGY synchronization - START (2017-12-22 08:57:45) 
--------------------------------------------------------------------------------
--------------------------------------------------------------------------------
 TOPOLOGY synchronization - END (2017-12-22 08:57:45) 
--------------------------------------------------------------------------------
[Ok][Modification] - [FE->BE] [P: CesComp,C76,(4370-81-51)] [O: CesConstraint,DEF_VALUE,(4370-181-22)]
[Ok][Modification] - [FE->BE] [P: CesComp,R7,(4370-84-51)] [O: CesConstraint,DEF_VALUE,(4370-187-22)]
[Ok][Modification] - [FE->BE] [P: CesComp,R8,(4370-85-51)] [O: CesConstraint,DEF_VALUE,(4370-189-22)]
[Ok][Modification] - [FE->BE] [P: CesComp,L6,(4370-86-51)] [O: CesConstraint,DEF_VALUE,(4370-191-22)]
[Ok][Modification] - [FE->BE] [P: CesComp,L5,(4370-87-51)] [O: CesConstraint,DEF_VALUE,(4370-193-22)]
[Ok][Modification] - [FE->BE] [P: CesComp,C62,(4377-3-51)] [O: CesConstraint,DEF_VALUE,(4377-12-22)]
[Ok][Modification] - [FE->BE] [P: CesComp,C65,(4377-4-51)] [O: CesConstraint,DEF_VALUE,(4377-13-22)]
[Ok][Modification] - [FE->BE] [P: CesComp,L7,(4377-5-51)] [O: CesConstraint,DEF_VALUE,(4377-14-22)]
[Ok][Deletion] - [FE->BE] [P: CesViaAssign,Through,(4831-2-39)] [O: CesConstraint,NET_CLASS_VIA,(4843-3-22)]
[Ok][Addition] - [FE->BE] [P: CesViaAssign,Through,(4831-2-39)] [O: CesConstraint,NET_CLASS_VIA,(4843-1-22)]
--------------------------------------------------------------------------------
 CES synchronization - END (2017-12-22 08:57:45) 
--------------------------------------------------------------------------------
--------------------------------------------------------------------------------
 Project integration - END (2017-12-22 08:57:45) 
--------------------------------------------------------------------------------
