--------------------------------------------------------------------------------
 Project integration - START (2017-12-18 00:37:23) 
--------------------------------------------------------------------------------
FE snapshot name: DCDV
BE snapshot name: PCB_Layout_Temp
Top level block: (2-1-5)
Parameters: FAConstraints,FEWin,
--------------------------------------------------------------------------------
--------------------------------------------------------------------------------
 CES synchronization - START (2017-12-18 00:37:23) 
--------------------------------------------------------------------------------

--------------------------------------------------------------------------------
 TOPOLOGY synchronization - START (2017-12-18 00:37:23) 
--------------------------------------------------------------------------------
--------------------------------------------------------------------------------
 TOPOLOGY synchronization - END (2017-12-18 00:37:23) 
--------------------------------------------------------------------------------
[Skipped][Addition] - [FE->BE] [P: CesComp,J80,(4498-1-51)] [O: CesConstraint,PACKAGED_COMP,(4498-1-22)]
[Skipped][Addition] - [FE->BE] [P: CesComp,J81,(4498-2-51)] [O: CesConstraint,PACKAGED_COMP,(4498-2-22)]
[Skipped][Addition] - [FE->BE] [P: CesComp,J82,(4498-3-51)] [O: CesConstraint,PACKAGED_COMP,(4498-3-22)]
[Skipped][Addition] - [FE->BE] [P: CesComp,J83,(4498-4-51)] [O: CesConstraint,PACKAGED_COMP,(4498-4-22)]
[Skipped][Addition] - [FE->BE] [P: CesComp,J84,(4498-5-51)] [O: CesConstraint,PACKAGED_COMP,(4498-5-22)]
[Skipped][Addition] - [FE->BE] [P: CesComp,J85,(4498-6-51)] [O: CesConstraint,PACKAGED_COMP,(4498-6-22)]
[Skipped][Addition] - [FE->BE] [P: CesComp,J86,(4498-7-51)] [O: CesConstraint,PACKAGED_COMP,(4498-7-22)]
[Skipped][Addition] - [FE->BE] [P: CesComp,J87,(4498-8-51)] [O: CesConstraint,PACKAGED_COMP,(4498-8-22)]
[Skipped][Addition] - [FE->BE] [P: CesComp,J88,(4498-9-51)] [O: CesConstraint,PACKAGED_COMP,(4498-9-22)]
[Skipped][Addition] - [FE->BE] [P: CesComp,J89,(4498-10-51)] [O: CesConstraint,PACKAGED_COMP,(4498-10-22)]
[Skipped][Addition] - [FE->BE] [P: CesComp,J90,(4498-11-51)] [O: CesConstraint,PACKAGED_COMP,(4498-11-22)]
[Skipped][Addition] - [FE->BE] [P: CesComp,J91,(4498-12-51)] [O: CesConstraint,PACKAGED_COMP,(4498-12-22)]
[Skipped][Addition] - [FE->BE] [P: CesComp,J92,(4498-13-51)] [O: CesConstraint,PACKAGED_COMP,(4498-13-22)]
[Skipped][Addition] - [FE->BE] [P: CesComp,J93,(4498-14-51)] [O: CesConstraint,PACKAGED_COMP,(4498-14-22)]
[Skipped][Addition] - [FE->BE] [P: CesComp,J94,(4498-15-51)] [O: CesConstraint,PACKAGED_COMP,(4498-15-22)]
[Skipped][Addition] - [FE->BE] [P: CesComp,J95,(4498-16-51)] [O: CesConstraint,PACKAGED_COMP,(4498-16-22)]
[Skipped][Addition] - [FE->BE] [P: CesComp,J96,(4498-17-51)] [O: CesConstraint,PACKAGED_COMP,(4498-17-22)]
[Skipped][Addition] - [FE->BE] [P: CesComp,J97,(4498-18-51)] [O: CesConstraint,PACKAGED_COMP,(4498-18-22)]
--------------------------------------------------------------------------------
 CES synchronization - END (2017-12-18 00:37:23) 
--------------------------------------------------------------------------------
--------------------------------------------------------------------------------
 Project integration - END (2017-12-18 00:37:23) 
--------------------------------------------------------------------------------
