--------------------------------------------------------------------------------
 Project integration - START (2017-12-22 13:59:20) 
--------------------------------------------------------------------------------
FE snapshot name: DCDV
BE snapshot name: PCB_Layout_Temp
Top level block: (2-1-5)
Parameters: FAConstraints,FEWin,
--------------------------------------------------------------------------------
--------------------------------------------------------------------------------
 CES synchronization - START (2017-12-22 13:59:20) 
--------------------------------------------------------------------------------

--------------------------------------------------------------------------------
 TOPOLOGY synchronization - START (2017-12-22 13:59:20) 
--------------------------------------------------------------------------------
--------------------------------------------------------------------------------
 TOPOLOGY synchronization - END (2017-12-22 13:59:20) 
--------------------------------------------------------------------------------
[Ok][Modification] - [FE->BE] [P: CesComp,C76,(4370-81-51)] [O: CesConstraint,DEF_VALUE,(4370-181-22)]
[Ok][Modification] - [FE->BE] [P: CesComp,R7,(4370-84-51)] [O: CesConstraint,DEF_VALUE,(4370-187-22)]
[Ok][Modification] - [FE->BE] [P: CesComp,R8,(4370-85-51)] [O: CesConstraint,DEF_VALUE,(4370-189-22)]
[Ok][Modification] - [FE->BE] [P: CesComp,L6,(4370-86-51)] [O: CesConstraint,DEF_VALUE,(4370-191-22)]
[Ok][Modification] - [FE->BE] [P: CesComp,L5,(4370-87-51)] [O: CesConstraint,DEF_VALUE,(4370-193-22)]
[Ok][Modification] - [FE->BE] [P: CesComp,C62,(4377-3-51)] [O: CesConstraint,DEF_VALUE,(4377-12-22)]
[Ok][Modification] - [FE->BE] [P: CesComp,C65,(4377-4-51)] [O: CesConstraint,DEF_VALUE,(4377-13-22)]
[Ok][Modification] - [FE->BE] [P: CesComp,L7,(4377-5-51)] [O: CesConstraint,DEF_VALUE,(4377-14-22)]
[Skipped][Addition] - [FE->BE] [P: CesPart,01-0224,(4863-1-53)] [O: CesConstraint,PART_TYPE,(4863-1-22)]
[Skipped][Addition] - [FE->BE] [P: CesPart,01-0224,(4863-1-53)] [O: CesConstraint,DEF_VALUE,(4863-2-22)]
[Skipped][Addition] - [FE->BE] [P: CesComp,R6,(4863-1-51)] [O: CesConstraint,DEF_VALUE,(4863-3-22)]
[Skipped][Addition] - [FE->BE] [P: CesComp,R6,(4863-1-51)] [O: CesConstraint,PACKAGED_COMP,(4863-4-22)]
[Skipped][Addition] - [FE->BE] [P: CesPart,70-0105,(4886-1-53)] [O: CesConstraint,PART_TYPE,(4886-1-22)]
[Skipped][Addition] - [FE->BE] [P: CesComp,J4,(4886-1-51)] [O: CesConstraint,PACKAGED_COMP,(4886-2-22)]
[Skipped][Addition] - [FE->BE] [P: CesComp,J5,(4886-2-51)] [O: CesConstraint,PACKAGED_COMP,(4886-3-22)]
[Skipped][Addition] - [FE->BE] [P: CesComp,J6,(4886-3-51)] [O: CesConstraint,PACKAGED_COMP,(4886-4-22)]
[Skipped][Addition] - [FE->BE] [P: CesComp,J7,(4886-4-51)] [O: CesConstraint,PACKAGED_COMP,(4886-5-22)]
--------------------------------------------------------------------------------
 CES synchronization - END (2017-12-22 13:59:20) 
--------------------------------------------------------------------------------
--------------------------------------------------------------------------------
 Project integration - END (2017-12-22 13:59:20) 
--------------------------------------------------------------------------------
