--------------------------------------------------------------------------------
 Project integration - START (2017-12-18 18:01:01) 
--------------------------------------------------------------------------------
FE snapshot name: DCDV
BE snapshot name: PCB_Layout_Temp
Top level block: (2-1-5)
Parameters: FAConstraints,FEWin,
--------------------------------------------------------------------------------
--------------------------------------------------------------------------------
 CES synchronization - START (2017-12-18 18:01:01) 
--------------------------------------------------------------------------------

--------------------------------------------------------------------------------
 TOPOLOGY synchronization - START (2017-12-18 18:01:01) 
--------------------------------------------------------------------------------
--------------------------------------------------------------------------------
 TOPOLOGY synchronization - END (2017-12-18 18:01:01) 
--------------------------------------------------------------------------------
[Skipped][Addition] - [FE->BE] [P: CesComp,PT18,(4643-1-51)] [O: CesConstraint,PACKAGED_COMP,(4643-1-22)]
[Skipped][Addition] - [FE->BE] [P: CesComp,PT19,(4643-2-51)] [O: CesConstraint,PACKAGED_COMP,(4643-2-22)]
[Skipped][Addition] - [FE->BE] [P: CesComp,PT20,(4643-3-51)] [O: CesConstraint,PACKAGED_COMP,(4643-3-22)]
--------------------------------------------------------------------------------
 CES synchronization - END (2017-12-18 18:01:01) 
--------------------------------------------------------------------------------
--------------------------------------------------------------------------------
 Project integration - END (2017-12-18 18:01:01) 
--------------------------------------------------------------------------------
