--------------------------------------------------------------------------------
 Project integration - START (2017-12-18 01:12:55) 
--------------------------------------------------------------------------------
FE snapshot name: DCDV
BE snapshot name: PCB_Layout_Temp
Top level block: (2-1-5)
Parameters: FAConstraints,FEWin,
--------------------------------------------------------------------------------
--------------------------------------------------------------------------------
 CES synchronization - START (2017-12-18 01:12:55) 
--------------------------------------------------------------------------------

--------------------------------------------------------------------------------
 TOPOLOGY synchronization - START (2017-12-18 01:12:55) 
--------------------------------------------------------------------------------
--------------------------------------------------------------------------------
 TOPOLOGY synchronization - END (2017-12-18 01:12:55) 
--------------------------------------------------------------------------------
[Skipped][Addition] - [FE->BE] [P: CesComp,J98,(4520-1-51)] [O: CesConstraint,PACKAGED_COMP,(4520-1-22)]
[Skipped][Addition] - [FE->BE] [P: CesComp,J99,(4520-2-51)] [O: CesConstraint,PACKAGED_COMP,(4520-2-22)]
[Skipped][Addition] - [FE->BE] [P: CesComp,J100,(4520-3-51)] [O: CesConstraint,PACKAGED_COMP,(4520-3-22)]
[Skipped][Addition] - [FE->BE] [P: CesComp,J101,(4520-4-51)] [O: CesConstraint,PACKAGED_COMP,(4520-4-22)]
[Skipped][Addition] - [FE->BE] [P: CesComp,J102,(4520-5-51)] [O: CesConstraint,PACKAGED_COMP,(4520-5-22)]
[Skipped][Addition] - [FE->BE] [P: CesComp,J103,(4520-6-51)] [O: CesConstraint,PACKAGED_COMP,(4520-6-22)]
[Skipped][Addition] - [FE->BE] [P: CesComp,J104,(4520-7-51)] [O: CesConstraint,PACKAGED_COMP,(4520-7-22)]
[Skipped][Addition] - [FE->BE] [P: CesComp,J105,(4520-8-51)] [O: CesConstraint,PACKAGED_COMP,(4520-8-22)]
--------------------------------------------------------------------------------
 CES synchronization - END (2017-12-18 01:12:55) 
--------------------------------------------------------------------------------
--------------------------------------------------------------------------------
 Project integration - END (2017-12-18 01:12:55) 
--------------------------------------------------------------------------------
