--------------------------------------------------------------------------------
 Project integration - START (2017-12-18 00:28:34) 
--------------------------------------------------------------------------------
FE snapshot name: DCDV
BE snapshot name: PCB_Layout_Temp
Top level block: (2-1-5)
Parameters: FAConstraints,FEWin,
--------------------------------------------------------------------------------
--------------------------------------------------------------------------------
 CES synchronization - START (2017-12-18 00:28:34) 
--------------------------------------------------------------------------------

--------------------------------------------------------------------------------
 TOPOLOGY synchronization - START (2017-12-18 00:28:34) 
--------------------------------------------------------------------------------
--------------------------------------------------------------------------------
 TOPOLOGY synchronization - END (2017-12-18 00:28:34) 
--------------------------------------------------------------------------------
[Skipped][Addition] - [FE->BE] [P: CesComp,J4,(4482-1-51)] [O: CesConstraint,PACKAGED_COMP,(4482-1-22)]
[Skipped][Addition] - [FE->BE] [P: CesComp,J43,(4482-2-51)] [O: CesConstraint,PACKAGED_COMP,(4482-2-22)]
[Skipped][Addition] - [FE->BE] [P: CesComp,J44,(4482-3-51)] [O: CesConstraint,PACKAGED_COMP,(4482-3-22)]
[Skipped][Addition] - [FE->BE] [P: CesComp,J45,(4482-4-51)] [O: CesConstraint,PACKAGED_COMP,(4482-4-22)]
[Skipped][Addition] - [FE->BE] [P: CesComp,J46,(4482-5-51)] [O: CesConstraint,PACKAGED_COMP,(4482-5-22)]
[Skipped][Addition] - [FE->BE] [P: CesComp,J47,(4482-6-51)] [O: CesConstraint,PACKAGED_COMP,(4482-6-22)]
[Skipped][Addition] - [FE->BE] [P: CesComp,J48,(4482-7-51)] [O: CesConstraint,PACKAGED_COMP,(4482-7-22)]
[Skipped][Addition] - [FE->BE] [P: CesComp,J49,(4482-8-51)] [O: CesConstraint,PACKAGED_COMP,(4482-8-22)]
[Skipped][Addition] - [FE->BE] [P: CesComp,J53,(4482-9-51)] [O: CesConstraint,PACKAGED_COMP,(4482-9-22)]
[Skipped][Addition] - [FE->BE] [P: CesComp,J54,(4482-10-51)] [O: CesConstraint,PACKAGED_COMP,(4482-10-22)]
[Skipped][Addition] - [FE->BE] [P: CesComp,J55,(4482-11-51)] [O: CesConstraint,PACKAGED_COMP,(4482-11-22)]
[Skipped][Addition] - [FE->BE] [P: CesComp,J67,(4482-12-51)] [O: CesConstraint,PACKAGED_COMP,(4482-12-22)]
[Skipped][Addition] - [FE->BE] [P: CesComp,J68,(4482-13-51)] [O: CesConstraint,PACKAGED_COMP,(4482-13-22)]
[Skipped][Addition] - [FE->BE] [P: CesComp,J69,(4482-14-51)] [O: CesConstraint,PACKAGED_COMP,(4482-14-22)]
[Skipped][Addition] - [FE->BE] [P: CesComp,J70,(4482-15-51)] [O: CesConstraint,PACKAGED_COMP,(4482-15-22)]
[Skipped][Addition] - [FE->BE] [P: CesComp,J71,(4482-16-51)] [O: CesConstraint,PACKAGED_COMP,(4482-16-22)]
[Skipped][Addition] - [FE->BE] [P: CesComp,J72,(4482-17-51)] [O: CesConstraint,PACKAGED_COMP,(4482-17-22)]
[Skipped][Addition] - [FE->BE] [P: CesComp,J73,(4482-18-51)] [O: CesConstraint,PACKAGED_COMP,(4482-18-22)]
[Skipped][Addition] - [FE->BE] [P: CesComp,J74,(4482-19-51)] [O: CesConstraint,PACKAGED_COMP,(4482-19-22)]
[Skipped][Addition] - [FE->BE] [P: CesComp,J75,(4482-20-51)] [O: CesConstraint,PACKAGED_COMP,(4482-20-22)]
[Skipped][Addition] - [FE->BE] [P: CesComp,J76,(4482-21-51)] [O: CesConstraint,PACKAGED_COMP,(4482-21-22)]
[Skipped][Addition] - [FE->BE] [P: CesComp,J77,(4482-22-51)] [O: CesConstraint,PACKAGED_COMP,(4482-22-22)]
--------------------------------------------------------------------------------
 CES synchronization - END (2017-12-18 00:28:34) 
--------------------------------------------------------------------------------
--------------------------------------------------------------------------------
 Project integration - END (2017-12-18 00:28:34) 
--------------------------------------------------------------------------------
